<?xml version="1.0" encoding="UTF-8"?>
<testng-results total="8" passed="0" failed="0" skipped="8">
  <reporter-output>
  </reporter-output>
  <suite started-at="2020-02-09T23:29:25Z" name="Default suite" finished-at="2020-02-09T23:29:26Z" duration-ms="677">
    <groups>
    </groups>
    <test started-at="2020-02-09T23:29:25Z" name="Default test" finished-at="2020-02-09T23:29:26Z" duration-ms="677">
      <class name="pushNotificationTestcasesPostpaid.TC001_pushNotification_Forums_Postpaid">
        <test-method is-config="true" signature="setUp()[pri:0, instance:pushNotificationTestcasesPostpaid.TC001_pushNotification_Forums_Postpaid@4e268090]" started-at="2020-02-10T01:29:25Z" name="setUp" finished-at="2020-02-10T01:29:25Z" duration-ms="165" status="PASS">
          <reporter-output>
          </reporter-output>
        </test-method> <!-- setUp -->
        <test-method is-config="true" signature="initializeTestRun(org.testng.ITestContext)[pri:0, instance:pushNotificationTestcasesPostpaid.TC001_pushNotification_Forums_Postpaid@4e268090]" started-at="2020-02-10T01:29:25Z" name="initializeTestRun" finished-at="2020-02-10T01:29:25Z" duration-ms="11" status="PASS">
          <params>
            <param index="0">
              <value>
                <![CDATA[org.testng.TestRunner@10027fc9]]>
              </value>
            </param>
          </params>
          <reporter-output>
          </reporter-output>
        </test-method> <!-- initializeTestRun -->
        <test-method is-config="true" signature="baseTest()[pri:0, instance:pushNotificationTestcasesPostpaid.TC001_pushNotification_Forums_Postpaid@4e268090]" started-at="2020-02-10T01:29:25Z" name="baseTest" finished-at="2020-02-10T01:29:25Z" duration-ms="0" status="FAIL">
          <exception class="org.openqa.selenium.SessionNotCreatedException">
            <message>
              <![CDATA[Unable to create a new remote session. Please check the server log for more details. Original error: An unknown server-side error occurred while processing the command. Original error: Unknown device or simulator UDID: '00008020001C65101468002E'
Build info: version: '3.141.59', revision: 'e82be7d358', time: '2018-11-14T08:17:03'
System info: host: 'Nadia.local', ip: 'fd58:bad4:a579:e900:70a9:b3d8:7434:9882%en0', os.name: 'Mac OS X', os.arch: 'x86_64', os.version: '10.15.3', java.version: '11.0.1'
Driver info: driver.version: IOSDriver
remote stacktrace: UnknownError: An unknown server-side error occurred while processing the command. Original error: Unknown device or simulator UDID: '00008020001C65101468002E'
    at getResponseForW3CError (/Applications/Appium.app/Contents/Resources/app/node_modules/appium/node_modules/appium-base-driver/lib/protocol/errors.js:826:9)
    at asyncHandler (/Applications/Appium.app/Contents/Resources/app/node_modules/appium/node_modules/appium-base-driver/lib/protocol/protocol.js:447:37)
    at process._tickCallback (internal/process/next_tick.js:68:7)
Build info: version: '3.141.59', revision: 'e82be7d358', time: '2018-11-14T08:17:03'
System info: host: 'Nadia.local', ip: 'fd58:bad4:a579:e900:70a9:b3d8:7434:9882%en0', os.name: 'Mac OS X', os.arch: 'x86_64', os.version: '10.15.3', java.version: '11.0.1'
Driver info: driver.version: IOSDriver]]>
            </message>
            <full-stacktrace>
              <![CDATA[org.openqa.selenium.SessionNotCreatedException: Unable to create a new remote session. Please check the server log for more details. Original error: An unknown server-side error occurred while processing the command. Original error: Unknown device or simulator UDID: '00008020001C65101468002E'
Build info: version: '3.141.59', revision: 'e82be7d358', time: '2018-11-14T08:17:03'
System info: host: 'Nadia.local', ip: 'fd58:bad4:a579:e900:70a9:b3d8:7434:9882%en0', os.name: 'Mac OS X', os.arch: 'x86_64', os.version: '10.15.3', java.version: '11.0.1'
Driver info: driver.version: IOSDriver
remote stacktrace: UnknownError: An unknown server-side error occurred while processing the command. Original error: Unknown device or simulator UDID: '00008020001C65101468002E'
    at getResponseForW3CError (/Applications/Appium.app/Contents/Resources/app/node_modules/appium/node_modules/appium-base-driver/lib/protocol/errors.js:826:9)
    at asyncHandler (/Applications/Appium.app/Contents/Resources/app/node_modules/appium/node_modules/appium-base-driver/lib/protocol/protocol.js:447:37)
    at process._tickCallback (internal/process/next_tick.js:68:7)
Build info: version: '3.141.59', revision: 'e82be7d358', time: '2018-11-14T08:17:03'
System info: host: 'Nadia.local', ip: 'fd58:bad4:a579:e900:70a9:b3d8:7434:9882%en0', os.name: 'Mac OS X', os.arch: 'x86_64', os.version: '10.15.3', java.version: '11.0.1'
Driver info: driver.version: IOSDriver
	at io.appium.java_client.remote.AppiumCommandExecutor$1.createSession(AppiumCommandExecutor.java:208)
	at io.appium.java_client.remote.AppiumCommandExecutor.createSession(AppiumCommandExecutor.java:217)
	at io.appium.java_client.remote.AppiumCommandExecutor.execute(AppiumCommandExecutor.java:239)
	at org.openqa.selenium.remote.RemoteWebDriver.execute(RemoteWebDriver.java:552)
	at io.appium.java_client.DefaultGenericMobileDriver.execute(DefaultGenericMobileDriver.java:41)
	at io.appium.java_client.AppiumDriver.execute(AppiumDriver.java:1)
	at io.appium.java_client.ios.IOSDriver.execute(IOSDriver.java:1)
	at org.openqa.selenium.remote.RemoteWebDriver.startSession(RemoteWebDriver.java:213)
	at io.appium.java_client.AppiumDriver.startSession(AppiumDriver.java:336)
	at org.openqa.selenium.remote.RemoteWebDriver.<init>(RemoteWebDriver.java:131)
	at io.appium.java_client.DefaultGenericMobileDriver.<init>(DefaultGenericMobileDriver.java:37)
	at io.appium.java_client.AppiumDriver.<init>(AppiumDriver.java:88)
	at io.appium.java_client.AppiumDriver.<init>(AppiumDriver.java:98)
	at io.appium.java_client.ios.IOSDriver.<init>(IOSDriver.java:90)
	at testBase.MobileTestBase.baseTest(MobileTestBase.java:88)
	at java.base/jdk.internal.reflect.NativeMethodAccessorImpl.invoke0(Native Method)
	at java.base/jdk.internal.reflect.NativeMethodAccessorImpl.invoke(NativeMethodAccessorImpl.java:62)
	at java.base/jdk.internal.reflect.DelegatingMethodAccessorImpl.invoke(DelegatingMethodAccessorImpl.java:43)
	at java.base/java.lang.reflect.Method.invoke(Method.java:566)
	at org.testng.internal.MethodInvocationHelper.invokeMethod(MethodInvocationHelper.java:86)
	at org.testng.internal.Invoker.invokeConfigurationMethod(Invoker.java:514)
	at org.testng.internal.Invoker.invokeConfigurations(Invoker.java:215)
	at org.testng.internal.Invoker.invokeConfigurations(Invoker.java:142)
	at org.testng.internal.TestMethodWorker.invokeBeforeClassMethods(TestMethodWorker.java:178)
	at org.testng.internal.TestMethodWorker.run(TestMethodWorker.java:108)
	at org.testng.TestRunner.privateRun(TestRunner.java:782)
	at org.testng.TestRunner.run(TestRunner.java:632)
	at org.testng.SuiteRunner.runTest(SuiteRunner.java:366)
	at org.testng.SuiteRunner.runSequentially(SuiteRunner.java:361)
	at org.testng.SuiteRunner.privateRun(SuiteRunner.java:319)
	at org.testng.SuiteRunner.run(SuiteRunner.java:268)
	at org.testng.SuiteRunnerWorker.runSuite(SuiteRunnerWorker.java:52)
	at org.testng.SuiteRunnerWorker.run(SuiteRunnerWorker.java:86)
	at org.testng.TestNG.runSuitesSequentially(TestNG.java:1244)
	at org.testng.TestNG.runSuitesLocally(TestNG.java:1169)
	at org.testng.TestNG.run(TestNG.java:1064)
	at org.testng.remote.AbstractRemoteTestNG.run(AbstractRemoteTestNG.java:115)
	at org.testng.remote.RemoteTestNG.initAndRun(RemoteTestNG.java:251)
	at org.testng.remote.RemoteTestNG.main(RemoteTestNG.java:77)
Caused by: java.lang.reflect.InvocationTargetException
	at java.base/jdk.internal.reflect.NativeMethodAccessorImpl.invoke0(Native Method)
	at java.base/jdk.internal.reflect.NativeMethodAccessorImpl.invoke(NativeMethodAccessorImpl.java:62)
	at java.base/jdk.internal.reflect.DelegatingMethodAccessorImpl.invoke(DelegatingMethodAccessorImpl.java:43)
	at java.base/java.lang.reflect.Method.invoke(Method.java:566)
	at io.appium.java_client.remote.AppiumCommandExecutor$1.createSession(AppiumCommandExecutor.java:186)
	... 38 more
Caused by: org.openqa.selenium.WebDriverException: An unknown server-side error occurred while processing the command. Original error: Unknown device or simulator UDID: '00008020001C65101468002E'
Build info: version: '3.141.59', revision: 'e82be7d358', time: '2018-11-14T08:17:03'
System info: host: 'Nadia.local', ip: 'fd58:bad4:a579:e900:70a9:b3d8:7434:9882%en0', os.name: 'Mac OS X', os.arch: 'x86_64', os.version: '10.15.3', java.version: '11.0.1'
Driver info: driver.version: IOSDriver
remote stacktrace: UnknownError: An unknown server-side error occurred while processing the command. Original error: Unknown device or simulator UDID: '00008020001C65101468002E'
    at getResponseForW3CError (/Applications/Appium.app/Contents/Resources/app/node_modules/appium/node_modules/appium-base-driver/lib/protocol/errors.js:826:9)
    at asyncHandler (/Applications/Appium.app/Contents/Resources/app/node_modules/appium/node_modules/appium-base-driver/lib/protocol/protocol.js:447:37)
    at process._tickCallback (internal/process/next_tick.js:68:7)
	at java.base/jdk.internal.reflect.NativeConstructorAccessorImpl.newInstance0(Native Method)
	at java.base/jdk.internal.reflect.NativeConstructorAccessorImpl.newInstance(NativeConstructorAccessorImpl.java:62)
	at java.base/jdk.internal.reflect.DelegatingConstructorAccessorImpl.newInstance(DelegatingConstructorAccessorImpl.java:45)
	at java.base/java.lang.reflect.Constructor.newInstance(Constructor.java:490)
	at org.openqa.selenium.remote.W3CHandshakeResponse.lambda$errorHandler$0(W3CHandshakeResponse.java:62)
	at org.openqa.selenium.remote.HandshakeResponse.lambda$getResponseFunction$0(HandshakeResponse.java:30)
	at org.openqa.selenium.remote.ProtocolHandshake.lambda$createSession$0(ProtocolHandshake.java:126)
	at java.base/java.util.stream.ReferencePipeline$3$1.accept(ReferencePipeline.java:195)
	at java.base/java.util.Spliterators$ArraySpliterator.tryAdvance(Spliterators.java:958)
	at java.base/java.util.stream.ReferencePipeline.forEachWithCancel(ReferencePipeline.java:127)
	at java.base/java.util.stream.AbstractPipeline.copyIntoWithCancel(AbstractPipeline.java:502)
	at java.base/java.util.stream.AbstractPipeline.copyInto(AbstractPipeline.java:488)
	at java.base/java.util.stream.AbstractPipeline.wrapAndCopyInto(AbstractPipeline.java:474)
	at java.base/java.util.stream.FindOps$FindOp.evaluateSequential(FindOps.java:150)
	at java.base/java.util.stream.AbstractPipeline.evaluate(AbstractPipeline.java:234)
	at java.base/java.util.stream.ReferencePipeline.findFirst(ReferencePipeline.java:543)
	at org.openqa.selenium.remote.ProtocolHandshake.createSession(ProtocolHandshake.java:128)
	... 43 more
]]>
            </full-stacktrace>
          </exception> <!-- org.openqa.selenium.SessionNotCreatedException -->
          <reporter-output>
          </reporter-output>
        </test-method> <!-- baseTest -->
        <test-method signature="Step1_mobileLogin()[pri:1, instance:pushNotificationTestcasesPostpaid.TC001_pushNotification_Forums_Postpaid@4e268090]" started-at="2020-02-10T01:29:26Z" name="Step1_mobileLogin" finished-at="2020-02-10T01:29:26Z" duration-ms="1" status="SKIP">
          <reporter-output>
          </reporter-output>
        </test-method> <!-- Step1_mobileLogin -->
        <test-method is-config="true" signature="tearDown(org.testng.ITestResult)[pri:0, instance:pushNotificationTestcasesPostpaid.TC001_pushNotification_Forums_Postpaid@4e268090]" started-at="2020-02-10T01:29:26Z" name="tearDown" finished-at="2020-02-10T01:29:26Z" duration-ms="0" status="SKIP">
          <reporter-output>
          </reporter-output>
        </test-method> <!-- tearDown -->
        <test-method signature="Step2_HandlePushNotificationFromFrontgound()[pri:2, instance:pushNotificationTestcasesPostpaid.TC001_pushNotification_Forums_Postpaid@4e268090]" started-at="2020-02-10T01:29:26Z" name="Step2_HandlePushNotificationFromFrontgound" finished-at="2020-02-10T01:29:26Z" duration-ms="0" status="SKIP">
          <reporter-output>
          </reporter-output>
        </test-method> <!-- Step2_HandlePushNotificationFromFrontgound -->
        <test-method is-config="true" signature="tearDown(org.testng.ITestResult)[pri:0, instance:pushNotificationTestcasesPostpaid.TC001_pushNotification_Forums_Postpaid@4e268090]" started-at="2020-02-10T01:29:26Z" name="tearDown" finished-at="2020-02-10T01:29:26Z" duration-ms="0" status="SKIP">
          <reporter-output>
          </reporter-output>
        </test-method> <!-- tearDown -->
        <test-method signature="Step3_ValidateTheForumsPage_FrontGround()[pri:3, instance:pushNotificationTestcasesPostpaid.TC001_pushNotification_Forums_Postpaid@4e268090]" started-at="2020-02-10T01:29:26Z" name="Step3_ValidateTheForumsPage_FrontGround" finished-at="2020-02-10T01:29:26Z" duration-ms="1" status="SKIP">
          <reporter-output>
          </reporter-output>
        </test-method> <!-- Step3_ValidateTheForumsPage_FrontGround -->
        <test-method is-config="true" signature="tearDown(org.testng.ITestResult)[pri:0, instance:pushNotificationTestcasesPostpaid.TC001_pushNotification_Forums_Postpaid@4e268090]" started-at="2020-02-10T01:29:26Z" name="tearDown" finished-at="2020-02-10T01:29:26Z" duration-ms="0" status="SKIP">
          <reporter-output>
          </reporter-output>
        </test-method> <!-- tearDown -->
        <test-method signature="Step4_HandlePushNotification_FromBackground()[pri:4, instance:pushNotificationTestcasesPostpaid.TC001_pushNotification_Forums_Postpaid@4e268090]" started-at="2020-02-10T01:29:26Z" name="Step4_HandlePushNotification_FromBackground" finished-at="2020-02-10T01:29:26Z" duration-ms="2" status="SKIP">
          <reporter-output>
          </reporter-output>
        </test-method> <!-- Step4_HandlePushNotification_FromBackground -->
        <test-method is-config="true" signature="tearDown(org.testng.ITestResult)[pri:0, instance:pushNotificationTestcasesPostpaid.TC001_pushNotification_Forums_Postpaid@4e268090]" started-at="2020-02-10T01:29:26Z" name="tearDown" finished-at="2020-02-10T01:29:26Z" duration-ms="0" status="SKIP">
          <reporter-output>
          </reporter-output>
        </test-method> <!-- tearDown -->
        <test-method signature="Step5_ValidateTheForumsPage_Backround()[pri:5, instance:pushNotificationTestcasesPostpaid.TC001_pushNotification_Forums_Postpaid@4e268090]" started-at="2020-02-10T01:29:26Z" name="Step5_ValidateTheForumsPage_Backround" finished-at="2020-02-10T01:29:26Z" duration-ms="1" status="SKIP">
          <reporter-output>
          </reporter-output>
        </test-method> <!-- Step5_ValidateTheForumsPage_Backround -->
        <test-method is-config="true" signature="tearDown(org.testng.ITestResult)[pri:0, instance:pushNotificationTestcasesPostpaid.TC001_pushNotification_Forums_Postpaid@4e268090]" started-at="2020-02-10T01:29:26Z" name="tearDown" finished-at="2020-02-10T01:29:26Z" duration-ms="0" status="SKIP">
          <reporter-output>
          </reporter-output>
        </test-method> <!-- tearDown -->
        <test-method signature="Step6_HandlePushNotificationFromFrontgound_AfterKillingTheApp()[pri:6, instance:pushNotificationTestcasesPostpaid.TC001_pushNotification_Forums_Postpaid@4e268090]" started-at="2020-02-10T01:29:26Z" name="Step6_HandlePushNotificationFromFrontgound_AfterKillingTheApp" finished-at="2020-02-10T01:29:26Z" duration-ms="1" status="SKIP">
          <reporter-output>
          </reporter-output>
        </test-method> <!-- Step6_HandlePushNotificationFromFrontgound_AfterKillingTheApp -->
        <test-method is-config="true" signature="tearDown(org.testng.ITestResult)[pri:0, instance:pushNotificationTestcasesPostpaid.TC001_pushNotification_Forums_Postpaid@4e268090]" started-at="2020-02-10T01:29:26Z" name="tearDown" finished-at="2020-02-10T01:29:26Z" duration-ms="0" status="SKIP">
          <reporter-output>
          </reporter-output>
        </test-method> <!-- tearDown -->
        <test-method signature="Step7_ValidateTheForumsPage_AfterKillingTheApp()[pri:7, instance:pushNotificationTestcasesPostpaid.TC001_pushNotification_Forums_Postpaid@4e268090]" started-at="2020-02-10T01:29:26Z" name="Step7_ValidateTheForumsPage_AfterKillingTheApp" finished-at="2020-02-10T01:29:26Z" duration-ms="1" status="SKIP">
          <reporter-output>
          </reporter-output>
        </test-method> <!-- Step7_ValidateTheForumsPage_AfterKillingTheApp -->
        <test-method is-config="true" signature="tearDown(org.testng.ITestResult)[pri:0, instance:pushNotificationTestcasesPostpaid.TC001_pushNotification_Forums_Postpaid@4e268090]" started-at="2020-02-10T01:29:26Z" name="tearDown" finished-at="2020-02-10T01:29:26Z" duration-ms="0" status="SKIP">
          <reporter-output>
          </reporter-output>
        </test-method> <!-- tearDown -->
        <test-method signature="Step8_MobileLogout()[pri:8, instance:pushNotificationTestcasesPostpaid.TC001_pushNotification_Forums_Postpaid@4e268090]" started-at="2020-02-10T01:29:26Z" name="Step8_MobileLogout" finished-at="2020-02-10T01:29:26Z" duration-ms="1" status="SKIP">
          <reporter-output>
          </reporter-output>
        </test-method> <!-- Step8_MobileLogout -->
        <test-method is-config="true" signature="tearDown(org.testng.ITestResult)[pri:0, instance:pushNotificationTestcasesPostpaid.TC001_pushNotification_Forums_Postpaid@4e268090]" started-at="2020-02-10T01:29:26Z" name="tearDown" finished-at="2020-02-10T01:29:26Z" duration-ms="0" status="SKIP">
          <reporter-output>
          </reporter-output>
        </test-method> <!-- tearDown -->
        <test-method is-config="true" signature="tearDown()[pri:0, instance:pushNotificationTestcasesPostpaid.TC001_pushNotification_Forums_Postpaid@4e268090]" started-at="2020-02-10T01:29:26Z" name="tearDown" finished-at="2020-02-10T01:29:26Z" duration-ms="0" status="SKIP">
          <reporter-output>
          </reporter-output>
        </test-method> <!-- tearDown -->
        <test-method is-config="true" signature="tearDownSuite()[pri:0, instance:pushNotificationTestcasesPostpaid.TC001_pushNotification_Forums_Postpaid@4e268090]" started-at="2020-02-10T01:29:26Z" name="tearDownSuite" finished-at="2020-02-10T01:29:26Z" duration-ms="0" status="SKIP">
          <reporter-output>
          </reporter-output>
        </test-method> <!-- tearDownSuite -->
      </class> <!-- pushNotificationTestcasesPostpaid.TC001_pushNotification_Forums_Postpaid -->
    </test> <!-- Default test -->
  </suite> <!-- Default suite -->
</testng-results>
