<?xml version="1.0" encoding="UTF-8"?>
<!-- Generated by org.testng.reporters.JUnitXMLReporter -->
<testsuite hostname="Medhats-MacBook-Pro.local" name="DSL Push Notification" tests="104" failures="5" timestamp="5 Jan 2020 11:44:33 GMT" time="3507.722" errors="0">
  <testcase name="Step1_dslLogin" time="42.495" classname="pushNotificationTescasesDSL.TC011_pushNotification_BillNewMappingDeeplink_DSL"/>
  <testcase name="Step2_HandlePushNotificationFromFrontgound" time="4.439" classname="pushNotificationTescasesDSL.TC011_pushNotification_BillNewMappingDeeplink_DSL"/>
  <testcase name="Step3_ValidateTheBillsOverviewDeeplinkAction_FrontGround" time="30.042" classname="pushNotificationTescasesDSL.TC011_pushNotification_BillNewMappingDeeplink_DSL"/>
  <testcase name="Step4_HandlePushNotification_FromBackground" time="19.164" classname="pushNotificationTescasesDSL.TC011_pushNotification_BillNewMappingDeeplink_DSL"/>
  <testcase name="Step5_ValidateTheBillsOverviewDeeplinkAction_Backround" time="45.249" classname="pushNotificationTescasesDSL.TC011_pushNotification_BillNewMappingDeeplink_DSL"/>
  <testcase name="Step6_HandlePushNotificationFromFrontgound_AfterKillingTheApp" time="18.376" classname="pushNotificationTescasesDSL.TC011_pushNotification_BillNewMappingDeeplink_DSL"/>
  <testcase name="Step7_ValidateTheBillsOverviewDeeplinkAction_AfterKillingTheApp" time="44.813" classname="pushNotificationTescasesDSL.TC011_pushNotification_BillNewMappingDeeplink_DSL"/>
  <testcase name="Step8_MobileLogout" time="25.711" classname="pushNotificationTescasesDSL.TC011_pushNotification_BillNewMappingDeeplink_DSL"/>
  <testcase name="Step1_dslLogin" time="40.198" classname="pushNotificationTescasesDSL.TC008_pushNotification_BillDeeplink_DSL"/>
  <testcase name="Step2_HandlePushNotificationFromFrontgound" time="3.573" classname="pushNotificationTescasesDSL.TC008_pushNotification_BillDeeplink_DSL"/>
  <testcase name="Step3_ValidateTheBillsOverviewDeeplinkAction_FrontGround" time="28.361" classname="pushNotificationTescasesDSL.TC008_pushNotification_BillDeeplink_DSL"/>
  <testcase name="Step4_HandlePushNotification_FromBackground" time="18.506" classname="pushNotificationTescasesDSL.TC008_pushNotification_BillDeeplink_DSL"/>
  <testcase name="Step5_ValidateTheBillsOverviewDeeplinkAction_Backround" time="45.493" classname="pushNotificationTescasesDSL.TC008_pushNotification_BillDeeplink_DSL"/>
  <testcase name="Step6_HandlePushNotificationFromFrontgound_AfterKillingTheApp" time="18.279" classname="pushNotificationTescasesDSL.TC008_pushNotification_BillDeeplink_DSL"/>
  <testcase name="Step7_ValidateTheBillsOverviewDeeplinkAction_AfterKillingTheApp" time="45.004" classname="pushNotificationTescasesDSL.TC008_pushNotification_BillDeeplink_DSL"/>
  <testcase name="Step8_MobileLogout" time="26.792" classname="pushNotificationTescasesDSL.TC008_pushNotification_BillDeeplink_DSL"/>
  <testcase name="Stepd1_dslLogin" time="41.038" classname="pushNotificationTescasesDSL.TC014_pushNotification_TariffNewMapping_DSL_Postpaid"/>
  <testcase name="Step2_HandlePushNotificationFromForeground" time="4.359" classname="pushNotificationTescasesDSL.TC014_pushNotification_TariffNewMapping_DSL_Postpaid"/>
  <testcase name="Step3_ValidateTheTariffDeeplinkAction_FrontGround" time="48.3" classname="pushNotificationTescasesDSL.TC014_pushNotification_TariffNewMapping_DSL_Postpaid"/>
  <testcase name="Step4_HandlePushNotification_FromBackground" time="18.406" classname="pushNotificationTescasesDSL.TC014_pushNotification_TariffNewMapping_DSL_Postpaid"/>
  <testcase name="Step5_ValidateTheTariffDeeplinkAction_Backround" time="69.337" classname="pushNotificationTescasesDSL.TC014_pushNotification_TariffNewMapping_DSL_Postpaid"/>
  <testcase name="Step6_HandlePushNotificationFromFrontgound_AfterKillingTheApp" time="18.323" classname="pushNotificationTescasesDSL.TC014_pushNotification_TariffNewMapping_DSL_Postpaid"/>
  <testcase name="Step7_ValidateTheTariffDeeplinkAction_AfterKillingTheApp" time="69.348" classname="pushNotificationTescasesDSL.TC014_pushNotification_TariffNewMapping_DSL_Postpaid"/>
  <testcase name="Step8_dslLogout" time="25.409" classname="pushNotificationTescasesDSL.TC014_pushNotification_TariffNewMapping_DSL_Postpaid"/>
  <testcase name="Step1_dslLogin" time="40.183" classname="pushNotificationTescasesDSL.TC001_pushNotification_Home_DSL"/>
  <testcase name="Step3_ValidateTheHomePage_FrontGround" time="59.444" classname="pushNotificationTescasesDSL.TC001_pushNotification_Home_DSL"/>
  <testcase name="Step4_HandlePushNotification_FromBackground" time="18.251" classname="pushNotificationTescasesDSL.TC001_pushNotification_Home_DSL"/>
  <testcase name="Step5_ValidateTheHomePage_Backround" time="12.088" classname="pushNotificationTescasesDSL.TC001_pushNotification_Home_DSL"/>
  <testcase name="Step6_HandlePushNotificationFromFrontgound_AfterKillingTheApp" time="20.651" classname="pushNotificationTescasesDSL.TC001_pushNotification_Home_DSL">
    <failure type="org.openqa.selenium.NoSuchElementException" message="Can&amp;apos;t locate an element by this strategy: By.chained({By.id: NotificationCell})">
      <![CDATA[org.openqa.selenium.NoSuchElementException: Can't locate an element by this strategy: By.chained({By.id: NotificationCell})
	at io.appium.java_client.pagefactory.AppiumElementLocator.findElement(AppiumElementLocator.java:126)
	at io.appium.java_client.pagefactory.interceptors.InterceptorOfASingleElement.intercept(InterceptorOfASingleElement.java:59)
	at io.appium.java_client.ios.IOSElement$$EnhancerByCGLIB$$d311658.getId(<generated>)
	at utilities.CommonActions_Set.elementSwipe(CommonActions_Set.java:98)
	at ios_pages.NotificationLayerPage.openNotification(NotificationLayerPage.java:32)
	at ios_pages.HomePage.handlePushNotificationFromBackground(HomePage.java:106)
	at pushNotificationTescasesDSL.TC001_pushNotification_Home_DSL.Step6_HandlePushNotificationFromFrontgound_AfterKillingTheApp(TC001_pushNotification_Home_DSL.java:85)
Caused by: org.openqa.selenium.TimeoutException: Expected condition failed: waiting for io.appium.java_client.pagefactory.AppiumElementLocator$WaitingFunction@58a765ce (tried for 1 second(s) with 500 milliseconds interval)
	at org.openqa.selenium.support.ui.FluentWait.timeoutException(FluentWait.java:304)
	at org.openqa.selenium.support.ui.FluentWait.until(FluentWait.java:272)
	at io.appium.java_client.pagefactory.AppiumElementLocator.waitFor(AppiumElementLocator.java:99)
	at io.appium.java_client.pagefactory.AppiumElementLocator.findElement(AppiumElementLocator.java:119)
	... 30 more
Caused by: org.openqa.selenium.NoSuchElementException: Cannot locate an element using By.chained({By.id: NotificationCell})
For documentation on this error, please visit: https://www.seleniumhq.org/exceptions/no_such_element.html
Build info: version: '3.141.59', revision: 'e82be7d358', time: '2018-11-14T08:17:03'
System info: host: 'Medhats-MacBook-Pro.local', ip: 'fe80:0:0:0:10a8:a45e:4002:1a6%en0', os.name: 'Mac OS X', os.arch: 'x86_64', os.version: '10.14.6', java.version: '1.8.0_161'
Driver info: driver.version: IOSDriver
	at io.appium.java_client.pagefactory.bys.builder.ByChained.findElement(ByChained.java:74)
	at org.openqa.selenium.remote.RemoteWebDriver.findElement(RemoteWebDriver.java:315)
	at io.appium.java_client.DefaultGenericMobileDriver.findElement(DefaultGenericMobileDriver.java:57)
	at io.appium.java_client.AppiumDriver.findElement(AppiumDriver.java:1)
	at io.appium.java_client.ios.IOSDriver.findElement(IOSDriver.java:1)
	at io.appium.java_client.pagefactory.bys.ContentMappedBy.findElement(ContentMappedBy.java:50)
	at org.openqa.selenium.remote.RemoteWebDriver.findElement(RemoteWebDriver.java:315)
	at io.appium.java_client.DefaultGenericMobileDriver.findElement(DefaultGenericMobileDriver.java:57)
	at io.appium.java_client.AppiumDriver.findElement(AppiumDriver.java:1)
	at io.appium.java_client.ios.IOSDriver.findElement(IOSDriver.java:1)
	at io.appium.java_client.pagefactory.AppiumElementLocator.lambda$0(AppiumElementLocator.java:120)
	at io.appium.java_client.pagefactory.AppiumElementLocator$WaitingFunction.apply(AppiumElementLocator.java:172)
	at io.appium.java_client.pagefactory.AppiumElementLocator$WaitingFunction.apply(AppiumElementLocator.java:1)
	at org.openqa.selenium.support.ui.FluentWait.until(FluentWait.java:249)
	... 32 more
... Removed 24 stack frames]]>
    </failure>
  </testcase> <!-- Step6_HandlePushNotificationFromFrontgound_AfterKillingTheApp -->
  <testcase name="Step7_ValidateTheHomePage_AfterKillingTheApp" time="83.732" classname="pushNotificationTescasesDSL.TC001_pushNotification_Home_DSL"/>
  <testcase name="Step8_MobileLogout" time="26.184" classname="pushNotificationTescasesDSL.TC001_pushNotification_Home_DSL"/>
  <testcase name="Step2_HandlePushNotificationFromFrontgound" time="6.571" classname="pushNotificationTescasesDSL.TC001_pushNotification_Home_DSL">
    <failure type="org.openqa.selenium.NoSuchElementException" message="Can&amp;apos;t locate an element by this strategy: By.chained({By.id: Weiter})">
      <![CDATA[org.openqa.selenium.NoSuchElementException: Can't locate an element by this strategy: By.chained({By.id: Weiter})
	at io.appium.java_client.pagefactory.AppiumElementLocator.findElement(AppiumElementLocator.java:126)
	at io.appium.java_client.pagefactory.interceptors.InterceptorOfASingleElement.intercept(InterceptorOfASingleElement.java:59)
	at io.appium.java_client.ios.IOSElement$$EnhancerByCGLIB$$d311658.click(<generated>)
	at utilities.CommonActions_Set.Click(CommonActions_Set.java:41)
	at ios_pages.HomePage.handlePushNotificationFromForntground(HomePage.java:84)
	at pushNotificationTescasesDSL.TC001_pushNotification_Home_DSL.Step2_HandlePushNotificationFromFrontgound(TC001_pushNotification_Home_DSL.java:46)
Caused by: org.openqa.selenium.TimeoutException: Expected condition failed: waiting for io.appium.java_client.pagefactory.AppiumElementLocator$WaitingFunction@1291aab5 (tried for 1 second(s) with 500 milliseconds interval)
	at org.openqa.selenium.support.ui.FluentWait.timeoutException(FluentWait.java:304)
	at org.openqa.selenium.support.ui.FluentWait.until(FluentWait.java:272)
	at io.appium.java_client.pagefactory.AppiumElementLocator.waitFor(AppiumElementLocator.java:99)
	at io.appium.java_client.pagefactory.AppiumElementLocator.findElement(AppiumElementLocator.java:119)
	... 29 more
Caused by: org.openqa.selenium.NoSuchElementException: Cannot locate an element using By.chained({By.id: Weiter})
For documentation on this error, please visit: https://www.seleniumhq.org/exceptions/no_such_element.html
Build info: version: '3.141.59', revision: 'e82be7d358', time: '2018-11-14T08:17:03'
System info: host: 'Medhats-MacBook-Pro.local', ip: 'fe80:0:0:0:10a8:a45e:4002:1a6%en0', os.name: 'Mac OS X', os.arch: 'x86_64', os.version: '10.14.6', java.version: '1.8.0_161'
Driver info: driver.version: IOSDriver
	at io.appium.java_client.pagefactory.bys.builder.ByChained.findElement(ByChained.java:74)
	at org.openqa.selenium.remote.RemoteWebDriver.findElement(RemoteWebDriver.java:315)
	at io.appium.java_client.DefaultGenericMobileDriver.findElement(DefaultGenericMobileDriver.java:57)
	at io.appium.java_client.AppiumDriver.findElement(AppiumDriver.java:1)
	at io.appium.java_client.ios.IOSDriver.findElement(IOSDriver.java:1)
	at io.appium.java_client.pagefactory.bys.ContentMappedBy.findElement(ContentMappedBy.java:50)
	at org.openqa.selenium.remote.RemoteWebDriver.findElement(RemoteWebDriver.java:315)
	at io.appium.java_client.DefaultGenericMobileDriver.findElement(DefaultGenericMobileDriver.java:57)
	at io.appium.java_client.AppiumDriver.findElement(AppiumDriver.java:1)
	at io.appium.java_client.ios.IOSDriver.findElement(IOSDriver.java:1)
	at io.appium.java_client.pagefactory.AppiumElementLocator.lambda$0(AppiumElementLocator.java:120)
	at io.appium.java_client.pagefactory.AppiumElementLocator$WaitingFunction.apply(AppiumElementLocator.java:172)
	at io.appium.java_client.pagefactory.AppiumElementLocator$WaitingFunction.apply(AppiumElementLocator.java:1)
	at org.openqa.selenium.support.ui.FluentWait.until(FluentWait.java:249)
	... 31 more
... Removed 24 stack frames]]>
    </failure>
  </testcase> <!-- Step2_HandlePushNotificationFromFrontgound -->
  <testcase name="Stepd1_dslLogin" time="41.193" classname="pushNotificationTescasesDSL.TC013_pushNotification_MeinTariffNewMapping_DSL_Postpaid"/>
  <testcase name="Step2_HandlePushNotificationFromForeground" time="3.457" classname="pushNotificationTescasesDSL.TC013_pushNotification_MeinTariffNewMapping_DSL_Postpaid"/>
  <testcase name="Step3_ValidateTheTariffDeeplinkAction_FrontGround" time="48.125" classname="pushNotificationTescasesDSL.TC013_pushNotification_MeinTariffNewMapping_DSL_Postpaid"/>
  <testcase name="Step4_HandlePushNotification_FromBackground" time="18.343" classname="pushNotificationTescasesDSL.TC013_pushNotification_MeinTariffNewMapping_DSL_Postpaid"/>
  <testcase name="Step5_ValidateTheTariffDeeplinkAction_Backround" time="69.823" classname="pushNotificationTescasesDSL.TC013_pushNotification_MeinTariffNewMapping_DSL_Postpaid"/>
  <testcase name="Step6_HandlePushNotificationFromFrontgound_AfterKillingTheApp" time="18.342" classname="pushNotificationTescasesDSL.TC013_pushNotification_MeinTariffNewMapping_DSL_Postpaid"/>
  <testcase name="Step7_ValidateTheTariffDeeplinkAction_AfterKillingTheApp" time="69.495" classname="pushNotificationTescasesDSL.TC013_pushNotification_MeinTariffNewMapping_DSL_Postpaid"/>
  <testcase name="Step8_dslLogout" time="25.491" classname="pushNotificationTescasesDSL.TC013_pushNotification_MeinTariffNewMapping_DSL_Postpaid"/>
  <testcase name="Stepd1_dslLogin" time="41.26" classname="pushNotificationTescasesDSL.TC002_pushNotification_Tariff_DSL"/>
  <testcase name="Step2_HandlePushNotificationFromFrontgound" time="3.296" classname="pushNotificationTescasesDSL.TC002_pushNotification_Tariff_DSL"/>
  <testcase name="Step3_ValidateTheTariffDeeplinkAction_FrontGround" time="48.234" classname="pushNotificationTescasesDSL.TC002_pushNotification_Tariff_DSL"/>
  <testcase name="Step4_HandlePushNotification_FromBackground" time="18.439" classname="pushNotificationTescasesDSL.TC002_pushNotification_Tariff_DSL"/>
  <testcase name="Step5_ValidateTheTariffDeeplinkAction_Backround" time="71.343" classname="pushNotificationTescasesDSL.TC002_pushNotification_Tariff_DSL"/>
  <testcase name="Step6_HandlePushNotificationFromFrontgound_AfterKillingTheApp" time="18.309" classname="pushNotificationTescasesDSL.TC002_pushNotification_Tariff_DSL"/>
  <testcase name="Step7_ValidateTheTariffDeeplinkAction_AfterKillingTheApp" time="70.189" classname="pushNotificationTescasesDSL.TC002_pushNotification_Tariff_DSL"/>
  <testcase name="Step8_dslLogout" time="25.366" classname="pushNotificationTescasesDSL.TC002_pushNotification_Tariff_DSL"/>
  <testcase name="Step1_mobileLogin" time="40.772" classname="pushNotificationTescasesDSL.TC004_pushNotification_shopFinder_DSL"/>
  <testcase name="Step2_HandlePushNotificationFromFrontgound" time="3.469" classname="pushNotificationTescasesDSL.TC004_pushNotification_shopFinder_DSL"/>
  <testcase name="Step3_ValidateTheShopfinderPage_FrontGround" time="5.496" classname="pushNotificationTescasesDSL.TC004_pushNotification_shopFinder_DSL">
    <failure type="org.openqa.selenium.NoSuchElementException" message="Can&amp;apos;t locate an element by this strategy: By.chained({By.id: OK})">
      <![CDATA[org.openqa.selenium.NoSuchElementException: Can't locate an element by this strategy: By.chained({By.id: OK})
	at io.appium.java_client.pagefactory.AppiumElementLocator.findElement(AppiumElementLocator.java:126)
	at io.appium.java_client.pagefactory.interceptors.InterceptorOfASingleElement.intercept(InterceptorOfASingleElement.java:59)
	at io.appium.java_client.ios.IOSElement$$EnhancerByCGLIB$$d311658.click(<generated>)
	at utilities.CommonActions_Set.Click(CommonActions_Set.java:41)
	at ios_pages.PushedNotificationPagesValidator_DSL.validateShopFinderPage(PushedNotificationPagesValidator_DSL.java:199)
	at pushNotificationTescasesDSL.TC004_pushNotification_shopFinder_DSL.Step3_ValidateTheShopfinderPage_FrontGround(TC004_pushNotification_shopFinder_DSL.java:58)
Caused by: org.openqa.selenium.TimeoutException: Expected condition failed: waiting for io.appium.java_client.pagefactory.AppiumElementLocator$WaitingFunction@5aac6f9f (tried for 1 second(s) with 500 milliseconds interval)
	at org.openqa.selenium.support.ui.FluentWait.timeoutException(FluentWait.java:304)
	at org.openqa.selenium.support.ui.FluentWait.until(FluentWait.java:272)
	at io.appium.java_client.pagefactory.AppiumElementLocator.waitFor(AppiumElementLocator.java:99)
	at io.appium.java_client.pagefactory.AppiumElementLocator.findElement(AppiumElementLocator.java:119)
	... 29 more
Caused by: org.openqa.selenium.NoSuchElementException: Cannot locate an element using By.chained({By.id: OK})
For documentation on this error, please visit: https://www.seleniumhq.org/exceptions/no_such_element.html
Build info: version: '3.141.59', revision: 'e82be7d358', time: '2018-11-14T08:17:03'
System info: host: 'Medhats-MacBook-Pro.local', ip: 'fe80:0:0:0:10a8:a45e:4002:1a6%en0', os.name: 'Mac OS X', os.arch: 'x86_64', os.version: '10.14.6', java.version: '1.8.0_161'
Driver info: driver.version: IOSDriver
	at io.appium.java_client.pagefactory.bys.builder.ByChained.findElement(ByChained.java:74)
	at org.openqa.selenium.remote.RemoteWebDriver.findElement(RemoteWebDriver.java:315)
	at io.appium.java_client.DefaultGenericMobileDriver.findElement(DefaultGenericMobileDriver.java:57)
	at io.appium.java_client.AppiumDriver.findElement(AppiumDriver.java:1)
	at io.appium.java_client.ios.IOSDriver.findElement(IOSDriver.java:1)
	at io.appium.java_client.pagefactory.bys.ContentMappedBy.findElement(ContentMappedBy.java:50)
	at org.openqa.selenium.remote.RemoteWebDriver.findElement(RemoteWebDriver.java:315)
	at io.appium.java_client.DefaultGenericMobileDriver.findElement(DefaultGenericMobileDriver.java:57)
	at io.appium.java_client.AppiumDriver.findElement(AppiumDriver.java:1)
	at io.appium.java_client.ios.IOSDriver.findElement(IOSDriver.java:1)
	at io.appium.java_client.pagefactory.AppiumElementLocator.lambda$0(AppiumElementLocator.java:120)
	at io.appium.java_client.pagefactory.AppiumElementLocator$WaitingFunction.apply(AppiumElementLocator.java:172)
	at io.appium.java_client.pagefactory.AppiumElementLocator$WaitingFunction.apply(AppiumElementLocator.java:1)
	at org.openqa.selenium.support.ui.FluentWait.until(FluentWait.java:249)
	... 31 more
... Removed 24 stack frames]]>
    </failure>
  </testcase> <!-- Step3_ValidateTheShopfinderPage_FrontGround -->
  <testcase name="Step4_HandlePushNotification_FromBackground" time="18.483" classname="pushNotificationTescasesDSL.TC004_pushNotification_shopFinder_DSL"/>
  <testcase name="Step5_ValidateTheShopfinderPage_Backround" time="5.336" classname="pushNotificationTescasesDSL.TC004_pushNotification_shopFinder_DSL">
    <failure type="org.openqa.selenium.NoSuchElementException" message="Can&amp;apos;t locate an element by this strategy: By.chained({By.id: OK})">
      <![CDATA[org.openqa.selenium.NoSuchElementException: Can't locate an element by this strategy: By.chained({By.id: OK})
	at io.appium.java_client.pagefactory.AppiumElementLocator.findElement(AppiumElementLocator.java:126)
	at io.appium.java_client.pagefactory.interceptors.InterceptorOfASingleElement.intercept(InterceptorOfASingleElement.java:59)
	at io.appium.java_client.ios.IOSElement$$EnhancerByCGLIB$$d311658.click(<generated>)
	at utilities.CommonActions_Set.Click(CommonActions_Set.java:41)
	at ios_pages.PushedNotificationPagesValidator_DSL.validateShopFinderPage(PushedNotificationPagesValidator_DSL.java:199)
	at pushNotificationTescasesDSL.TC004_pushNotification_shopFinder_DSL.Step5_ValidateTheShopfinderPage_Backround(TC004_pushNotification_shopFinder_DSL.java:77)
Caused by: org.openqa.selenium.TimeoutException: Expected condition failed: waiting for io.appium.java_client.pagefactory.AppiumElementLocator$WaitingFunction@e7e455d (tried for 1 second(s) with 500 milliseconds interval)
	at org.openqa.selenium.support.ui.FluentWait.timeoutException(FluentWait.java:304)
	at org.openqa.selenium.support.ui.FluentWait.until(FluentWait.java:272)
	at io.appium.java_client.pagefactory.AppiumElementLocator.waitFor(AppiumElementLocator.java:99)
	at io.appium.java_client.pagefactory.AppiumElementLocator.findElement(AppiumElementLocator.java:119)
	... 29 more
Caused by: org.openqa.selenium.NoSuchElementException: Cannot locate an element using By.chained({By.id: OK})
For documentation on this error, please visit: https://www.seleniumhq.org/exceptions/no_such_element.html
Build info: version: '3.141.59', revision: 'e82be7d358', time: '2018-11-14T08:17:03'
System info: host: 'Medhats-MacBook-Pro.local', ip: 'fe80:0:0:0:10a8:a45e:4002:1a6%en0', os.name: 'Mac OS X', os.arch: 'x86_64', os.version: '10.14.6', java.version: '1.8.0_161'
Driver info: driver.version: IOSDriver
	at io.appium.java_client.pagefactory.bys.builder.ByChained.findElement(ByChained.java:74)
	at org.openqa.selenium.remote.RemoteWebDriver.findElement(RemoteWebDriver.java:315)
	at io.appium.java_client.DefaultGenericMobileDriver.findElement(DefaultGenericMobileDriver.java:57)
	at io.appium.java_client.AppiumDriver.findElement(AppiumDriver.java:1)
	at io.appium.java_client.ios.IOSDriver.findElement(IOSDriver.java:1)
	at io.appium.java_client.pagefactory.bys.ContentMappedBy.findElement(ContentMappedBy.java:50)
	at org.openqa.selenium.remote.RemoteWebDriver.findElement(RemoteWebDriver.java:315)
	at io.appium.java_client.DefaultGenericMobileDriver.findElement(DefaultGenericMobileDriver.java:57)
	at io.appium.java_client.AppiumDriver.findElement(AppiumDriver.java:1)
	at io.appium.java_client.ios.IOSDriver.findElement(IOSDriver.java:1)
	at io.appium.java_client.pagefactory.AppiumElementLocator.lambda$0(AppiumElementLocator.java:120)
	at io.appium.java_client.pagefactory.AppiumElementLocator$WaitingFunction.apply(AppiumElementLocator.java:172)
	at io.appium.java_client.pagefactory.AppiumElementLocator$WaitingFunction.apply(AppiumElementLocator.java:1)
	at org.openqa.selenium.support.ui.FluentWait.until(FluentWait.java:249)
	... 31 more
... Removed 24 stack frames]]>
    </failure>
  </testcase> <!-- Step5_ValidateTheShopfinderPage_Backround -->
  <testcase name="Step6_HandlePushNotificationFromFrontgound_AfterKillingTheApp" time="18.27" classname="pushNotificationTescasesDSL.TC004_pushNotification_shopFinder_DSL"/>
  <testcase name="Step7_ValidateTheShopfinderPage_AfterKillingTheApp" time="5.628" classname="pushNotificationTescasesDSL.TC004_pushNotification_shopFinder_DSL">
    <failure type="org.openqa.selenium.NoSuchElementException" message="Can&amp;apos;t locate an element by this strategy: By.chained({By.id: OK})">
      <![CDATA[org.openqa.selenium.NoSuchElementException: Can't locate an element by this strategy: By.chained({By.id: OK})
	at io.appium.java_client.pagefactory.AppiumElementLocator.findElement(AppiumElementLocator.java:126)
	at io.appium.java_client.pagefactory.interceptors.InterceptorOfASingleElement.intercept(InterceptorOfASingleElement.java:59)
	at io.appium.java_client.ios.IOSElement$$EnhancerByCGLIB$$d311658.click(<generated>)
	at utilities.CommonActions_Set.Click(CommonActions_Set.java:41)
	at ios_pages.PushedNotificationPagesValidator_DSL.validateShopFinderPage(PushedNotificationPagesValidator_DSL.java:199)
	at pushNotificationTescasesDSL.TC004_pushNotification_shopFinder_DSL.Step7_ValidateTheShopfinderPage_AfterKillingTheApp(TC004_pushNotification_shopFinder_DSL.java:96)
Caused by: org.openqa.selenium.TimeoutException: Expected condition failed: waiting for io.appium.java_client.pagefactory.AppiumElementLocator$WaitingFunction@6be8ce1b (tried for 1 second(s) with 500 milliseconds interval)
	at org.openqa.selenium.support.ui.FluentWait.timeoutException(FluentWait.java:304)
	at org.openqa.selenium.support.ui.FluentWait.until(FluentWait.java:272)
	at io.appium.java_client.pagefactory.AppiumElementLocator.waitFor(AppiumElementLocator.java:99)
	at io.appium.java_client.pagefactory.AppiumElementLocator.findElement(AppiumElementLocator.java:119)
	... 29 more
Caused by: org.openqa.selenium.NoSuchElementException: Cannot locate an element using By.chained({By.id: OK})
For documentation on this error, please visit: https://www.seleniumhq.org/exceptions/no_such_element.html
Build info: version: '3.141.59', revision: 'e82be7d358', time: '2018-11-14T08:17:03'
System info: host: 'Medhats-MacBook-Pro.local', ip: 'fe80:0:0:0:10a8:a45e:4002:1a6%en0', os.name: 'Mac OS X', os.arch: 'x86_64', os.version: '10.14.6', java.version: '1.8.0_161'
Driver info: driver.version: IOSDriver
	at io.appium.java_client.pagefactory.bys.builder.ByChained.findElement(ByChained.java:74)
	at org.openqa.selenium.remote.RemoteWebDriver.findElement(RemoteWebDriver.java:315)
	at io.appium.java_client.DefaultGenericMobileDriver.findElement(DefaultGenericMobileDriver.java:57)
	at io.appium.java_client.AppiumDriver.findElement(AppiumDriver.java:1)
	at io.appium.java_client.ios.IOSDriver.findElement(IOSDriver.java:1)
	at io.appium.java_client.pagefactory.bys.ContentMappedBy.findElement(ContentMappedBy.java:50)
	at org.openqa.selenium.remote.RemoteWebDriver.findElement(RemoteWebDriver.java:315)
	at io.appium.java_client.DefaultGenericMobileDriver.findElement(DefaultGenericMobileDriver.java:57)
	at io.appium.java_client.AppiumDriver.findElement(AppiumDriver.java:1)
	at io.appium.java_client.ios.IOSDriver.findElement(IOSDriver.java:1)
	at io.appium.java_client.pagefactory.AppiumElementLocator.lambda$0(AppiumElementLocator.java:120)
	at io.appium.java_client.pagefactory.AppiumElementLocator$WaitingFunction.apply(AppiumElementLocator.java:172)
	at io.appium.java_client.pagefactory.AppiumElementLocator$WaitingFunction.apply(AppiumElementLocator.java:1)
	at org.openqa.selenium.support.ui.FluentWait.until(FluentWait.java:249)
	... 31 more
... Removed 24 stack frames]]>
    </failure>
  </testcase> <!-- Step7_ValidateTheShopfinderPage_AfterKillingTheApp -->
  <testcase name="Step8_dslLogout" time="38.261" classname="pushNotificationTescasesDSL.TC004_pushNotification_shopFinder_DSL"/>
  <testcase name="Step1_mobileLogin" time="40.438" classname="pushNotificationTescasesDSL.TC005_pushNotification_FAQ_DSL"/>
  <testcase name="Step2_HandlePushNotificationFromForeground" time="3.477" classname="pushNotificationTescasesDSL.TC005_pushNotification_FAQ_DSL"/>
  <testcase name="Step3_ValidateTheFAQDeeplinkAction_FrontGround" time="25.01" classname="pushNotificationTescasesDSL.TC005_pushNotification_FAQ_DSL"/>
  <testcase name="Step4_HandlePushNotification_FromBackground" time="18.19" classname="pushNotificationTescasesDSL.TC005_pushNotification_FAQ_DSL"/>
  <testcase name="Step5_ValidateTheFAQDeeplinkAction_Backround" time="43.057" classname="pushNotificationTescasesDSL.TC005_pushNotification_FAQ_DSL"/>
  <testcase name="Step6_HandlePushNotificationFromFrontgound_AfterKillingTheApp" time="18.321" classname="pushNotificationTescasesDSL.TC005_pushNotification_FAQ_DSL"/>
  <testcase name="Step7_ValidateTheFAQDeeplinkAction_AfterKillingTheApp" time="42.055" classname="pushNotificationTescasesDSL.TC005_pushNotification_FAQ_DSL"/>
  <testcase name="Step8_dslLogout" time="25.723" classname="pushNotificationTescasesDSL.TC005_pushNotification_FAQ_DSL"/>
  <testcase name="Step1_dslLogin" time="40.943" classname="pushNotificationTescasesDSL.TC007_pushNotification_InvalidForumsDeeplink_DSL"/>
  <testcase name="Step2_HandlePushNotificationFromFrontgound" time="3.646" classname="pushNotificationTescasesDSL.TC007_pushNotification_InvalidForumsDeeplink_DSL"/>
  <testcase name="Step3_ValidateTheInvalidForumsDeeplinkAction_FrontGround" time="8.213" classname="pushNotificationTescasesDSL.TC007_pushNotification_InvalidForumsDeeplink_DSL"/>
  <testcase name="Step4_HandlePushNotification_FromBackground" time="18.516" classname="pushNotificationTescasesDSL.TC007_pushNotification_InvalidForumsDeeplink_DSL"/>
  <testcase name="Step5_ValidateTheInvalidForumsDeeplinkAction_Backround" time="11.085" classname="pushNotificationTescasesDSL.TC007_pushNotification_InvalidForumsDeeplink_DSL"/>
  <testcase name="Step6_HandlePushNotificationFromFrontgound_AfterKillingTheApp" time="19.271" classname="pushNotificationTescasesDSL.TC007_pushNotification_InvalidForumsDeeplink_DSL"/>
  <testcase name="Step7_ValidateTheInvalidForumsDeeplinkAction_AfterKillingTheApp" time="11.522" classname="pushNotificationTescasesDSL.TC007_pushNotification_InvalidForumsDeeplink_DSL"/>
  <testcase name="Step8_MobileLogout" time="25.726" classname="pushNotificationTescasesDSL.TC007_pushNotification_InvalidForumsDeeplink_DSL"/>
  <testcase name="Step1_dslLogin" time="40.693" classname="pushNotificationTescasesDSL.TC009_pushNotification_DataDeeplink_DSL"/>
  <testcase name="Step2_HandlePushNotificationFromFrontgound" time="3.684" classname="pushNotificationTescasesDSL.TC009_pushNotification_DataDeeplink_DSL"/>
  <testcase name="Step3_ValidateTheMeineDatenDeeplinkAction_FrontGround" time="61.708" classname="pushNotificationTescasesDSL.TC009_pushNotification_DataDeeplink_DSL"/>
  <testcase name="Step4_HandlePushNotification_FromBackground" time="18.793" classname="pushNotificationTescasesDSL.TC009_pushNotification_DataDeeplink_DSL"/>
  <testcase name="Step5_ValidateTheMeineDatenDeeplinkAction_Backround" time="131.673" classname="pushNotificationTescasesDSL.TC009_pushNotification_DataDeeplink_DSL"/>
  <testcase name="Step6_HandlePushNotificationFromFrontgound_AfterKillingTheApp" time="17.835" classname="pushNotificationTescasesDSL.TC009_pushNotification_DataDeeplink_DSL"/>
  <testcase name="Step7_ValidateTheMeineDatenDeeplinkAction_AfterKillingTheApp" time="137.224" classname="pushNotificationTescasesDSL.TC009_pushNotification_DataDeeplink_DSL"/>
  <testcase name="Step8_MobileLogout" time="21.655" classname="pushNotificationTescasesDSL.TC009_pushNotification_DataDeeplink_DSL"/>
  <testcase name="Stepd1_dslLogin" time="36.562" classname="pushNotificationTescasesDSL.TC003_pushNotification_SpeedTest_DSL"/>
  <testcase name="Step2_HandlePushNotificationFromFrontgound" time="3.064" classname="pushNotificationTescasesDSL.TC003_pushNotification_SpeedTest_DSL"/>
  <testcase name="Step3_ValidateTheSpeedTestDeeplinkAction_FrontGround" time="25.489" classname="pushNotificationTescasesDSL.TC003_pushNotification_SpeedTest_DSL"/>
  <testcase name="Step4_HandlePushNotification_FromBackground" time="17.846" classname="pushNotificationTescasesDSL.TC003_pushNotification_SpeedTest_DSL"/>
  <testcase name="Step5_ValidateTheSpeedtestDeeplinkAction_Backround" time="60.366" classname="pushNotificationTescasesDSL.TC003_pushNotification_SpeedTest_DSL"/>
  <testcase name="Step6_HandlePushNotificationFromFrontgound_AfterKillingTheApp" time="17.729" classname="pushNotificationTescasesDSL.TC003_pushNotification_SpeedTest_DSL"/>
  <testcase name="Step7_ValidateTheSpeedtestDeeplinkAction_AfterKillingTheApp" time="60.49" classname="pushNotificationTescasesDSL.TC003_pushNotification_SpeedTest_DSL"/>
  <testcase name="Step8_dslLogout" time="22.027" classname="pushNotificationTescasesDSL.TC003_pushNotification_SpeedTest_DSL"/>
  <testcase name="Step1_dslLogin" time="35.528" classname="pushNotificationTescasesDSL.TC012_pushNotification_DataNewMappingDeeplink_DSL_Postpaid"/>
  <testcase name="Step2_HandlePushNotificationFromForeground" time="3.128" classname="pushNotificationTescasesDSL.TC012_pushNotification_DataNewMappingDeeplink_DSL_Postpaid"/>
  <testcase name="Step3_ValidateTheMeineDatenDeeplinkAction_FrontGround" time="82.582" classname="pushNotificationTescasesDSL.TC012_pushNotification_DataNewMappingDeeplink_DSL_Postpaid"/>
  <testcase name="Step4_HandlePushNotification_FromBackground" time="18.267" classname="pushNotificationTescasesDSL.TC012_pushNotification_DataNewMappingDeeplink_DSL_Postpaid"/>
  <testcase name="Step5_ValidateTheMeineDatenDeeplinkAction_Backround" time="127.08" classname="pushNotificationTescasesDSL.TC012_pushNotification_DataNewMappingDeeplink_DSL_Postpaid"/>
  <testcase name="Step6_HandlePushNotificationFromFrontgound_AfterKillingTheApp" time="18.026" classname="pushNotificationTescasesDSL.TC012_pushNotification_DataNewMappingDeeplink_DSL_Postpaid"/>
  <testcase name="Step7_ValidateTheMeineDatenDeeplinkAction_AfterKillingTheApp" time="134.497" classname="pushNotificationTescasesDSL.TC012_pushNotification_DataNewMappingDeeplink_DSL_Postpaid"/>
  <testcase name="Step8_MobileLogout" time="23.626" classname="pushNotificationTescasesDSL.TC012_pushNotification_DataNewMappingDeeplink_DSL_Postpaid"/>
  <testcase name="Step1_dslLogin" time="35.6" classname="pushNotificationTescasesDSL.TC010_pushNotification_OrderDeeplink_DSL"/>
  <testcase name="Step2_HandlePushNotificationFromFrontgound" time="3.006" classname="pushNotificationTescasesDSL.TC010_pushNotification_OrderDeeplink_DSL"/>
  <testcase name="Step3_ValidateTheOrdersDeeplinkAction_FrontGround" time="19.832" classname="pushNotificationTescasesDSL.TC010_pushNotification_OrderDeeplink_DSL"/>
  <testcase name="Step4_HandlePushNotification_FromBackground" time="17.826" classname="pushNotificationTescasesDSL.TC010_pushNotification_OrderDeeplink_DSL"/>
  <testcase name="Step5_ValidateTheOrdersDeeplinkAction_Backround" time="35.539" classname="pushNotificationTescasesDSL.TC010_pushNotification_OrderDeeplink_DSL"/>
  <testcase name="Step6_HandlePushNotificationFromFrontgound_AfterKillingTheApp" time="17.838" classname="pushNotificationTescasesDSL.TC010_pushNotification_OrderDeeplink_DSL"/>
  <testcase name="Step7_ValidateTheOrdersDeeplinkAction_AfterKillingTheApp" time="39.653" classname="pushNotificationTescasesDSL.TC010_pushNotification_OrderDeeplink_DSL"/>
  <testcase name="Step8_MobileLogout" time="21.978" classname="pushNotificationTescasesDSL.TC010_pushNotification_OrderDeeplink_DSL"/>
</testsuite> <!-- DSL Push Notification -->
