<?xml version="1.0" encoding="UTF-8"?>
<!-- Generated by org.testng.reporters.JUnitReportReporter -->
<testsuite hostname="Medhats-MacBook-Pro.local" name="pushNotificationTescasesDSL.TC006_pushNotification_Forums_DSL" tests="8" failures="0" timestamp="5 Jan 2020 08:50:36 GMT" time="0.005" errors="8">
  <testcase name="Step1_mobileLogin" time="0.001" classname="pushNotificationTescasesDSL.TC006_pushNotification_Forums_DSL">
    <error type="org.openqa.selenium.SessionNotCreatedException" message="Unable to create a new remote session. Please check the server log for more details. Original error: An unknown server-side error occurred while processing the command. Original error: Unable to launch WebDriverAgent because of xcodebuild failure: xcodebuild failed with code 65
xcodebuild error message:

2020-01-05 10:50:10.315 xcodebuild[11324:1129826] Error Domain=com.apple.platform.iphoneos Code=-12 &quot;Unable to launch com.facebook20120300.WebDriverAgentRunner.xctrunner&quot; UserInfo={NSLocalizedDescription=Unable to launch com.facebook20120300.WebDriverAgentRunner.xctrunner, NSUnderlyingError=0x7f91b8551f60 {Error Domain=DTXMessage Code=1 &quot;The operation couldn’t be completed. Unable to launch com.facebook20120300.WebDriverAgentRunner.xctrunner because it has an invalid code signature, inadequate entitlements or its profile has not been explicitly trusted by the user. : Failed to launch process with bundle identifier &#039;com.facebook20120300.WebDriverAgentRunner.xctrunner&#039;&quot; UserInfo={NSLocalizedDescription=The operation couldn’t be completed. Unable to launch com.facebook20120300.WebDriverAgentRunner.xctrunner because it has an invalid code signature, inadequate entitlements or its profile has not been explicitly trusted by the user. : Failed to launch process with bundle identifier &#039;com.facebook20120300.WebDriverAgentRunner.xctrunner&#039;}}}
Test session results, code coverage, and logs:
	/Users/medhatali/Library/Developer/Xcode/DerivedData/WebDriverAgent-ciegwgvxzxdrqthilmrmczmqvrgu/Logs/Test/Test-WebDriverAgentRunner-2020.01.05_10-50-03-+0200.xcresult
Testing started on &#039;iPhone 222&#039;
Testing failed:
	WebDriverAgentRunner:
		WebDriverAgentRunner-Runner.app encountered an error (Failed to install or launch the test runner. (Underlying error: Unable to launch com.facebook20120300.WebDriverAgentRunner.xctrunner. (Underlying error: The operation couldn’t be completed. Unable to launch com.facebook20120300.WebDriverAgentRunner.xctrunner because it has an invalid code signature, inadequate entitlements or its profile has not been explicitly trusted by the user. : Failed to launch process with bundle identifier &#039;com.facebook20120300.WebDriverAgentRunner.xctrunner&#039;)))
** TEST EXECUTE FAILED **. Make sure you follow the tutorial at https://github.com/appium/appium-xcuitest-driver/blob/master/docs/real-device-config.md. Try to remove the WebDriverAgentRunner application from the device if it is installed and reboot the device.
Build info: version: &#039;3.141.59&#039;, revision: &#039;e82be7d358&#039;, time: &#039;2018-11-14T08:17:03&#039;
System info: host: &#039;Medhats-MacBook-Pro.local&#039;, ip: &#039;fe80:0:0:0:10a8:a45e:4002:1a6%en0&#039;, os.name: &#039;Mac OS X&#039;, os.arch: &#039;x86_64&#039;, os.version: &#039;10.14.6&#039;, java.version: &#039;1.8.0_161&#039;
Driver info: driver.version: IOSDriver
remote stacktrace: UnknownError: An unknown server-side error occurred while processing the command. Original error: Unable to launch WebDriverAgent because of xcodebuild failure: xcodebuild failed with code 65
xcodebuild error message:

2020-01-05 10:50:10.315 xcodebuild[11324:1129826] Error Domain=com.apple.platform.iphoneos Code=-12 &quot;Unable to launch com.facebook20120300.WebDriverAgentRunner.xctrunner&quot; UserInfo={NSLocalizedDescription=Unable to launch com.facebook20120300.WebDriverAgentRunner.xctrunner, NSUnderlyingError=0x7f91b8551f60 {Error Domain=DTXMessage Code=1 &quot;The operation couldn’t be completed. Unable to launch com.facebook20120300.WebDriverAgentRunner.xctrunner because it has an invalid code signature, inadequate entitlements or its profile has not been explicitly trusted by the user. : Failed to launch process with bundle identifier &#039;com.facebook20120300.WebDriverAgentRunner.xctrunner&#039;&quot; UserInfo={NSLocalizedDescription=The operation couldn’t be completed. Unable to launch com.facebook20120300.WebDriverAgentRunner.xctrunner because it has an invalid code signature, inadequate entitlements or its profile has not been explicitly trusted by the user. : Failed to launch process with bundle identifier &#039;com.facebook20120300.WebDriverAgentRunner.xctrunner&#039;}}}
Test session results, code coverage, and logs:
	/Users/medhatali/Library/Developer/Xcode/DerivedData/WebDriverAgent-ciegwgvxzxdrqthilmrmczmqvrgu/Logs/Test/Test-WebDriverAgentRunner-2020.01.05_10-50-03-+0200.xcresult
Testing started on &#039;iPhone 222&#039;
Testing failed:
	WebDriverAgentRunner:
		WebDriverAgentRunner-Runner.app encountered an error (Failed to install or launch the test runner. (Underlying error: Unable to launch com.facebook20120300.WebDriverAgentRunner.xctrunner. (Underlying error: The operation couldn’t be completed. Unable to launch com.facebook20120300.WebDriverAgentRunner.xctrunner because it has an invalid code signature, inadequate entitlements or its profile has not been explicitly trusted by the user. : Failed to launch process with bundle identifier &#039;com.facebook20120300.WebDriverAgentRunner.xctrunner&#039;)))
** TEST EXECUTE FAILED **. Make sure you follow the tutorial at https://github.com/appium/appium-xcuitest-driver/blob/master/docs/real-device-config.md. Try to remove the WebDriverAgentRunner application from the device if it is installed and reboot the device.
    at getResponseForW3CError (/usr/local/lib/node_modules/appium/node_modules/appium-base-driver/lib/protocol/errors.js:826:9)
    at asyncHandler (/usr/local/lib/node_modules/appium/node_modules/appium-base-driver/lib/protocol/protocol.js:388:37)
Build info: version: &#039;3.141.59&#039;, revision: &#039;e82be7d358&#039;, time: &#039;2018-11-14T08:17:03&#039;
System info: host: &#039;Medhats-MacBook-Pro.local&#039;, ip: &#039;fe80:0:0:0:10a8:a45e:4002:1a6%en0&#039;, os.name: &#039;Mac OS X&#039;, os.arch: &#039;x86_64&#039;, os.version: &#039;10.14.6&#039;, java.version: &#039;1.8.0_161&#039;
Driver info: driver.version: IOSDriver">
      <![CDATA[org.openqa.selenium.SessionNotCreatedException: Unable to create a new remote session. Please check the server log for more details. Original error: An unknown server-side error occurred while processing the command. Original error: Unable to launch WebDriverAgent because of xcodebuild failure: xcodebuild failed with code 65
xcodebuild error message:

2020-01-05 10:50:10.315 xcodebuild[11324:1129826] Error Domain=com.apple.platform.iphoneos Code=-12 "Unable to launch com.facebook20120300.WebDriverAgentRunner.xctrunner" UserInfo={NSLocalizedDescription=Unable to launch com.facebook20120300.WebDriverAgentRunner.xctrunner, NSUnderlyingError=0x7f91b8551f60 {Error Domain=DTXMessage Code=1 "The operation couldn’t be completed. Unable to launch com.facebook20120300.WebDriverAgentRunner.xctrunner because it has an invalid code signature, inadequate entitlements or its profile has not been explicitly trusted by the user. : Failed to launch process with bundle identifier 'com.facebook20120300.WebDriverAgentRunner.xctrunner'" UserInfo={NSLocalizedDescription=The operation couldn’t be completed. Unable to launch com.facebook20120300.WebDriverAgentRunner.xctrunner because it has an invalid code signature, inadequate entitlements or its profile has not been explicitly trusted by the user. : Failed to launch process with bundle identifier 'com.facebook20120300.WebDriverAgentRunner.xctrunner'}}}
Test session results, code coverage, and logs:
	/Users/medhatali/Library/Developer/Xcode/DerivedData/WebDriverAgent-ciegwgvxzxdrqthilmrmczmqvrgu/Logs/Test/Test-WebDriverAgentRunner-2020.01.05_10-50-03-+0200.xcresult
Testing started on 'iPhone 222'
Testing failed:
	WebDriverAgentRunner:
		WebDriverAgentRunner-Runner.app encountered an error (Failed to install or launch the test runner. (Underlying error: Unable to launch com.facebook20120300.WebDriverAgentRunner.xctrunner. (Underlying error: The operation couldn’t be completed. Unable to launch com.facebook20120300.WebDriverAgentRunner.xctrunner because it has an invalid code signature, inadequate entitlements or its profile has not been explicitly trusted by the user. : Failed to launch process with bundle identifier 'com.facebook20120300.WebDriverAgentRunner.xctrunner')))
** TEST EXECUTE FAILED **. Make sure you follow the tutorial at https://github.com/appium/appium-xcuitest-driver/blob/master/docs/real-device-config.md. Try to remove the WebDriverAgentRunner application from the device if it is installed and reboot the device.
Build info: version: '3.141.59', revision: 'e82be7d358', time: '2018-11-14T08:17:03'
System info: host: 'Medhats-MacBook-Pro.local', ip: 'fe80:0:0:0:10a8:a45e:4002:1a6%en0', os.name: 'Mac OS X', os.arch: 'x86_64', os.version: '10.14.6', java.version: '1.8.0_161'
Driver info: driver.version: IOSDriver
remote stacktrace: UnknownError: An unknown server-side error occurred while processing the command. Original error: Unable to launch WebDriverAgent because of xcodebuild failure: xcodebuild failed with code 65
xcodebuild error message:

2020-01-05 10:50:10.315 xcodebuild[11324:1129826] Error Domain=com.apple.platform.iphoneos Code=-12 "Unable to launch com.facebook20120300.WebDriverAgentRunner.xctrunner" UserInfo={NSLocalizedDescription=Unable to launch com.facebook20120300.WebDriverAgentRunner.xctrunner, NSUnderlyingError=0x7f91b8551f60 {Error Domain=DTXMessage Code=1 "The operation couldn’t be completed. Unable to launch com.facebook20120300.WebDriverAgentRunner.xctrunner because it has an invalid code signature, inadequate entitlements or its profile has not been explicitly trusted by the user. : Failed to launch process with bundle identifier 'com.facebook20120300.WebDriverAgentRunner.xctrunner'" UserInfo={NSLocalizedDescription=The operation couldn’t be completed. Unable to launch com.facebook20120300.WebDriverAgentRunner.xctrunner because it has an invalid code signature, inadequate entitlements or its profile has not been explicitly trusted by the user. : Failed to launch process with bundle identifier 'com.facebook20120300.WebDriverAgentRunner.xctrunner'}}}
Test session results, code coverage, and logs:
	/Users/medhatali/Library/Developer/Xcode/DerivedData/WebDriverAgent-ciegwgvxzxdrqthilmrmczmqvrgu/Logs/Test/Test-WebDriverAgentRunner-2020.01.05_10-50-03-+0200.xcresult
Testing started on 'iPhone 222'
Testing failed:
	WebDriverAgentRunner:
		WebDriverAgentRunner-Runner.app encountered an error (Failed to install or launch the test runner. (Underlying error: Unable to launch com.facebook20120300.WebDriverAgentRunner.xctrunner. (Underlying error: The operation couldn’t be completed. Unable to launch com.facebook20120300.WebDriverAgentRunner.xctrunner because it has an invalid code signature, inadequate entitlements or its profile has not been explicitly trusted by the user. : Failed to launch process with bundle identifier 'com.facebook20120300.WebDriverAgentRunner.xctrunner')))
** TEST EXECUTE FAILED **. Make sure you follow the tutorial at https://github.com/appium/appium-xcuitest-driver/blob/master/docs/real-device-config.md. Try to remove the WebDriverAgentRunner application from the device if it is installed and reboot the device.
    at getResponseForW3CError (/usr/local/lib/node_modules/appium/node_modules/appium-base-driver/lib/protocol/errors.js:826:9)
    at asyncHandler (/usr/local/lib/node_modules/appium/node_modules/appium-base-driver/lib/protocol/protocol.js:388:37)
Build info: version: '3.141.59', revision: 'e82be7d358', time: '2018-11-14T08:17:03'
System info: host: 'Medhats-MacBook-Pro.local', ip: 'fe80:0:0:0:10a8:a45e:4002:1a6%en0', os.name: 'Mac OS X', os.arch: 'x86_64', os.version: '10.14.6', java.version: '1.8.0_161'
Driver info: driver.version: IOSDriver
	at io.appium.java_client.remote.AppiumCommandExecutor$1.createSession(AppiumCommandExecutor.java:208)
	at io.appium.java_client.remote.AppiumCommandExecutor.createSession(AppiumCommandExecutor.java:217)
	at io.appium.java_client.remote.AppiumCommandExecutor.execute(AppiumCommandExecutor.java:239)
	at org.openqa.selenium.remote.RemoteWebDriver.execute(RemoteWebDriver.java:552)
	at io.appium.java_client.DefaultGenericMobileDriver.execute(DefaultGenericMobileDriver.java:41)
	at io.appium.java_client.AppiumDriver.execute(AppiumDriver.java:1)
	at io.appium.java_client.ios.IOSDriver.execute(IOSDriver.java:1)
	at org.openqa.selenium.remote.RemoteWebDriver.startSession(RemoteWebDriver.java:213)
	at io.appium.java_client.AppiumDriver.startSession(AppiumDriver.java:336)
	at org.openqa.selenium.remote.RemoteWebDriver.<init>(RemoteWebDriver.java:131)
	at io.appium.java_client.DefaultGenericMobileDriver.<init>(DefaultGenericMobileDriver.java:37)
	at io.appium.java_client.AppiumDriver.<init>(AppiumDriver.java:88)
	at io.appium.java_client.AppiumDriver.<init>(AppiumDriver.java:98)
	at io.appium.java_client.ios.IOSDriver.<init>(IOSDriver.java:90)
	at testBase.MobileTestBase.baseTest(MobileTestBase.java:33)
	at sun.reflect.NativeMethodAccessorImpl.invoke0(Native Method)
	at sun.reflect.NativeMethodAccessorImpl.invoke(NativeMethodAccessorImpl.java:62)
	at sun.reflect.DelegatingMethodAccessorImpl.invoke(DelegatingMethodAccessorImpl.java:43)
	at java.lang.reflect.Method.invoke(Method.java:498)
	at org.testng.internal.MethodInvocationHelper.invokeMethod(MethodInvocationHelper.java:86)
	at org.testng.internal.Invoker.invokeConfigurationMethod(Invoker.java:514)
	at org.testng.internal.Invoker.invokeConfigurations(Invoker.java:215)
	at org.testng.internal.Invoker.invokeConfigurations(Invoker.java:142)
	at org.testng.internal.TestMethodWorker.invokeBeforeClassMethods(TestMethodWorker.java:178)
	at org.testng.internal.TestMethodWorker.run(TestMethodWorker.java:108)
	at org.testng.TestRunner.privateRun(TestRunner.java:782)
	at org.testng.TestRunner.run(TestRunner.java:632)
	at org.testng.SuiteRunner.runTest(SuiteRunner.java:366)
	at org.testng.SuiteRunner.runSequentially(SuiteRunner.java:361)
	at org.testng.SuiteRunner.privateRun(SuiteRunner.java:319)
	at org.testng.SuiteRunner.run(SuiteRunner.java:268)
	at org.testng.SuiteRunnerWorker.runSuite(SuiteRunnerWorker.java:52)
	at org.testng.SuiteRunnerWorker.run(SuiteRunnerWorker.java:86)
	at org.testng.TestNG.runSuitesSequentially(TestNG.java:1244)
	at org.testng.TestNG.runSuitesLocally(TestNG.java:1169)
	at org.testng.TestNG.run(TestNG.java:1064)
	at org.testng.remote.AbstractRemoteTestNG.run(AbstractRemoteTestNG.java:115)
	at org.testng.remote.RemoteTestNG.initAndRun(RemoteTestNG.java:251)
	at org.testng.remote.RemoteTestNG.main(RemoteTestNG.java:77)
Caused by: java.lang.reflect.InvocationTargetException
	at sun.reflect.NativeMethodAccessorImpl.invoke0(Native Method)
	at sun.reflect.NativeMethodAccessorImpl.invoke(NativeMethodAccessorImpl.java:62)
	at sun.reflect.DelegatingMethodAccessorImpl.invoke(DelegatingMethodAccessorImpl.java:43)
	at java.lang.reflect.Method.invoke(Method.java:498)
	at io.appium.java_client.remote.AppiumCommandExecutor$1.createSession(AppiumCommandExecutor.java:186)
	... 38 more
Caused by: org.openqa.selenium.WebDriverException: An unknown server-side error occurred while processing the command. Original error: Unable to launch WebDriverAgent because of xcodebuild failure: xcodebuild failed with code 65
xcodebuild error message:

2020-01-05 10:50:10.315 xcodebuild[11324:1129826] Error Domain=com.apple.platform.iphoneos Code=-12 "Unable to launch com.facebook20120300.WebDriverAgentRunner.xctrunner" UserInfo={NSLocalizedDescription=Unable to launch com.facebook20120300.WebDriverAgentRunner.xctrunner, NSUnderlyingError=0x7f91b8551f60 {Error Domain=DTXMessage Code=1 "The operation couldn’t be completed. Unable to launch com.facebook20120300.WebDriverAgentRunner.xctrunner because it has an invalid code signature, inadequate entitlements or its profile has not been explicitly trusted by the user. : Failed to launch process with bundle identifier 'com.facebook20120300.WebDriverAgentRunner.xctrunner'" UserInfo={NSLocalizedDescription=The operation couldn’t be completed. Unable to launch com.facebook20120300.WebDriverAgentRunner.xctrunner because it has an invalid code signature, inadequate entitlements or its profile has not been explicitly trusted by the user. : Failed to launch process with bundle identifier 'com.facebook20120300.WebDriverAgentRunner.xctrunner'}}}
Test session results, code coverage, and logs:
	/Users/medhatali/Library/Developer/Xcode/DerivedData/WebDriverAgent-ciegwgvxzxdrqthilmrmczmqvrgu/Logs/Test/Test-WebDriverAgentRunner-2020.01.05_10-50-03-+0200.xcresult
Testing started on 'iPhone 222'
Testing failed:
	WebDriverAgentRunner:
		WebDriverAgentRunner-Runner.app encountered an error (Failed to install or launch the test runner. (Underlying error: Unable to launch com.facebook20120300.WebDriverAgentRunner.xctrunner. (Underlying error: The operation couldn’t be completed. Unable to launch com.facebook20120300.WebDriverAgentRunner.xctrunner because it has an invalid code signature, inadequate entitlements or its profile has not been explicitly trusted by the user. : Failed to launch process with bundle identifier 'com.facebook20120300.WebDriverAgentRunner.xctrunner')))
** TEST EXECUTE FAILED **. Make sure you follow the tutorial at https://github.com/appium/appium-xcuitest-driver/blob/master/docs/real-device-config.md. Try to remove the WebDriverAgentRunner application from the device if it is installed and reboot the device.
Build info: version: '3.141.59', revision: 'e82be7d358', time: '2018-11-14T08:17:03'
System info: host: 'Medhats-MacBook-Pro.local', ip: 'fe80:0:0:0:10a8:a45e:4002:1a6%en0', os.name: 'Mac OS X', os.arch: 'x86_64', os.version: '10.14.6', java.version: '1.8.0_161'
Driver info: driver.version: IOSDriver
remote stacktrace: UnknownError: An unknown server-side error occurred while processing the command. Original error: Unable to launch WebDriverAgent because of xcodebuild failure: xcodebuild failed with code 65
xcodebuild error message:

2020-01-05 10:50:10.315 xcodebuild[11324:1129826] Error Domain=com.apple.platform.iphoneos Code=-12 "Unable to launch com.facebook20120300.WebDriverAgentRunner.xctrunner" UserInfo={NSLocalizedDescription=Unable to launch com.facebook20120300.WebDriverAgentRunner.xctrunner, NSUnderlyingError=0x7f91b8551f60 {Error Domain=DTXMessage Code=1 "The operation couldn’t be completed. Unable to launch com.facebook20120300.WebDriverAgentRunner.xctrunner because it has an invalid code signature, inadequate entitlements or its profile has not been explicitly trusted by the user. : Failed to launch process with bundle identifier 'com.facebook20120300.WebDriverAgentRunner.xctrunner'" UserInfo={NSLocalizedDescription=The operation couldn’t be completed. Unable to launch com.facebook20120300.WebDriverAgentRunner.xctrunner because it has an invalid code signature, inadequate entitlements or its profile has not been explicitly trusted by the user. : Failed to launch process with bundle identifier 'com.facebook20120300.WebDriverAgentRunner.xctrunner'}}}
Test session results, code coverage, and logs:
	/Users/medhatali/Library/Developer/Xcode/DerivedData/WebDriverAgent-ciegwgvxzxdrqthilmrmczmqvrgu/Logs/Test/Test-WebDriverAgentRunner-2020.01.05_10-50-03-+0200.xcresult
Testing started on 'iPhone 222'
Testing failed:
	WebDriverAgentRunner:
		WebDriverAgentRunner-Runner.app encountered an error (Failed to install or launch the test runner. (Underlying error: Unable to launch com.facebook20120300.WebDriverAgentRunner.xctrunner. (Underlying error: The operation couldn’t be completed. Unable to launch com.facebook20120300.WebDriverAgentRunner.xctrunner because it has an invalid code signature, inadequate entitlements or its profile has not been explicitly trusted by the user. : Failed to launch process with bundle identifier 'com.facebook20120300.WebDriverAgentRunner.xctrunner')))
** TEST EXECUTE FAILED **. Make sure you follow the tutorial at https://github.com/appium/appium-xcuitest-driver/blob/master/docs/real-device-config.md. Try to remove the WebDriverAgentRunner application from the device if it is installed and reboot the device.
    at getResponseForW3CError (/usr/local/lib/node_modules/appium/node_modules/appium-base-driver/lib/protocol/errors.js:826:9)
    at asyncHandler (/usr/local/lib/node_modules/appium/node_modules/appium-base-driver/lib/protocol/protocol.js:388:37)
	at sun.reflect.NativeConstructorAccessorImpl.newInstance0(Native Method)
	at sun.reflect.NativeConstructorAccessorImpl.newInstance(NativeConstructorAccessorImpl.java:62)
	at sun.reflect.DelegatingConstructorAccessorImpl.newInstance(DelegatingConstructorAccessorImpl.java:45)
	at java.lang.reflect.Constructor.newInstance(Constructor.java:423)
	at org.openqa.selenium.remote.W3CHandshakeResponse.lambda$errorHandler$0(W3CHandshakeResponse.java:62)
	at org.openqa.selenium.remote.HandshakeResponse.lambda$getResponseFunction$0(HandshakeResponse.java:30)
	at org.openqa.selenium.remote.ProtocolHandshake.lambda$createSession$0(ProtocolHandshake.java:126)
	at java.util.stream.ReferencePipeline$3$1.accept(ReferencePipeline.java:193)
	at java.util.Spliterators$ArraySpliterator.tryAdvance(Spliterators.java:958)
	at java.util.stream.ReferencePipeline.forEachWithCancel(ReferencePipeline.java:126)
	at java.util.stream.AbstractPipeline.copyIntoWithCancel(AbstractPipeline.java:498)
	at java.util.stream.AbstractPipeline.copyInto(AbstractPipeline.java:485)
	at java.util.stream.AbstractPipeline.wrapAndCopyInto(AbstractPipeline.java:471)
	at java.util.stream.FindOps$FindOp.evaluateSequential(FindOps.java:152)
	at java.util.stream.AbstractPipeline.evaluate(AbstractPipeline.java:234)
	at java.util.stream.ReferencePipeline.findFirst(ReferencePipeline.java:464)
	at org.openqa.selenium.remote.ProtocolHandshake.createSession(ProtocolHandshake.java:128)
	... 43 more
]]>
    </error>
  </testcase> <!-- Step1_mobileLogin -->
  <testcase name="Step4_HandlePushNotification_FromBackground" time="0.001" classname="pushNotificationTescasesDSL.TC006_pushNotification_Forums_DSL">
    <error type="org.openqa.selenium.SessionNotCreatedException" message="Unable to create a new remote session. Please check the server log for more details. Original error: An unknown server-side error occurred while processing the command. Original error: Unable to launch WebDriverAgent because of xcodebuild failure: xcodebuild failed with code 65
xcodebuild error message:

2020-01-05 10:50:10.315 xcodebuild[11324:1129826] Error Domain=com.apple.platform.iphoneos Code=-12 &quot;Unable to launch com.facebook20120300.WebDriverAgentRunner.xctrunner&quot; UserInfo={NSLocalizedDescription=Unable to launch com.facebook20120300.WebDriverAgentRunner.xctrunner, NSUnderlyingError=0x7f91b8551f60 {Error Domain=DTXMessage Code=1 &quot;The operation couldn’t be completed. Unable to launch com.facebook20120300.WebDriverAgentRunner.xctrunner because it has an invalid code signature, inadequate entitlements or its profile has not been explicitly trusted by the user. : Failed to launch process with bundle identifier &#039;com.facebook20120300.WebDriverAgentRunner.xctrunner&#039;&quot; UserInfo={NSLocalizedDescription=The operation couldn’t be completed. Unable to launch com.facebook20120300.WebDriverAgentRunner.xctrunner because it has an invalid code signature, inadequate entitlements or its profile has not been explicitly trusted by the user. : Failed to launch process with bundle identifier &#039;com.facebook20120300.WebDriverAgentRunner.xctrunner&#039;}}}
Test session results, code coverage, and logs:
	/Users/medhatali/Library/Developer/Xcode/DerivedData/WebDriverAgent-ciegwgvxzxdrqthilmrmczmqvrgu/Logs/Test/Test-WebDriverAgentRunner-2020.01.05_10-50-03-+0200.xcresult
Testing started on &#039;iPhone 222&#039;
Testing failed:
	WebDriverAgentRunner:
		WebDriverAgentRunner-Runner.app encountered an error (Failed to install or launch the test runner. (Underlying error: Unable to launch com.facebook20120300.WebDriverAgentRunner.xctrunner. (Underlying error: The operation couldn’t be completed. Unable to launch com.facebook20120300.WebDriverAgentRunner.xctrunner because it has an invalid code signature, inadequate entitlements or its profile has not been explicitly trusted by the user. : Failed to launch process with bundle identifier &#039;com.facebook20120300.WebDriverAgentRunner.xctrunner&#039;)))
** TEST EXECUTE FAILED **. Make sure you follow the tutorial at https://github.com/appium/appium-xcuitest-driver/blob/master/docs/real-device-config.md. Try to remove the WebDriverAgentRunner application from the device if it is installed and reboot the device.
Build info: version: &#039;3.141.59&#039;, revision: &#039;e82be7d358&#039;, time: &#039;2018-11-14T08:17:03&#039;
System info: host: &#039;Medhats-MacBook-Pro.local&#039;, ip: &#039;fe80:0:0:0:10a8:a45e:4002:1a6%en0&#039;, os.name: &#039;Mac OS X&#039;, os.arch: &#039;x86_64&#039;, os.version: &#039;10.14.6&#039;, java.version: &#039;1.8.0_161&#039;
Driver info: driver.version: IOSDriver
remote stacktrace: UnknownError: An unknown server-side error occurred while processing the command. Original error: Unable to launch WebDriverAgent because of xcodebuild failure: xcodebuild failed with code 65
xcodebuild error message:

2020-01-05 10:50:10.315 xcodebuild[11324:1129826] Error Domain=com.apple.platform.iphoneos Code=-12 &quot;Unable to launch com.facebook20120300.WebDriverAgentRunner.xctrunner&quot; UserInfo={NSLocalizedDescription=Unable to launch com.facebook20120300.WebDriverAgentRunner.xctrunner, NSUnderlyingError=0x7f91b8551f60 {Error Domain=DTXMessage Code=1 &quot;The operation couldn’t be completed. Unable to launch com.facebook20120300.WebDriverAgentRunner.xctrunner because it has an invalid code signature, inadequate entitlements or its profile has not been explicitly trusted by the user. : Failed to launch process with bundle identifier &#039;com.facebook20120300.WebDriverAgentRunner.xctrunner&#039;&quot; UserInfo={NSLocalizedDescription=The operation couldn’t be completed. Unable to launch com.facebook20120300.WebDriverAgentRunner.xctrunner because it has an invalid code signature, inadequate entitlements or its profile has not been explicitly trusted by the user. : Failed to launch process with bundle identifier &#039;com.facebook20120300.WebDriverAgentRunner.xctrunner&#039;}}}
Test session results, code coverage, and logs:
	/Users/medhatali/Library/Developer/Xcode/DerivedData/WebDriverAgent-ciegwgvxzxdrqthilmrmczmqvrgu/Logs/Test/Test-WebDriverAgentRunner-2020.01.05_10-50-03-+0200.xcresult
Testing started on &#039;iPhone 222&#039;
Testing failed:
	WebDriverAgentRunner:
		WebDriverAgentRunner-Runner.app encountered an error (Failed to install or launch the test runner. (Underlying error: Unable to launch com.facebook20120300.WebDriverAgentRunner.xctrunner. (Underlying error: The operation couldn’t be completed. Unable to launch com.facebook20120300.WebDriverAgentRunner.xctrunner because it has an invalid code signature, inadequate entitlements or its profile has not been explicitly trusted by the user. : Failed to launch process with bundle identifier &#039;com.facebook20120300.WebDriverAgentRunner.xctrunner&#039;)))
** TEST EXECUTE FAILED **. Make sure you follow the tutorial at https://github.com/appium/appium-xcuitest-driver/blob/master/docs/real-device-config.md. Try to remove the WebDriverAgentRunner application from the device if it is installed and reboot the device.
    at getResponseForW3CError (/usr/local/lib/node_modules/appium/node_modules/appium-base-driver/lib/protocol/errors.js:826:9)
    at asyncHandler (/usr/local/lib/node_modules/appium/node_modules/appium-base-driver/lib/protocol/protocol.js:388:37)
Build info: version: &#039;3.141.59&#039;, revision: &#039;e82be7d358&#039;, time: &#039;2018-11-14T08:17:03&#039;
System info: host: &#039;Medhats-MacBook-Pro.local&#039;, ip: &#039;fe80:0:0:0:10a8:a45e:4002:1a6%en0&#039;, os.name: &#039;Mac OS X&#039;, os.arch: &#039;x86_64&#039;, os.version: &#039;10.14.6&#039;, java.version: &#039;1.8.0_161&#039;
Driver info: driver.version: IOSDriver">
      <![CDATA[org.openqa.selenium.SessionNotCreatedException: Unable to create a new remote session. Please check the server log for more details. Original error: An unknown server-side error occurred while processing the command. Original error: Unable to launch WebDriverAgent because of xcodebuild failure: xcodebuild failed with code 65
xcodebuild error message:

2020-01-05 10:50:10.315 xcodebuild[11324:1129826] Error Domain=com.apple.platform.iphoneos Code=-12 "Unable to launch com.facebook20120300.WebDriverAgentRunner.xctrunner" UserInfo={NSLocalizedDescription=Unable to launch com.facebook20120300.WebDriverAgentRunner.xctrunner, NSUnderlyingError=0x7f91b8551f60 {Error Domain=DTXMessage Code=1 "The operation couldn’t be completed. Unable to launch com.facebook20120300.WebDriverAgentRunner.xctrunner because it has an invalid code signature, inadequate entitlements or its profile has not been explicitly trusted by the user. : Failed to launch process with bundle identifier 'com.facebook20120300.WebDriverAgentRunner.xctrunner'" UserInfo={NSLocalizedDescription=The operation couldn’t be completed. Unable to launch com.facebook20120300.WebDriverAgentRunner.xctrunner because it has an invalid code signature, inadequate entitlements or its profile has not been explicitly trusted by the user. : Failed to launch process with bundle identifier 'com.facebook20120300.WebDriverAgentRunner.xctrunner'}}}
Test session results, code coverage, and logs:
	/Users/medhatali/Library/Developer/Xcode/DerivedData/WebDriverAgent-ciegwgvxzxdrqthilmrmczmqvrgu/Logs/Test/Test-WebDriverAgentRunner-2020.01.05_10-50-03-+0200.xcresult
Testing started on 'iPhone 222'
Testing failed:
	WebDriverAgentRunner:
		WebDriverAgentRunner-Runner.app encountered an error (Failed to install or launch the test runner. (Underlying error: Unable to launch com.facebook20120300.WebDriverAgentRunner.xctrunner. (Underlying error: The operation couldn’t be completed. Unable to launch com.facebook20120300.WebDriverAgentRunner.xctrunner because it has an invalid code signature, inadequate entitlements or its profile has not been explicitly trusted by the user. : Failed to launch process with bundle identifier 'com.facebook20120300.WebDriverAgentRunner.xctrunner')))
** TEST EXECUTE FAILED **. Make sure you follow the tutorial at https://github.com/appium/appium-xcuitest-driver/blob/master/docs/real-device-config.md. Try to remove the WebDriverAgentRunner application from the device if it is installed and reboot the device.
Build info: version: '3.141.59', revision: 'e82be7d358', time: '2018-11-14T08:17:03'
System info: host: 'Medhats-MacBook-Pro.local', ip: 'fe80:0:0:0:10a8:a45e:4002:1a6%en0', os.name: 'Mac OS X', os.arch: 'x86_64', os.version: '10.14.6', java.version: '1.8.0_161'
Driver info: driver.version: IOSDriver
remote stacktrace: UnknownError: An unknown server-side error occurred while processing the command. Original error: Unable to launch WebDriverAgent because of xcodebuild failure: xcodebuild failed with code 65
xcodebuild error message:

2020-01-05 10:50:10.315 xcodebuild[11324:1129826] Error Domain=com.apple.platform.iphoneos Code=-12 "Unable to launch com.facebook20120300.WebDriverAgentRunner.xctrunner" UserInfo={NSLocalizedDescription=Unable to launch com.facebook20120300.WebDriverAgentRunner.xctrunner, NSUnderlyingError=0x7f91b8551f60 {Error Domain=DTXMessage Code=1 "The operation couldn’t be completed. Unable to launch com.facebook20120300.WebDriverAgentRunner.xctrunner because it has an invalid code signature, inadequate entitlements or its profile has not been explicitly trusted by the user. : Failed to launch process with bundle identifier 'com.facebook20120300.WebDriverAgentRunner.xctrunner'" UserInfo={NSLocalizedDescription=The operation couldn’t be completed. Unable to launch com.facebook20120300.WebDriverAgentRunner.xctrunner because it has an invalid code signature, inadequate entitlements or its profile has not been explicitly trusted by the user. : Failed to launch process with bundle identifier 'com.facebook20120300.WebDriverAgentRunner.xctrunner'}}}
Test session results, code coverage, and logs:
	/Users/medhatali/Library/Developer/Xcode/DerivedData/WebDriverAgent-ciegwgvxzxdrqthilmrmczmqvrgu/Logs/Test/Test-WebDriverAgentRunner-2020.01.05_10-50-03-+0200.xcresult
Testing started on 'iPhone 222'
Testing failed:
	WebDriverAgentRunner:
		WebDriverAgentRunner-Runner.app encountered an error (Failed to install or launch the test runner. (Underlying error: Unable to launch com.facebook20120300.WebDriverAgentRunner.xctrunner. (Underlying error: The operation couldn’t be completed. Unable to launch com.facebook20120300.WebDriverAgentRunner.xctrunner because it has an invalid code signature, inadequate entitlements or its profile has not been explicitly trusted by the user. : Failed to launch process with bundle identifier 'com.facebook20120300.WebDriverAgentRunner.xctrunner')))
** TEST EXECUTE FAILED **. Make sure you follow the tutorial at https://github.com/appium/appium-xcuitest-driver/blob/master/docs/real-device-config.md. Try to remove the WebDriverAgentRunner application from the device if it is installed and reboot the device.
    at getResponseForW3CError (/usr/local/lib/node_modules/appium/node_modules/appium-base-driver/lib/protocol/errors.js:826:9)
    at asyncHandler (/usr/local/lib/node_modules/appium/node_modules/appium-base-driver/lib/protocol/protocol.js:388:37)
Build info: version: '3.141.59', revision: 'e82be7d358', time: '2018-11-14T08:17:03'
System info: host: 'Medhats-MacBook-Pro.local', ip: 'fe80:0:0:0:10a8:a45e:4002:1a6%en0', os.name: 'Mac OS X', os.arch: 'x86_64', os.version: '10.14.6', java.version: '1.8.0_161'
Driver info: driver.version: IOSDriver
	at io.appium.java_client.remote.AppiumCommandExecutor$1.createSession(AppiumCommandExecutor.java:208)
	at io.appium.java_client.remote.AppiumCommandExecutor.createSession(AppiumCommandExecutor.java:217)
	at io.appium.java_client.remote.AppiumCommandExecutor.execute(AppiumCommandExecutor.java:239)
	at org.openqa.selenium.remote.RemoteWebDriver.execute(RemoteWebDriver.java:552)
	at io.appium.java_client.DefaultGenericMobileDriver.execute(DefaultGenericMobileDriver.java:41)
	at io.appium.java_client.AppiumDriver.execute(AppiumDriver.java:1)
	at io.appium.java_client.ios.IOSDriver.execute(IOSDriver.java:1)
	at org.openqa.selenium.remote.RemoteWebDriver.startSession(RemoteWebDriver.java:213)
	at io.appium.java_client.AppiumDriver.startSession(AppiumDriver.java:336)
	at org.openqa.selenium.remote.RemoteWebDriver.<init>(RemoteWebDriver.java:131)
	at io.appium.java_client.DefaultGenericMobileDriver.<init>(DefaultGenericMobileDriver.java:37)
	at io.appium.java_client.AppiumDriver.<init>(AppiumDriver.java:88)
	at io.appium.java_client.AppiumDriver.<init>(AppiumDriver.java:98)
	at io.appium.java_client.ios.IOSDriver.<init>(IOSDriver.java:90)
	at testBase.MobileTestBase.baseTest(MobileTestBase.java:33)
	at sun.reflect.NativeMethodAccessorImpl.invoke0(Native Method)
	at sun.reflect.NativeMethodAccessorImpl.invoke(NativeMethodAccessorImpl.java:62)
	at sun.reflect.DelegatingMethodAccessorImpl.invoke(DelegatingMethodAccessorImpl.java:43)
	at java.lang.reflect.Method.invoke(Method.java:498)
	at org.testng.internal.MethodInvocationHelper.invokeMethod(MethodInvocationHelper.java:86)
	at org.testng.internal.Invoker.invokeConfigurationMethod(Invoker.java:514)
	at org.testng.internal.Invoker.invokeConfigurations(Invoker.java:215)
	at org.testng.internal.Invoker.invokeConfigurations(Invoker.java:142)
	at org.testng.internal.TestMethodWorker.invokeBeforeClassMethods(TestMethodWorker.java:178)
	at org.testng.internal.TestMethodWorker.run(TestMethodWorker.java:108)
	at org.testng.TestRunner.privateRun(TestRunner.java:782)
	at org.testng.TestRunner.run(TestRunner.java:632)
	at org.testng.SuiteRunner.runTest(SuiteRunner.java:366)
	at org.testng.SuiteRunner.runSequentially(SuiteRunner.java:361)
	at org.testng.SuiteRunner.privateRun(SuiteRunner.java:319)
	at org.testng.SuiteRunner.run(SuiteRunner.java:268)
	at org.testng.SuiteRunnerWorker.runSuite(SuiteRunnerWorker.java:52)
	at org.testng.SuiteRunnerWorker.run(SuiteRunnerWorker.java:86)
	at org.testng.TestNG.runSuitesSequentially(TestNG.java:1244)
	at org.testng.TestNG.runSuitesLocally(TestNG.java:1169)
	at org.testng.TestNG.run(TestNG.java:1064)
	at org.testng.remote.AbstractRemoteTestNG.run(AbstractRemoteTestNG.java:115)
	at org.testng.remote.RemoteTestNG.initAndRun(RemoteTestNG.java:251)
	at org.testng.remote.RemoteTestNG.main(RemoteTestNG.java:77)
Caused by: java.lang.reflect.InvocationTargetException
	at sun.reflect.NativeMethodAccessorImpl.invoke0(Native Method)
	at sun.reflect.NativeMethodAccessorImpl.invoke(NativeMethodAccessorImpl.java:62)
	at sun.reflect.DelegatingMethodAccessorImpl.invoke(DelegatingMethodAccessorImpl.java:43)
	at java.lang.reflect.Method.invoke(Method.java:498)
	at io.appium.java_client.remote.AppiumCommandExecutor$1.createSession(AppiumCommandExecutor.java:186)
	... 38 more
Caused by: org.openqa.selenium.WebDriverException: An unknown server-side error occurred while processing the command. Original error: Unable to launch WebDriverAgent because of xcodebuild failure: xcodebuild failed with code 65
xcodebuild error message:

2020-01-05 10:50:10.315 xcodebuild[11324:1129826] Error Domain=com.apple.platform.iphoneos Code=-12 "Unable to launch com.facebook20120300.WebDriverAgentRunner.xctrunner" UserInfo={NSLocalizedDescription=Unable to launch com.facebook20120300.WebDriverAgentRunner.xctrunner, NSUnderlyingError=0x7f91b8551f60 {Error Domain=DTXMessage Code=1 "The operation couldn’t be completed. Unable to launch com.facebook20120300.WebDriverAgentRunner.xctrunner because it has an invalid code signature, inadequate entitlements or its profile has not been explicitly trusted by the user. : Failed to launch process with bundle identifier 'com.facebook20120300.WebDriverAgentRunner.xctrunner'" UserInfo={NSLocalizedDescription=The operation couldn’t be completed. Unable to launch com.facebook20120300.WebDriverAgentRunner.xctrunner because it has an invalid code signature, inadequate entitlements or its profile has not been explicitly trusted by the user. : Failed to launch process with bundle identifier 'com.facebook20120300.WebDriverAgentRunner.xctrunner'}}}
Test session results, code coverage, and logs:
	/Users/medhatali/Library/Developer/Xcode/DerivedData/WebDriverAgent-ciegwgvxzxdrqthilmrmczmqvrgu/Logs/Test/Test-WebDriverAgentRunner-2020.01.05_10-50-03-+0200.xcresult
Testing started on 'iPhone 222'
Testing failed:
	WebDriverAgentRunner:
		WebDriverAgentRunner-Runner.app encountered an error (Failed to install or launch the test runner. (Underlying error: Unable to launch com.facebook20120300.WebDriverAgentRunner.xctrunner. (Underlying error: The operation couldn’t be completed. Unable to launch com.facebook20120300.WebDriverAgentRunner.xctrunner because it has an invalid code signature, inadequate entitlements or its profile has not been explicitly trusted by the user. : Failed to launch process with bundle identifier 'com.facebook20120300.WebDriverAgentRunner.xctrunner')))
** TEST EXECUTE FAILED **. Make sure you follow the tutorial at https://github.com/appium/appium-xcuitest-driver/blob/master/docs/real-device-config.md. Try to remove the WebDriverAgentRunner application from the device if it is installed and reboot the device.
Build info: version: '3.141.59', revision: 'e82be7d358', time: '2018-11-14T08:17:03'
System info: host: 'Medhats-MacBook-Pro.local', ip: 'fe80:0:0:0:10a8:a45e:4002:1a6%en0', os.name: 'Mac OS X', os.arch: 'x86_64', os.version: '10.14.6', java.version: '1.8.0_161'
Driver info: driver.version: IOSDriver
remote stacktrace: UnknownError: An unknown server-side error occurred while processing the command. Original error: Unable to launch WebDriverAgent because of xcodebuild failure: xcodebuild failed with code 65
xcodebuild error message:

2020-01-05 10:50:10.315 xcodebuild[11324:1129826] Error Domain=com.apple.platform.iphoneos Code=-12 "Unable to launch com.facebook20120300.WebDriverAgentRunner.xctrunner" UserInfo={NSLocalizedDescription=Unable to launch com.facebook20120300.WebDriverAgentRunner.xctrunner, NSUnderlyingError=0x7f91b8551f60 {Error Domain=DTXMessage Code=1 "The operation couldn’t be completed. Unable to launch com.facebook20120300.WebDriverAgentRunner.xctrunner because it has an invalid code signature, inadequate entitlements or its profile has not been explicitly trusted by the user. : Failed to launch process with bundle identifier 'com.facebook20120300.WebDriverAgentRunner.xctrunner'" UserInfo={NSLocalizedDescription=The operation couldn’t be completed. Unable to launch com.facebook20120300.WebDriverAgentRunner.xctrunner because it has an invalid code signature, inadequate entitlements or its profile has not been explicitly trusted by the user. : Failed to launch process with bundle identifier 'com.facebook20120300.WebDriverAgentRunner.xctrunner'}}}
Test session results, code coverage, and logs:
	/Users/medhatali/Library/Developer/Xcode/DerivedData/WebDriverAgent-ciegwgvxzxdrqthilmrmczmqvrgu/Logs/Test/Test-WebDriverAgentRunner-2020.01.05_10-50-03-+0200.xcresult
Testing started on 'iPhone 222'
Testing failed:
	WebDriverAgentRunner:
		WebDriverAgentRunner-Runner.app encountered an error (Failed to install or launch the test runner. (Underlying error: Unable to launch com.facebook20120300.WebDriverAgentRunner.xctrunner. (Underlying error: The operation couldn’t be completed. Unable to launch com.facebook20120300.WebDriverAgentRunner.xctrunner because it has an invalid code signature, inadequate entitlements or its profile has not been explicitly trusted by the user. : Failed to launch process with bundle identifier 'com.facebook20120300.WebDriverAgentRunner.xctrunner')))
** TEST EXECUTE FAILED **. Make sure you follow the tutorial at https://github.com/appium/appium-xcuitest-driver/blob/master/docs/real-device-config.md. Try to remove the WebDriverAgentRunner application from the device if it is installed and reboot the device.
    at getResponseForW3CError (/usr/local/lib/node_modules/appium/node_modules/appium-base-driver/lib/protocol/errors.js:826:9)
    at asyncHandler (/usr/local/lib/node_modules/appium/node_modules/appium-base-driver/lib/protocol/protocol.js:388:37)
	at sun.reflect.NativeConstructorAccessorImpl.newInstance0(Native Method)
	at sun.reflect.NativeConstructorAccessorImpl.newInstance(NativeConstructorAccessorImpl.java:62)
	at sun.reflect.DelegatingConstructorAccessorImpl.newInstance(DelegatingConstructorAccessorImpl.java:45)
	at java.lang.reflect.Constructor.newInstance(Constructor.java:423)
	at org.openqa.selenium.remote.W3CHandshakeResponse.lambda$errorHandler$0(W3CHandshakeResponse.java:62)
	at org.openqa.selenium.remote.HandshakeResponse.lambda$getResponseFunction$0(HandshakeResponse.java:30)
	at org.openqa.selenium.remote.ProtocolHandshake.lambda$createSession$0(ProtocolHandshake.java:126)
	at java.util.stream.ReferencePipeline$3$1.accept(ReferencePipeline.java:193)
	at java.util.Spliterators$ArraySpliterator.tryAdvance(Spliterators.java:958)
	at java.util.stream.ReferencePipeline.forEachWithCancel(ReferencePipeline.java:126)
	at java.util.stream.AbstractPipeline.copyIntoWithCancel(AbstractPipeline.java:498)
	at java.util.stream.AbstractPipeline.copyInto(AbstractPipeline.java:485)
	at java.util.stream.AbstractPipeline.wrapAndCopyInto(AbstractPipeline.java:471)
	at java.util.stream.FindOps$FindOp.evaluateSequential(FindOps.java:152)
	at java.util.stream.AbstractPipeline.evaluate(AbstractPipeline.java:234)
	at java.util.stream.ReferencePipeline.findFirst(ReferencePipeline.java:464)
	at org.openqa.selenium.remote.ProtocolHandshake.createSession(ProtocolHandshake.java:128)
	... 43 more
]]>
    </error>
  </testcase> <!-- Step4_HandlePushNotification_FromBackground -->
  <testcase name="Step5_ValidateTheForumsDeeplinkAction_Backround" time="0.000" classname="pushNotificationTescasesDSL.TC006_pushNotification_Forums_DSL">
    <error type="org.openqa.selenium.SessionNotCreatedException" message="Unable to create a new remote session. Please check the server log for more details. Original error: An unknown server-side error occurred while processing the command. Original error: Unable to launch WebDriverAgent because of xcodebuild failure: xcodebuild failed with code 65
xcodebuild error message:

2020-01-05 10:50:10.315 xcodebuild[11324:1129826] Error Domain=com.apple.platform.iphoneos Code=-12 &quot;Unable to launch com.facebook20120300.WebDriverAgentRunner.xctrunner&quot; UserInfo={NSLocalizedDescription=Unable to launch com.facebook20120300.WebDriverAgentRunner.xctrunner, NSUnderlyingError=0x7f91b8551f60 {Error Domain=DTXMessage Code=1 &quot;The operation couldn’t be completed. Unable to launch com.facebook20120300.WebDriverAgentRunner.xctrunner because it has an invalid code signature, inadequate entitlements or its profile has not been explicitly trusted by the user. : Failed to launch process with bundle identifier &#039;com.facebook20120300.WebDriverAgentRunner.xctrunner&#039;&quot; UserInfo={NSLocalizedDescription=The operation couldn’t be completed. Unable to launch com.facebook20120300.WebDriverAgentRunner.xctrunner because it has an invalid code signature, inadequate entitlements or its profile has not been explicitly trusted by the user. : Failed to launch process with bundle identifier &#039;com.facebook20120300.WebDriverAgentRunner.xctrunner&#039;}}}
Test session results, code coverage, and logs:
	/Users/medhatali/Library/Developer/Xcode/DerivedData/WebDriverAgent-ciegwgvxzxdrqthilmrmczmqvrgu/Logs/Test/Test-WebDriverAgentRunner-2020.01.05_10-50-03-+0200.xcresult
Testing started on &#039;iPhone 222&#039;
Testing failed:
	WebDriverAgentRunner:
		WebDriverAgentRunner-Runner.app encountered an error (Failed to install or launch the test runner. (Underlying error: Unable to launch com.facebook20120300.WebDriverAgentRunner.xctrunner. (Underlying error: The operation couldn’t be completed. Unable to launch com.facebook20120300.WebDriverAgentRunner.xctrunner because it has an invalid code signature, inadequate entitlements or its profile has not been explicitly trusted by the user. : Failed to launch process with bundle identifier &#039;com.facebook20120300.WebDriverAgentRunner.xctrunner&#039;)))
** TEST EXECUTE FAILED **. Make sure you follow the tutorial at https://github.com/appium/appium-xcuitest-driver/blob/master/docs/real-device-config.md. Try to remove the WebDriverAgentRunner application from the device if it is installed and reboot the device.
Build info: version: &#039;3.141.59&#039;, revision: &#039;e82be7d358&#039;, time: &#039;2018-11-14T08:17:03&#039;
System info: host: &#039;Medhats-MacBook-Pro.local&#039;, ip: &#039;fe80:0:0:0:10a8:a45e:4002:1a6%en0&#039;, os.name: &#039;Mac OS X&#039;, os.arch: &#039;x86_64&#039;, os.version: &#039;10.14.6&#039;, java.version: &#039;1.8.0_161&#039;
Driver info: driver.version: IOSDriver
remote stacktrace: UnknownError: An unknown server-side error occurred while processing the command. Original error: Unable to launch WebDriverAgent because of xcodebuild failure: xcodebuild failed with code 65
xcodebuild error message:

2020-01-05 10:50:10.315 xcodebuild[11324:1129826] Error Domain=com.apple.platform.iphoneos Code=-12 &quot;Unable to launch com.facebook20120300.WebDriverAgentRunner.xctrunner&quot; UserInfo={NSLocalizedDescription=Unable to launch com.facebook20120300.WebDriverAgentRunner.xctrunner, NSUnderlyingError=0x7f91b8551f60 {Error Domain=DTXMessage Code=1 &quot;The operation couldn’t be completed. Unable to launch com.facebook20120300.WebDriverAgentRunner.xctrunner because it has an invalid code signature, inadequate entitlements or its profile has not been explicitly trusted by the user. : Failed to launch process with bundle identifier &#039;com.facebook20120300.WebDriverAgentRunner.xctrunner&#039;&quot; UserInfo={NSLocalizedDescription=The operation couldn’t be completed. Unable to launch com.facebook20120300.WebDriverAgentRunner.xctrunner because it has an invalid code signature, inadequate entitlements or its profile has not been explicitly trusted by the user. : Failed to launch process with bundle identifier &#039;com.facebook20120300.WebDriverAgentRunner.xctrunner&#039;}}}
Test session results, code coverage, and logs:
	/Users/medhatali/Library/Developer/Xcode/DerivedData/WebDriverAgent-ciegwgvxzxdrqthilmrmczmqvrgu/Logs/Test/Test-WebDriverAgentRunner-2020.01.05_10-50-03-+0200.xcresult
Testing started on &#039;iPhone 222&#039;
Testing failed:
	WebDriverAgentRunner:
		WebDriverAgentRunner-Runner.app encountered an error (Failed to install or launch the test runner. (Underlying error: Unable to launch com.facebook20120300.WebDriverAgentRunner.xctrunner. (Underlying error: The operation couldn’t be completed. Unable to launch com.facebook20120300.WebDriverAgentRunner.xctrunner because it has an invalid code signature, inadequate entitlements or its profile has not been explicitly trusted by the user. : Failed to launch process with bundle identifier &#039;com.facebook20120300.WebDriverAgentRunner.xctrunner&#039;)))
** TEST EXECUTE FAILED **. Make sure you follow the tutorial at https://github.com/appium/appium-xcuitest-driver/blob/master/docs/real-device-config.md. Try to remove the WebDriverAgentRunner application from the device if it is installed and reboot the device.
    at getResponseForW3CError (/usr/local/lib/node_modules/appium/node_modules/appium-base-driver/lib/protocol/errors.js:826:9)
    at asyncHandler (/usr/local/lib/node_modules/appium/node_modules/appium-base-driver/lib/protocol/protocol.js:388:37)
Build info: version: &#039;3.141.59&#039;, revision: &#039;e82be7d358&#039;, time: &#039;2018-11-14T08:17:03&#039;
System info: host: &#039;Medhats-MacBook-Pro.local&#039;, ip: &#039;fe80:0:0:0:10a8:a45e:4002:1a6%en0&#039;, os.name: &#039;Mac OS X&#039;, os.arch: &#039;x86_64&#039;, os.version: &#039;10.14.6&#039;, java.version: &#039;1.8.0_161&#039;
Driver info: driver.version: IOSDriver">
      <![CDATA[org.openqa.selenium.SessionNotCreatedException: Unable to create a new remote session. Please check the server log for more details. Original error: An unknown server-side error occurred while processing the command. Original error: Unable to launch WebDriverAgent because of xcodebuild failure: xcodebuild failed with code 65
xcodebuild error message:

2020-01-05 10:50:10.315 xcodebuild[11324:1129826] Error Domain=com.apple.platform.iphoneos Code=-12 "Unable to launch com.facebook20120300.WebDriverAgentRunner.xctrunner" UserInfo={NSLocalizedDescription=Unable to launch com.facebook20120300.WebDriverAgentRunner.xctrunner, NSUnderlyingError=0x7f91b8551f60 {Error Domain=DTXMessage Code=1 "The operation couldn’t be completed. Unable to launch com.facebook20120300.WebDriverAgentRunner.xctrunner because it has an invalid code signature, inadequate entitlements or its profile has not been explicitly trusted by the user. : Failed to launch process with bundle identifier 'com.facebook20120300.WebDriverAgentRunner.xctrunner'" UserInfo={NSLocalizedDescription=The operation couldn’t be completed. Unable to launch com.facebook20120300.WebDriverAgentRunner.xctrunner because it has an invalid code signature, inadequate entitlements or its profile has not been explicitly trusted by the user. : Failed to launch process with bundle identifier 'com.facebook20120300.WebDriverAgentRunner.xctrunner'}}}
Test session results, code coverage, and logs:
	/Users/medhatali/Library/Developer/Xcode/DerivedData/WebDriverAgent-ciegwgvxzxdrqthilmrmczmqvrgu/Logs/Test/Test-WebDriverAgentRunner-2020.01.05_10-50-03-+0200.xcresult
Testing started on 'iPhone 222'
Testing failed:
	WebDriverAgentRunner:
		WebDriverAgentRunner-Runner.app encountered an error (Failed to install or launch the test runner. (Underlying error: Unable to launch com.facebook20120300.WebDriverAgentRunner.xctrunner. (Underlying error: The operation couldn’t be completed. Unable to launch com.facebook20120300.WebDriverAgentRunner.xctrunner because it has an invalid code signature, inadequate entitlements or its profile has not been explicitly trusted by the user. : Failed to launch process with bundle identifier 'com.facebook20120300.WebDriverAgentRunner.xctrunner')))
** TEST EXECUTE FAILED **. Make sure you follow the tutorial at https://github.com/appium/appium-xcuitest-driver/blob/master/docs/real-device-config.md. Try to remove the WebDriverAgentRunner application from the device if it is installed and reboot the device.
Build info: version: '3.141.59', revision: 'e82be7d358', time: '2018-11-14T08:17:03'
System info: host: 'Medhats-MacBook-Pro.local', ip: 'fe80:0:0:0:10a8:a45e:4002:1a6%en0', os.name: 'Mac OS X', os.arch: 'x86_64', os.version: '10.14.6', java.version: '1.8.0_161'
Driver info: driver.version: IOSDriver
remote stacktrace: UnknownError: An unknown server-side error occurred while processing the command. Original error: Unable to launch WebDriverAgent because of xcodebuild failure: xcodebuild failed with code 65
xcodebuild error message:

2020-01-05 10:50:10.315 xcodebuild[11324:1129826] Error Domain=com.apple.platform.iphoneos Code=-12 "Unable to launch com.facebook20120300.WebDriverAgentRunner.xctrunner" UserInfo={NSLocalizedDescription=Unable to launch com.facebook20120300.WebDriverAgentRunner.xctrunner, NSUnderlyingError=0x7f91b8551f60 {Error Domain=DTXMessage Code=1 "The operation couldn’t be completed. Unable to launch com.facebook20120300.WebDriverAgentRunner.xctrunner because it has an invalid code signature, inadequate entitlements or its profile has not been explicitly trusted by the user. : Failed to launch process with bundle identifier 'com.facebook20120300.WebDriverAgentRunner.xctrunner'" UserInfo={NSLocalizedDescription=The operation couldn’t be completed. Unable to launch com.facebook20120300.WebDriverAgentRunner.xctrunner because it has an invalid code signature, inadequate entitlements or its profile has not been explicitly trusted by the user. : Failed to launch process with bundle identifier 'com.facebook20120300.WebDriverAgentRunner.xctrunner'}}}
Test session results, code coverage, and logs:
	/Users/medhatali/Library/Developer/Xcode/DerivedData/WebDriverAgent-ciegwgvxzxdrqthilmrmczmqvrgu/Logs/Test/Test-WebDriverAgentRunner-2020.01.05_10-50-03-+0200.xcresult
Testing started on 'iPhone 222'
Testing failed:
	WebDriverAgentRunner:
		WebDriverAgentRunner-Runner.app encountered an error (Failed to install or launch the test runner. (Underlying error: Unable to launch com.facebook20120300.WebDriverAgentRunner.xctrunner. (Underlying error: The operation couldn’t be completed. Unable to launch com.facebook20120300.WebDriverAgentRunner.xctrunner because it has an invalid code signature, inadequate entitlements or its profile has not been explicitly trusted by the user. : Failed to launch process with bundle identifier 'com.facebook20120300.WebDriverAgentRunner.xctrunner')))
** TEST EXECUTE FAILED **. Make sure you follow the tutorial at https://github.com/appium/appium-xcuitest-driver/blob/master/docs/real-device-config.md. Try to remove the WebDriverAgentRunner application from the device if it is installed and reboot the device.
    at getResponseForW3CError (/usr/local/lib/node_modules/appium/node_modules/appium-base-driver/lib/protocol/errors.js:826:9)
    at asyncHandler (/usr/local/lib/node_modules/appium/node_modules/appium-base-driver/lib/protocol/protocol.js:388:37)
Build info: version: '3.141.59', revision: 'e82be7d358', time: '2018-11-14T08:17:03'
System info: host: 'Medhats-MacBook-Pro.local', ip: 'fe80:0:0:0:10a8:a45e:4002:1a6%en0', os.name: 'Mac OS X', os.arch: 'x86_64', os.version: '10.14.6', java.version: '1.8.0_161'
Driver info: driver.version: IOSDriver
	at io.appium.java_client.remote.AppiumCommandExecutor$1.createSession(AppiumCommandExecutor.java:208)
	at io.appium.java_client.remote.AppiumCommandExecutor.createSession(AppiumCommandExecutor.java:217)
	at io.appium.java_client.remote.AppiumCommandExecutor.execute(AppiumCommandExecutor.java:239)
	at org.openqa.selenium.remote.RemoteWebDriver.execute(RemoteWebDriver.java:552)
	at io.appium.java_client.DefaultGenericMobileDriver.execute(DefaultGenericMobileDriver.java:41)
	at io.appium.java_client.AppiumDriver.execute(AppiumDriver.java:1)
	at io.appium.java_client.ios.IOSDriver.execute(IOSDriver.java:1)
	at org.openqa.selenium.remote.RemoteWebDriver.startSession(RemoteWebDriver.java:213)
	at io.appium.java_client.AppiumDriver.startSession(AppiumDriver.java:336)
	at org.openqa.selenium.remote.RemoteWebDriver.<init>(RemoteWebDriver.java:131)
	at io.appium.java_client.DefaultGenericMobileDriver.<init>(DefaultGenericMobileDriver.java:37)
	at io.appium.java_client.AppiumDriver.<init>(AppiumDriver.java:88)
	at io.appium.java_client.AppiumDriver.<init>(AppiumDriver.java:98)
	at io.appium.java_client.ios.IOSDriver.<init>(IOSDriver.java:90)
	at testBase.MobileTestBase.baseTest(MobileTestBase.java:33)
	at sun.reflect.NativeMethodAccessorImpl.invoke0(Native Method)
	at sun.reflect.NativeMethodAccessorImpl.invoke(NativeMethodAccessorImpl.java:62)
	at sun.reflect.DelegatingMethodAccessorImpl.invoke(DelegatingMethodAccessorImpl.java:43)
	at java.lang.reflect.Method.invoke(Method.java:498)
	at org.testng.internal.MethodInvocationHelper.invokeMethod(MethodInvocationHelper.java:86)
	at org.testng.internal.Invoker.invokeConfigurationMethod(Invoker.java:514)
	at org.testng.internal.Invoker.invokeConfigurations(Invoker.java:215)
	at org.testng.internal.Invoker.invokeConfigurations(Invoker.java:142)
	at org.testng.internal.TestMethodWorker.invokeBeforeClassMethods(TestMethodWorker.java:178)
	at org.testng.internal.TestMethodWorker.run(TestMethodWorker.java:108)
	at org.testng.TestRunner.privateRun(TestRunner.java:782)
	at org.testng.TestRunner.run(TestRunner.java:632)
	at org.testng.SuiteRunner.runTest(SuiteRunner.java:366)
	at org.testng.SuiteRunner.runSequentially(SuiteRunner.java:361)
	at org.testng.SuiteRunner.privateRun(SuiteRunner.java:319)
	at org.testng.SuiteRunner.run(SuiteRunner.java:268)
	at org.testng.SuiteRunnerWorker.runSuite(SuiteRunnerWorker.java:52)
	at org.testng.SuiteRunnerWorker.run(SuiteRunnerWorker.java:86)
	at org.testng.TestNG.runSuitesSequentially(TestNG.java:1244)
	at org.testng.TestNG.runSuitesLocally(TestNG.java:1169)
	at org.testng.TestNG.run(TestNG.java:1064)
	at org.testng.remote.AbstractRemoteTestNG.run(AbstractRemoteTestNG.java:115)
	at org.testng.remote.RemoteTestNG.initAndRun(RemoteTestNG.java:251)
	at org.testng.remote.RemoteTestNG.main(RemoteTestNG.java:77)
Caused by: java.lang.reflect.InvocationTargetException
	at sun.reflect.NativeMethodAccessorImpl.invoke0(Native Method)
	at sun.reflect.NativeMethodAccessorImpl.invoke(NativeMethodAccessorImpl.java:62)
	at sun.reflect.DelegatingMethodAccessorImpl.invoke(DelegatingMethodAccessorImpl.java:43)
	at java.lang.reflect.Method.invoke(Method.java:498)
	at io.appium.java_client.remote.AppiumCommandExecutor$1.createSession(AppiumCommandExecutor.java:186)
	... 38 more
Caused by: org.openqa.selenium.WebDriverException: An unknown server-side error occurred while processing the command. Original error: Unable to launch WebDriverAgent because of xcodebuild failure: xcodebuild failed with code 65
xcodebuild error message:

2020-01-05 10:50:10.315 xcodebuild[11324:1129826] Error Domain=com.apple.platform.iphoneos Code=-12 "Unable to launch com.facebook20120300.WebDriverAgentRunner.xctrunner" UserInfo={NSLocalizedDescription=Unable to launch com.facebook20120300.WebDriverAgentRunner.xctrunner, NSUnderlyingError=0x7f91b8551f60 {Error Domain=DTXMessage Code=1 "The operation couldn’t be completed. Unable to launch com.facebook20120300.WebDriverAgentRunner.xctrunner because it has an invalid code signature, inadequate entitlements or its profile has not been explicitly trusted by the user. : Failed to launch process with bundle identifier 'com.facebook20120300.WebDriverAgentRunner.xctrunner'" UserInfo={NSLocalizedDescription=The operation couldn’t be completed. Unable to launch com.facebook20120300.WebDriverAgentRunner.xctrunner because it has an invalid code signature, inadequate entitlements or its profile has not been explicitly trusted by the user. : Failed to launch process with bundle identifier 'com.facebook20120300.WebDriverAgentRunner.xctrunner'}}}
Test session results, code coverage, and logs:
	/Users/medhatali/Library/Developer/Xcode/DerivedData/WebDriverAgent-ciegwgvxzxdrqthilmrmczmqvrgu/Logs/Test/Test-WebDriverAgentRunner-2020.01.05_10-50-03-+0200.xcresult
Testing started on 'iPhone 222'
Testing failed:
	WebDriverAgentRunner:
		WebDriverAgentRunner-Runner.app encountered an error (Failed to install or launch the test runner. (Underlying error: Unable to launch com.facebook20120300.WebDriverAgentRunner.xctrunner. (Underlying error: The operation couldn’t be completed. Unable to launch com.facebook20120300.WebDriverAgentRunner.xctrunner because it has an invalid code signature, inadequate entitlements or its profile has not been explicitly trusted by the user. : Failed to launch process with bundle identifier 'com.facebook20120300.WebDriverAgentRunner.xctrunner')))
** TEST EXECUTE FAILED **. Make sure you follow the tutorial at https://github.com/appium/appium-xcuitest-driver/blob/master/docs/real-device-config.md. Try to remove the WebDriverAgentRunner application from the device if it is installed and reboot the device.
Build info: version: '3.141.59', revision: 'e82be7d358', time: '2018-11-14T08:17:03'
System info: host: 'Medhats-MacBook-Pro.local', ip: 'fe80:0:0:0:10a8:a45e:4002:1a6%en0', os.name: 'Mac OS X', os.arch: 'x86_64', os.version: '10.14.6', java.version: '1.8.0_161'
Driver info: driver.version: IOSDriver
remote stacktrace: UnknownError: An unknown server-side error occurred while processing the command. Original error: Unable to launch WebDriverAgent because of xcodebuild failure: xcodebuild failed with code 65
xcodebuild error message:

2020-01-05 10:50:10.315 xcodebuild[11324:1129826] Error Domain=com.apple.platform.iphoneos Code=-12 "Unable to launch com.facebook20120300.WebDriverAgentRunner.xctrunner" UserInfo={NSLocalizedDescription=Unable to launch com.facebook20120300.WebDriverAgentRunner.xctrunner, NSUnderlyingError=0x7f91b8551f60 {Error Domain=DTXMessage Code=1 "The operation couldn’t be completed. Unable to launch com.facebook20120300.WebDriverAgentRunner.xctrunner because it has an invalid code signature, inadequate entitlements or its profile has not been explicitly trusted by the user. : Failed to launch process with bundle identifier 'com.facebook20120300.WebDriverAgentRunner.xctrunner'" UserInfo={NSLocalizedDescription=The operation couldn’t be completed. Unable to launch com.facebook20120300.WebDriverAgentRunner.xctrunner because it has an invalid code signature, inadequate entitlements or its profile has not been explicitly trusted by the user. : Failed to launch process with bundle identifier 'com.facebook20120300.WebDriverAgentRunner.xctrunner'}}}
Test session results, code coverage, and logs:
	/Users/medhatali/Library/Developer/Xcode/DerivedData/WebDriverAgent-ciegwgvxzxdrqthilmrmczmqvrgu/Logs/Test/Test-WebDriverAgentRunner-2020.01.05_10-50-03-+0200.xcresult
Testing started on 'iPhone 222'
Testing failed:
	WebDriverAgentRunner:
		WebDriverAgentRunner-Runner.app encountered an error (Failed to install or launch the test runner. (Underlying error: Unable to launch com.facebook20120300.WebDriverAgentRunner.xctrunner. (Underlying error: The operation couldn’t be completed. Unable to launch com.facebook20120300.WebDriverAgentRunner.xctrunner because it has an invalid code signature, inadequate entitlements or its profile has not been explicitly trusted by the user. : Failed to launch process with bundle identifier 'com.facebook20120300.WebDriverAgentRunner.xctrunner')))
** TEST EXECUTE FAILED **. Make sure you follow the tutorial at https://github.com/appium/appium-xcuitest-driver/blob/master/docs/real-device-config.md. Try to remove the WebDriverAgentRunner application from the device if it is installed and reboot the device.
    at getResponseForW3CError (/usr/local/lib/node_modules/appium/node_modules/appium-base-driver/lib/protocol/errors.js:826:9)
    at asyncHandler (/usr/local/lib/node_modules/appium/node_modules/appium-base-driver/lib/protocol/protocol.js:388:37)
	at sun.reflect.NativeConstructorAccessorImpl.newInstance0(Native Method)
	at sun.reflect.NativeConstructorAccessorImpl.newInstance(NativeConstructorAccessorImpl.java:62)
	at sun.reflect.DelegatingConstructorAccessorImpl.newInstance(DelegatingConstructorAccessorImpl.java:45)
	at java.lang.reflect.Constructor.newInstance(Constructor.java:423)
	at org.openqa.selenium.remote.W3CHandshakeResponse.lambda$errorHandler$0(W3CHandshakeResponse.java:62)
	at org.openqa.selenium.remote.HandshakeResponse.lambda$getResponseFunction$0(HandshakeResponse.java:30)
	at org.openqa.selenium.remote.ProtocolHandshake.lambda$createSession$0(ProtocolHandshake.java:126)
	at java.util.stream.ReferencePipeline$3$1.accept(ReferencePipeline.java:193)
	at java.util.Spliterators$ArraySpliterator.tryAdvance(Spliterators.java:958)
	at java.util.stream.ReferencePipeline.forEachWithCancel(ReferencePipeline.java:126)
	at java.util.stream.AbstractPipeline.copyIntoWithCancel(AbstractPipeline.java:498)
	at java.util.stream.AbstractPipeline.copyInto(AbstractPipeline.java:485)
	at java.util.stream.AbstractPipeline.wrapAndCopyInto(AbstractPipeline.java:471)
	at java.util.stream.FindOps$FindOp.evaluateSequential(FindOps.java:152)
	at java.util.stream.AbstractPipeline.evaluate(AbstractPipeline.java:234)
	at java.util.stream.ReferencePipeline.findFirst(ReferencePipeline.java:464)
	at org.openqa.selenium.remote.ProtocolHandshake.createSession(ProtocolHandshake.java:128)
	... 43 more
]]>
    </error>
  </testcase> <!-- Step5_ValidateTheForumsDeeplinkAction_Backround -->
  <testcase name="Step8_dslLogout" time="0.000" classname="pushNotificationTescasesDSL.TC006_pushNotification_Forums_DSL">
    <error type="org.openqa.selenium.SessionNotCreatedException" message="Unable to create a new remote session. Please check the server log for more details. Original error: An unknown server-side error occurred while processing the command. Original error: Unable to launch WebDriverAgent because of xcodebuild failure: xcodebuild failed with code 65
xcodebuild error message:

2020-01-05 10:50:10.315 xcodebuild[11324:1129826] Error Domain=com.apple.platform.iphoneos Code=-12 &quot;Unable to launch com.facebook20120300.WebDriverAgentRunner.xctrunner&quot; UserInfo={NSLocalizedDescription=Unable to launch com.facebook20120300.WebDriverAgentRunner.xctrunner, NSUnderlyingError=0x7f91b8551f60 {Error Domain=DTXMessage Code=1 &quot;The operation couldn’t be completed. Unable to launch com.facebook20120300.WebDriverAgentRunner.xctrunner because it has an invalid code signature, inadequate entitlements or its profile has not been explicitly trusted by the user. : Failed to launch process with bundle identifier &#039;com.facebook20120300.WebDriverAgentRunner.xctrunner&#039;&quot; UserInfo={NSLocalizedDescription=The operation couldn’t be completed. Unable to launch com.facebook20120300.WebDriverAgentRunner.xctrunner because it has an invalid code signature, inadequate entitlements or its profile has not been explicitly trusted by the user. : Failed to launch process with bundle identifier &#039;com.facebook20120300.WebDriverAgentRunner.xctrunner&#039;}}}
Test session results, code coverage, and logs:
	/Users/medhatali/Library/Developer/Xcode/DerivedData/WebDriverAgent-ciegwgvxzxdrqthilmrmczmqvrgu/Logs/Test/Test-WebDriverAgentRunner-2020.01.05_10-50-03-+0200.xcresult
Testing started on &#039;iPhone 222&#039;
Testing failed:
	WebDriverAgentRunner:
		WebDriverAgentRunner-Runner.app encountered an error (Failed to install or launch the test runner. (Underlying error: Unable to launch com.facebook20120300.WebDriverAgentRunner.xctrunner. (Underlying error: The operation couldn’t be completed. Unable to launch com.facebook20120300.WebDriverAgentRunner.xctrunner because it has an invalid code signature, inadequate entitlements or its profile has not been explicitly trusted by the user. : Failed to launch process with bundle identifier &#039;com.facebook20120300.WebDriverAgentRunner.xctrunner&#039;)))
** TEST EXECUTE FAILED **. Make sure you follow the tutorial at https://github.com/appium/appium-xcuitest-driver/blob/master/docs/real-device-config.md. Try to remove the WebDriverAgentRunner application from the device if it is installed and reboot the device.
Build info: version: &#039;3.141.59&#039;, revision: &#039;e82be7d358&#039;, time: &#039;2018-11-14T08:17:03&#039;
System info: host: &#039;Medhats-MacBook-Pro.local&#039;, ip: &#039;fe80:0:0:0:10a8:a45e:4002:1a6%en0&#039;, os.name: &#039;Mac OS X&#039;, os.arch: &#039;x86_64&#039;, os.version: &#039;10.14.6&#039;, java.version: &#039;1.8.0_161&#039;
Driver info: driver.version: IOSDriver
remote stacktrace: UnknownError: An unknown server-side error occurred while processing the command. Original error: Unable to launch WebDriverAgent because of xcodebuild failure: xcodebuild failed with code 65
xcodebuild error message:

2020-01-05 10:50:10.315 xcodebuild[11324:1129826] Error Domain=com.apple.platform.iphoneos Code=-12 &quot;Unable to launch com.facebook20120300.WebDriverAgentRunner.xctrunner&quot; UserInfo={NSLocalizedDescription=Unable to launch com.facebook20120300.WebDriverAgentRunner.xctrunner, NSUnderlyingError=0x7f91b8551f60 {Error Domain=DTXMessage Code=1 &quot;The operation couldn’t be completed. Unable to launch com.facebook20120300.WebDriverAgentRunner.xctrunner because it has an invalid code signature, inadequate entitlements or its profile has not been explicitly trusted by the user. : Failed to launch process with bundle identifier &#039;com.facebook20120300.WebDriverAgentRunner.xctrunner&#039;&quot; UserInfo={NSLocalizedDescription=The operation couldn’t be completed. Unable to launch com.facebook20120300.WebDriverAgentRunner.xctrunner because it has an invalid code signature, inadequate entitlements or its profile has not been explicitly trusted by the user. : Failed to launch process with bundle identifier &#039;com.facebook20120300.WebDriverAgentRunner.xctrunner&#039;}}}
Test session results, code coverage, and logs:
	/Users/medhatali/Library/Developer/Xcode/DerivedData/WebDriverAgent-ciegwgvxzxdrqthilmrmczmqvrgu/Logs/Test/Test-WebDriverAgentRunner-2020.01.05_10-50-03-+0200.xcresult
Testing started on &#039;iPhone 222&#039;
Testing failed:
	WebDriverAgentRunner:
		WebDriverAgentRunner-Runner.app encountered an error (Failed to install or launch the test runner. (Underlying error: Unable to launch com.facebook20120300.WebDriverAgentRunner.xctrunner. (Underlying error: The operation couldn’t be completed. Unable to launch com.facebook20120300.WebDriverAgentRunner.xctrunner because it has an invalid code signature, inadequate entitlements or its profile has not been explicitly trusted by the user. : Failed to launch process with bundle identifier &#039;com.facebook20120300.WebDriverAgentRunner.xctrunner&#039;)))
** TEST EXECUTE FAILED **. Make sure you follow the tutorial at https://github.com/appium/appium-xcuitest-driver/blob/master/docs/real-device-config.md. Try to remove the WebDriverAgentRunner application from the device if it is installed and reboot the device.
    at getResponseForW3CError (/usr/local/lib/node_modules/appium/node_modules/appium-base-driver/lib/protocol/errors.js:826:9)
    at asyncHandler (/usr/local/lib/node_modules/appium/node_modules/appium-base-driver/lib/protocol/protocol.js:388:37)
Build info: version: &#039;3.141.59&#039;, revision: &#039;e82be7d358&#039;, time: &#039;2018-11-14T08:17:03&#039;
System info: host: &#039;Medhats-MacBook-Pro.local&#039;, ip: &#039;fe80:0:0:0:10a8:a45e:4002:1a6%en0&#039;, os.name: &#039;Mac OS X&#039;, os.arch: &#039;x86_64&#039;, os.version: &#039;10.14.6&#039;, java.version: &#039;1.8.0_161&#039;
Driver info: driver.version: IOSDriver">
      <![CDATA[org.openqa.selenium.SessionNotCreatedException: Unable to create a new remote session. Please check the server log for more details. Original error: An unknown server-side error occurred while processing the command. Original error: Unable to launch WebDriverAgent because of xcodebuild failure: xcodebuild failed with code 65
xcodebuild error message:

2020-01-05 10:50:10.315 xcodebuild[11324:1129826] Error Domain=com.apple.platform.iphoneos Code=-12 "Unable to launch com.facebook20120300.WebDriverAgentRunner.xctrunner" UserInfo={NSLocalizedDescription=Unable to launch com.facebook20120300.WebDriverAgentRunner.xctrunner, NSUnderlyingError=0x7f91b8551f60 {Error Domain=DTXMessage Code=1 "The operation couldn’t be completed. Unable to launch com.facebook20120300.WebDriverAgentRunner.xctrunner because it has an invalid code signature, inadequate entitlements or its profile has not been explicitly trusted by the user. : Failed to launch process with bundle identifier 'com.facebook20120300.WebDriverAgentRunner.xctrunner'" UserInfo={NSLocalizedDescription=The operation couldn’t be completed. Unable to launch com.facebook20120300.WebDriverAgentRunner.xctrunner because it has an invalid code signature, inadequate entitlements or its profile has not been explicitly trusted by the user. : Failed to launch process with bundle identifier 'com.facebook20120300.WebDriverAgentRunner.xctrunner'}}}
Test session results, code coverage, and logs:
	/Users/medhatali/Library/Developer/Xcode/DerivedData/WebDriverAgent-ciegwgvxzxdrqthilmrmczmqvrgu/Logs/Test/Test-WebDriverAgentRunner-2020.01.05_10-50-03-+0200.xcresult
Testing started on 'iPhone 222'
Testing failed:
	WebDriverAgentRunner:
		WebDriverAgentRunner-Runner.app encountered an error (Failed to install or launch the test runner. (Underlying error: Unable to launch com.facebook20120300.WebDriverAgentRunner.xctrunner. (Underlying error: The operation couldn’t be completed. Unable to launch com.facebook20120300.WebDriverAgentRunner.xctrunner because it has an invalid code signature, inadequate entitlements or its profile has not been explicitly trusted by the user. : Failed to launch process with bundle identifier 'com.facebook20120300.WebDriverAgentRunner.xctrunner')))
** TEST EXECUTE FAILED **. Make sure you follow the tutorial at https://github.com/appium/appium-xcuitest-driver/blob/master/docs/real-device-config.md. Try to remove the WebDriverAgentRunner application from the device if it is installed and reboot the device.
Build info: version: '3.141.59', revision: 'e82be7d358', time: '2018-11-14T08:17:03'
System info: host: 'Medhats-MacBook-Pro.local', ip: 'fe80:0:0:0:10a8:a45e:4002:1a6%en0', os.name: 'Mac OS X', os.arch: 'x86_64', os.version: '10.14.6', java.version: '1.8.0_161'
Driver info: driver.version: IOSDriver
remote stacktrace: UnknownError: An unknown server-side error occurred while processing the command. Original error: Unable to launch WebDriverAgent because of xcodebuild failure: xcodebuild failed with code 65
xcodebuild error message:

2020-01-05 10:50:10.315 xcodebuild[11324:1129826] Error Domain=com.apple.platform.iphoneos Code=-12 "Unable to launch com.facebook20120300.WebDriverAgentRunner.xctrunner" UserInfo={NSLocalizedDescription=Unable to launch com.facebook20120300.WebDriverAgentRunner.xctrunner, NSUnderlyingError=0x7f91b8551f60 {Error Domain=DTXMessage Code=1 "The operation couldn’t be completed. Unable to launch com.facebook20120300.WebDriverAgentRunner.xctrunner because it has an invalid code signature, inadequate entitlements or its profile has not been explicitly trusted by the user. : Failed to launch process with bundle identifier 'com.facebook20120300.WebDriverAgentRunner.xctrunner'" UserInfo={NSLocalizedDescription=The operation couldn’t be completed. Unable to launch com.facebook20120300.WebDriverAgentRunner.xctrunner because it has an invalid code signature, inadequate entitlements or its profile has not been explicitly trusted by the user. : Failed to launch process with bundle identifier 'com.facebook20120300.WebDriverAgentRunner.xctrunner'}}}
Test session results, code coverage, and logs:
	/Users/medhatali/Library/Developer/Xcode/DerivedData/WebDriverAgent-ciegwgvxzxdrqthilmrmczmqvrgu/Logs/Test/Test-WebDriverAgentRunner-2020.01.05_10-50-03-+0200.xcresult
Testing started on 'iPhone 222'
Testing failed:
	WebDriverAgentRunner:
		WebDriverAgentRunner-Runner.app encountered an error (Failed to install or launch the test runner. (Underlying error: Unable to launch com.facebook20120300.WebDriverAgentRunner.xctrunner. (Underlying error: The operation couldn’t be completed. Unable to launch com.facebook20120300.WebDriverAgentRunner.xctrunner because it has an invalid code signature, inadequate entitlements or its profile has not been explicitly trusted by the user. : Failed to launch process with bundle identifier 'com.facebook20120300.WebDriverAgentRunner.xctrunner')))
** TEST EXECUTE FAILED **. Make sure you follow the tutorial at https://github.com/appium/appium-xcuitest-driver/blob/master/docs/real-device-config.md. Try to remove the WebDriverAgentRunner application from the device if it is installed and reboot the device.
    at getResponseForW3CError (/usr/local/lib/node_modules/appium/node_modules/appium-base-driver/lib/protocol/errors.js:826:9)
    at asyncHandler (/usr/local/lib/node_modules/appium/node_modules/appium-base-driver/lib/protocol/protocol.js:388:37)
Build info: version: '3.141.59', revision: 'e82be7d358', time: '2018-11-14T08:17:03'
System info: host: 'Medhats-MacBook-Pro.local', ip: 'fe80:0:0:0:10a8:a45e:4002:1a6%en0', os.name: 'Mac OS X', os.arch: 'x86_64', os.version: '10.14.6', java.version: '1.8.0_161'
Driver info: driver.version: IOSDriver
	at io.appium.java_client.remote.AppiumCommandExecutor$1.createSession(AppiumCommandExecutor.java:208)
	at io.appium.java_client.remote.AppiumCommandExecutor.createSession(AppiumCommandExecutor.java:217)
	at io.appium.java_client.remote.AppiumCommandExecutor.execute(AppiumCommandExecutor.java:239)
	at org.openqa.selenium.remote.RemoteWebDriver.execute(RemoteWebDriver.java:552)
	at io.appium.java_client.DefaultGenericMobileDriver.execute(DefaultGenericMobileDriver.java:41)
	at io.appium.java_client.AppiumDriver.execute(AppiumDriver.java:1)
	at io.appium.java_client.ios.IOSDriver.execute(IOSDriver.java:1)
	at org.openqa.selenium.remote.RemoteWebDriver.startSession(RemoteWebDriver.java:213)
	at io.appium.java_client.AppiumDriver.startSession(AppiumDriver.java:336)
	at org.openqa.selenium.remote.RemoteWebDriver.<init>(RemoteWebDriver.java:131)
	at io.appium.java_client.DefaultGenericMobileDriver.<init>(DefaultGenericMobileDriver.java:37)
	at io.appium.java_client.AppiumDriver.<init>(AppiumDriver.java:88)
	at io.appium.java_client.AppiumDriver.<init>(AppiumDriver.java:98)
	at io.appium.java_client.ios.IOSDriver.<init>(IOSDriver.java:90)
	at testBase.MobileTestBase.baseTest(MobileTestBase.java:33)
	at sun.reflect.NativeMethodAccessorImpl.invoke0(Native Method)
	at sun.reflect.NativeMethodAccessorImpl.invoke(NativeMethodAccessorImpl.java:62)
	at sun.reflect.DelegatingMethodAccessorImpl.invoke(DelegatingMethodAccessorImpl.java:43)
	at java.lang.reflect.Method.invoke(Method.java:498)
	at org.testng.internal.MethodInvocationHelper.invokeMethod(MethodInvocationHelper.java:86)
	at org.testng.internal.Invoker.invokeConfigurationMethod(Invoker.java:514)
	at org.testng.internal.Invoker.invokeConfigurations(Invoker.java:215)
	at org.testng.internal.Invoker.invokeConfigurations(Invoker.java:142)
	at org.testng.internal.TestMethodWorker.invokeBeforeClassMethods(TestMethodWorker.java:178)
	at org.testng.internal.TestMethodWorker.run(TestMethodWorker.java:108)
	at org.testng.TestRunner.privateRun(TestRunner.java:782)
	at org.testng.TestRunner.run(TestRunner.java:632)
	at org.testng.SuiteRunner.runTest(SuiteRunner.java:366)
	at org.testng.SuiteRunner.runSequentially(SuiteRunner.java:361)
	at org.testng.SuiteRunner.privateRun(SuiteRunner.java:319)
	at org.testng.SuiteRunner.run(SuiteRunner.java:268)
	at org.testng.SuiteRunnerWorker.runSuite(SuiteRunnerWorker.java:52)
	at org.testng.SuiteRunnerWorker.run(SuiteRunnerWorker.java:86)
	at org.testng.TestNG.runSuitesSequentially(TestNG.java:1244)
	at org.testng.TestNG.runSuitesLocally(TestNG.java:1169)
	at org.testng.TestNG.run(TestNG.java:1064)
	at org.testng.remote.AbstractRemoteTestNG.run(AbstractRemoteTestNG.java:115)
	at org.testng.remote.RemoteTestNG.initAndRun(RemoteTestNG.java:251)
	at org.testng.remote.RemoteTestNG.main(RemoteTestNG.java:77)
Caused by: java.lang.reflect.InvocationTargetException
	at sun.reflect.NativeMethodAccessorImpl.invoke0(Native Method)
	at sun.reflect.NativeMethodAccessorImpl.invoke(NativeMethodAccessorImpl.java:62)
	at sun.reflect.DelegatingMethodAccessorImpl.invoke(DelegatingMethodAccessorImpl.java:43)
	at java.lang.reflect.Method.invoke(Method.java:498)
	at io.appium.java_client.remote.AppiumCommandExecutor$1.createSession(AppiumCommandExecutor.java:186)
	... 38 more
Caused by: org.openqa.selenium.WebDriverException: An unknown server-side error occurred while processing the command. Original error: Unable to launch WebDriverAgent because of xcodebuild failure: xcodebuild failed with code 65
xcodebuild error message:

2020-01-05 10:50:10.315 xcodebuild[11324:1129826] Error Domain=com.apple.platform.iphoneos Code=-12 "Unable to launch com.facebook20120300.WebDriverAgentRunner.xctrunner" UserInfo={NSLocalizedDescription=Unable to launch com.facebook20120300.WebDriverAgentRunner.xctrunner, NSUnderlyingError=0x7f91b8551f60 {Error Domain=DTXMessage Code=1 "The operation couldn’t be completed. Unable to launch com.facebook20120300.WebDriverAgentRunner.xctrunner because it has an invalid code signature, inadequate entitlements or its profile has not been explicitly trusted by the user. : Failed to launch process with bundle identifier 'com.facebook20120300.WebDriverAgentRunner.xctrunner'" UserInfo={NSLocalizedDescription=The operation couldn’t be completed. Unable to launch com.facebook20120300.WebDriverAgentRunner.xctrunner because it has an invalid code signature, inadequate entitlements or its profile has not been explicitly trusted by the user. : Failed to launch process with bundle identifier 'com.facebook20120300.WebDriverAgentRunner.xctrunner'}}}
Test session results, code coverage, and logs:
	/Users/medhatali/Library/Developer/Xcode/DerivedData/WebDriverAgent-ciegwgvxzxdrqthilmrmczmqvrgu/Logs/Test/Test-WebDriverAgentRunner-2020.01.05_10-50-03-+0200.xcresult
Testing started on 'iPhone 222'
Testing failed:
	WebDriverAgentRunner:
		WebDriverAgentRunner-Runner.app encountered an error (Failed to install or launch the test runner. (Underlying error: Unable to launch com.facebook20120300.WebDriverAgentRunner.xctrunner. (Underlying error: The operation couldn’t be completed. Unable to launch com.facebook20120300.WebDriverAgentRunner.xctrunner because it has an invalid code signature, inadequate entitlements or its profile has not been explicitly trusted by the user. : Failed to launch process with bundle identifier 'com.facebook20120300.WebDriverAgentRunner.xctrunner')))
** TEST EXECUTE FAILED **. Make sure you follow the tutorial at https://github.com/appium/appium-xcuitest-driver/blob/master/docs/real-device-config.md. Try to remove the WebDriverAgentRunner application from the device if it is installed and reboot the device.
Build info: version: '3.141.59', revision: 'e82be7d358', time: '2018-11-14T08:17:03'
System info: host: 'Medhats-MacBook-Pro.local', ip: 'fe80:0:0:0:10a8:a45e:4002:1a6%en0', os.name: 'Mac OS X', os.arch: 'x86_64', os.version: '10.14.6', java.version: '1.8.0_161'
Driver info: driver.version: IOSDriver
remote stacktrace: UnknownError: An unknown server-side error occurred while processing the command. Original error: Unable to launch WebDriverAgent because of xcodebuild failure: xcodebuild failed with code 65
xcodebuild error message:

2020-01-05 10:50:10.315 xcodebuild[11324:1129826] Error Domain=com.apple.platform.iphoneos Code=-12 "Unable to launch com.facebook20120300.WebDriverAgentRunner.xctrunner" UserInfo={NSLocalizedDescription=Unable to launch com.facebook20120300.WebDriverAgentRunner.xctrunner, NSUnderlyingError=0x7f91b8551f60 {Error Domain=DTXMessage Code=1 "The operation couldn’t be completed. Unable to launch com.facebook20120300.WebDriverAgentRunner.xctrunner because it has an invalid code signature, inadequate entitlements or its profile has not been explicitly trusted by the user. : Failed to launch process with bundle identifier 'com.facebook20120300.WebDriverAgentRunner.xctrunner'" UserInfo={NSLocalizedDescription=The operation couldn’t be completed. Unable to launch com.facebook20120300.WebDriverAgentRunner.xctrunner because it has an invalid code signature, inadequate entitlements or its profile has not been explicitly trusted by the user. : Failed to launch process with bundle identifier 'com.facebook20120300.WebDriverAgentRunner.xctrunner'}}}
Test session results, code coverage, and logs:
	/Users/medhatali/Library/Developer/Xcode/DerivedData/WebDriverAgent-ciegwgvxzxdrqthilmrmczmqvrgu/Logs/Test/Test-WebDriverAgentRunner-2020.01.05_10-50-03-+0200.xcresult
Testing started on 'iPhone 222'
Testing failed:
	WebDriverAgentRunner:
		WebDriverAgentRunner-Runner.app encountered an error (Failed to install or launch the test runner. (Underlying error: Unable to launch com.facebook20120300.WebDriverAgentRunner.xctrunner. (Underlying error: The operation couldn’t be completed. Unable to launch com.facebook20120300.WebDriverAgentRunner.xctrunner because it has an invalid code signature, inadequate entitlements or its profile has not been explicitly trusted by the user. : Failed to launch process with bundle identifier 'com.facebook20120300.WebDriverAgentRunner.xctrunner')))
** TEST EXECUTE FAILED **. Make sure you follow the tutorial at https://github.com/appium/appium-xcuitest-driver/blob/master/docs/real-device-config.md. Try to remove the WebDriverAgentRunner application from the device if it is installed and reboot the device.
    at getResponseForW3CError (/usr/local/lib/node_modules/appium/node_modules/appium-base-driver/lib/protocol/errors.js:826:9)
    at asyncHandler (/usr/local/lib/node_modules/appium/node_modules/appium-base-driver/lib/protocol/protocol.js:388:37)
	at sun.reflect.NativeConstructorAccessorImpl.newInstance0(Native Method)
	at sun.reflect.NativeConstructorAccessorImpl.newInstance(NativeConstructorAccessorImpl.java:62)
	at sun.reflect.DelegatingConstructorAccessorImpl.newInstance(DelegatingConstructorAccessorImpl.java:45)
	at java.lang.reflect.Constructor.newInstance(Constructor.java:423)
	at org.openqa.selenium.remote.W3CHandshakeResponse.lambda$errorHandler$0(W3CHandshakeResponse.java:62)
	at org.openqa.selenium.remote.HandshakeResponse.lambda$getResponseFunction$0(HandshakeResponse.java:30)
	at org.openqa.selenium.remote.ProtocolHandshake.lambda$createSession$0(ProtocolHandshake.java:126)
	at java.util.stream.ReferencePipeline$3$1.accept(ReferencePipeline.java:193)
	at java.util.Spliterators$ArraySpliterator.tryAdvance(Spliterators.java:958)
	at java.util.stream.ReferencePipeline.forEachWithCancel(ReferencePipeline.java:126)
	at java.util.stream.AbstractPipeline.copyIntoWithCancel(AbstractPipeline.java:498)
	at java.util.stream.AbstractPipeline.copyInto(AbstractPipeline.java:485)
	at java.util.stream.AbstractPipeline.wrapAndCopyInto(AbstractPipeline.java:471)
	at java.util.stream.FindOps$FindOp.evaluateSequential(FindOps.java:152)
	at java.util.stream.AbstractPipeline.evaluate(AbstractPipeline.java:234)
	at java.util.stream.ReferencePipeline.findFirst(ReferencePipeline.java:464)
	at org.openqa.selenium.remote.ProtocolHandshake.createSession(ProtocolHandshake.java:128)
	... 43 more
]]>
    </error>
  </testcase> <!-- Step8_dslLogout -->
  <testcase name="Step3_ValidateTheForumsDeeplinkAction_FrontGround" time="0.001" classname="pushNotificationTescasesDSL.TC006_pushNotification_Forums_DSL">
    <error type="org.openqa.selenium.SessionNotCreatedException" message="Unable to create a new remote session. Please check the server log for more details. Original error: An unknown server-side error occurred while processing the command. Original error: Unable to launch WebDriverAgent because of xcodebuild failure: xcodebuild failed with code 65
xcodebuild error message:

2020-01-05 10:50:10.315 xcodebuild[11324:1129826] Error Domain=com.apple.platform.iphoneos Code=-12 &quot;Unable to launch com.facebook20120300.WebDriverAgentRunner.xctrunner&quot; UserInfo={NSLocalizedDescription=Unable to launch com.facebook20120300.WebDriverAgentRunner.xctrunner, NSUnderlyingError=0x7f91b8551f60 {Error Domain=DTXMessage Code=1 &quot;The operation couldn’t be completed. Unable to launch com.facebook20120300.WebDriverAgentRunner.xctrunner because it has an invalid code signature, inadequate entitlements or its profile has not been explicitly trusted by the user. : Failed to launch process with bundle identifier &#039;com.facebook20120300.WebDriverAgentRunner.xctrunner&#039;&quot; UserInfo={NSLocalizedDescription=The operation couldn’t be completed. Unable to launch com.facebook20120300.WebDriverAgentRunner.xctrunner because it has an invalid code signature, inadequate entitlements or its profile has not been explicitly trusted by the user. : Failed to launch process with bundle identifier &#039;com.facebook20120300.WebDriverAgentRunner.xctrunner&#039;}}}
Test session results, code coverage, and logs:
	/Users/medhatali/Library/Developer/Xcode/DerivedData/WebDriverAgent-ciegwgvxzxdrqthilmrmczmqvrgu/Logs/Test/Test-WebDriverAgentRunner-2020.01.05_10-50-03-+0200.xcresult
Testing started on &#039;iPhone 222&#039;
Testing failed:
	WebDriverAgentRunner:
		WebDriverAgentRunner-Runner.app encountered an error (Failed to install or launch the test runner. (Underlying error: Unable to launch com.facebook20120300.WebDriverAgentRunner.xctrunner. (Underlying error: The operation couldn’t be completed. Unable to launch com.facebook20120300.WebDriverAgentRunner.xctrunner because it has an invalid code signature, inadequate entitlements or its profile has not been explicitly trusted by the user. : Failed to launch process with bundle identifier &#039;com.facebook20120300.WebDriverAgentRunner.xctrunner&#039;)))
** TEST EXECUTE FAILED **. Make sure you follow the tutorial at https://github.com/appium/appium-xcuitest-driver/blob/master/docs/real-device-config.md. Try to remove the WebDriverAgentRunner application from the device if it is installed and reboot the device.
Build info: version: &#039;3.141.59&#039;, revision: &#039;e82be7d358&#039;, time: &#039;2018-11-14T08:17:03&#039;
System info: host: &#039;Medhats-MacBook-Pro.local&#039;, ip: &#039;fe80:0:0:0:10a8:a45e:4002:1a6%en0&#039;, os.name: &#039;Mac OS X&#039;, os.arch: &#039;x86_64&#039;, os.version: &#039;10.14.6&#039;, java.version: &#039;1.8.0_161&#039;
Driver info: driver.version: IOSDriver
remote stacktrace: UnknownError: An unknown server-side error occurred while processing the command. Original error: Unable to launch WebDriverAgent because of xcodebuild failure: xcodebuild failed with code 65
xcodebuild error message:

2020-01-05 10:50:10.315 xcodebuild[11324:1129826] Error Domain=com.apple.platform.iphoneos Code=-12 &quot;Unable to launch com.facebook20120300.WebDriverAgentRunner.xctrunner&quot; UserInfo={NSLocalizedDescription=Unable to launch com.facebook20120300.WebDriverAgentRunner.xctrunner, NSUnderlyingError=0x7f91b8551f60 {Error Domain=DTXMessage Code=1 &quot;The operation couldn’t be completed. Unable to launch com.facebook20120300.WebDriverAgentRunner.xctrunner because it has an invalid code signature, inadequate entitlements or its profile has not been explicitly trusted by the user. : Failed to launch process with bundle identifier &#039;com.facebook20120300.WebDriverAgentRunner.xctrunner&#039;&quot; UserInfo={NSLocalizedDescription=The operation couldn’t be completed. Unable to launch com.facebook20120300.WebDriverAgentRunner.xctrunner because it has an invalid code signature, inadequate entitlements or its profile has not been explicitly trusted by the user. : Failed to launch process with bundle identifier &#039;com.facebook20120300.WebDriverAgentRunner.xctrunner&#039;}}}
Test session results, code coverage, and logs:
	/Users/medhatali/Library/Developer/Xcode/DerivedData/WebDriverAgent-ciegwgvxzxdrqthilmrmczmqvrgu/Logs/Test/Test-WebDriverAgentRunner-2020.01.05_10-50-03-+0200.xcresult
Testing started on &#039;iPhone 222&#039;
Testing failed:
	WebDriverAgentRunner:
		WebDriverAgentRunner-Runner.app encountered an error (Failed to install or launch the test runner. (Underlying error: Unable to launch com.facebook20120300.WebDriverAgentRunner.xctrunner. (Underlying error: The operation couldn’t be completed. Unable to launch com.facebook20120300.WebDriverAgentRunner.xctrunner because it has an invalid code signature, inadequate entitlements or its profile has not been explicitly trusted by the user. : Failed to launch process with bundle identifier &#039;com.facebook20120300.WebDriverAgentRunner.xctrunner&#039;)))
** TEST EXECUTE FAILED **. Make sure you follow the tutorial at https://github.com/appium/appium-xcuitest-driver/blob/master/docs/real-device-config.md. Try to remove the WebDriverAgentRunner application from the device if it is installed and reboot the device.
    at getResponseForW3CError (/usr/local/lib/node_modules/appium/node_modules/appium-base-driver/lib/protocol/errors.js:826:9)
    at asyncHandler (/usr/local/lib/node_modules/appium/node_modules/appium-base-driver/lib/protocol/protocol.js:388:37)
Build info: version: &#039;3.141.59&#039;, revision: &#039;e82be7d358&#039;, time: &#039;2018-11-14T08:17:03&#039;
System info: host: &#039;Medhats-MacBook-Pro.local&#039;, ip: &#039;fe80:0:0:0:10a8:a45e:4002:1a6%en0&#039;, os.name: &#039;Mac OS X&#039;, os.arch: &#039;x86_64&#039;, os.version: &#039;10.14.6&#039;, java.version: &#039;1.8.0_161&#039;
Driver info: driver.version: IOSDriver">
      <![CDATA[org.openqa.selenium.SessionNotCreatedException: Unable to create a new remote session. Please check the server log for more details. Original error: An unknown server-side error occurred while processing the command. Original error: Unable to launch WebDriverAgent because of xcodebuild failure: xcodebuild failed with code 65
xcodebuild error message:

2020-01-05 10:50:10.315 xcodebuild[11324:1129826] Error Domain=com.apple.platform.iphoneos Code=-12 "Unable to launch com.facebook20120300.WebDriverAgentRunner.xctrunner" UserInfo={NSLocalizedDescription=Unable to launch com.facebook20120300.WebDriverAgentRunner.xctrunner, NSUnderlyingError=0x7f91b8551f60 {Error Domain=DTXMessage Code=1 "The operation couldn’t be completed. Unable to launch com.facebook20120300.WebDriverAgentRunner.xctrunner because it has an invalid code signature, inadequate entitlements or its profile has not been explicitly trusted by the user. : Failed to launch process with bundle identifier 'com.facebook20120300.WebDriverAgentRunner.xctrunner'" UserInfo={NSLocalizedDescription=The operation couldn’t be completed. Unable to launch com.facebook20120300.WebDriverAgentRunner.xctrunner because it has an invalid code signature, inadequate entitlements or its profile has not been explicitly trusted by the user. : Failed to launch process with bundle identifier 'com.facebook20120300.WebDriverAgentRunner.xctrunner'}}}
Test session results, code coverage, and logs:
	/Users/medhatali/Library/Developer/Xcode/DerivedData/WebDriverAgent-ciegwgvxzxdrqthilmrmczmqvrgu/Logs/Test/Test-WebDriverAgentRunner-2020.01.05_10-50-03-+0200.xcresult
Testing started on 'iPhone 222'
Testing failed:
	WebDriverAgentRunner:
		WebDriverAgentRunner-Runner.app encountered an error (Failed to install or launch the test runner. (Underlying error: Unable to launch com.facebook20120300.WebDriverAgentRunner.xctrunner. (Underlying error: The operation couldn’t be completed. Unable to launch com.facebook20120300.WebDriverAgentRunner.xctrunner because it has an invalid code signature, inadequate entitlements or its profile has not been explicitly trusted by the user. : Failed to launch process with bundle identifier 'com.facebook20120300.WebDriverAgentRunner.xctrunner')))
** TEST EXECUTE FAILED **. Make sure you follow the tutorial at https://github.com/appium/appium-xcuitest-driver/blob/master/docs/real-device-config.md. Try to remove the WebDriverAgentRunner application from the device if it is installed and reboot the device.
Build info: version: '3.141.59', revision: 'e82be7d358', time: '2018-11-14T08:17:03'
System info: host: 'Medhats-MacBook-Pro.local', ip: 'fe80:0:0:0:10a8:a45e:4002:1a6%en0', os.name: 'Mac OS X', os.arch: 'x86_64', os.version: '10.14.6', java.version: '1.8.0_161'
Driver info: driver.version: IOSDriver
remote stacktrace: UnknownError: An unknown server-side error occurred while processing the command. Original error: Unable to launch WebDriverAgent because of xcodebuild failure: xcodebuild failed with code 65
xcodebuild error message:

2020-01-05 10:50:10.315 xcodebuild[11324:1129826] Error Domain=com.apple.platform.iphoneos Code=-12 "Unable to launch com.facebook20120300.WebDriverAgentRunner.xctrunner" UserInfo={NSLocalizedDescription=Unable to launch com.facebook20120300.WebDriverAgentRunner.xctrunner, NSUnderlyingError=0x7f91b8551f60 {Error Domain=DTXMessage Code=1 "The operation couldn’t be completed. Unable to launch com.facebook20120300.WebDriverAgentRunner.xctrunner because it has an invalid code signature, inadequate entitlements or its profile has not been explicitly trusted by the user. : Failed to launch process with bundle identifier 'com.facebook20120300.WebDriverAgentRunner.xctrunner'" UserInfo={NSLocalizedDescription=The operation couldn’t be completed. Unable to launch com.facebook20120300.WebDriverAgentRunner.xctrunner because it has an invalid code signature, inadequate entitlements or its profile has not been explicitly trusted by the user. : Failed to launch process with bundle identifier 'com.facebook20120300.WebDriverAgentRunner.xctrunner'}}}
Test session results, code coverage, and logs:
	/Users/medhatali/Library/Developer/Xcode/DerivedData/WebDriverAgent-ciegwgvxzxdrqthilmrmczmqvrgu/Logs/Test/Test-WebDriverAgentRunner-2020.01.05_10-50-03-+0200.xcresult
Testing started on 'iPhone 222'
Testing failed:
	WebDriverAgentRunner:
		WebDriverAgentRunner-Runner.app encountered an error (Failed to install or launch the test runner. (Underlying error: Unable to launch com.facebook20120300.WebDriverAgentRunner.xctrunner. (Underlying error: The operation couldn’t be completed. Unable to launch com.facebook20120300.WebDriverAgentRunner.xctrunner because it has an invalid code signature, inadequate entitlements or its profile has not been explicitly trusted by the user. : Failed to launch process with bundle identifier 'com.facebook20120300.WebDriverAgentRunner.xctrunner')))
** TEST EXECUTE FAILED **. Make sure you follow the tutorial at https://github.com/appium/appium-xcuitest-driver/blob/master/docs/real-device-config.md. Try to remove the WebDriverAgentRunner application from the device if it is installed and reboot the device.
    at getResponseForW3CError (/usr/local/lib/node_modules/appium/node_modules/appium-base-driver/lib/protocol/errors.js:826:9)
    at asyncHandler (/usr/local/lib/node_modules/appium/node_modules/appium-base-driver/lib/protocol/protocol.js:388:37)
Build info: version: '3.141.59', revision: 'e82be7d358', time: '2018-11-14T08:17:03'
System info: host: 'Medhats-MacBook-Pro.local', ip: 'fe80:0:0:0:10a8:a45e:4002:1a6%en0', os.name: 'Mac OS X', os.arch: 'x86_64', os.version: '10.14.6', java.version: '1.8.0_161'
Driver info: driver.version: IOSDriver
	at io.appium.java_client.remote.AppiumCommandExecutor$1.createSession(AppiumCommandExecutor.java:208)
	at io.appium.java_client.remote.AppiumCommandExecutor.createSession(AppiumCommandExecutor.java:217)
	at io.appium.java_client.remote.AppiumCommandExecutor.execute(AppiumCommandExecutor.java:239)
	at org.openqa.selenium.remote.RemoteWebDriver.execute(RemoteWebDriver.java:552)
	at io.appium.java_client.DefaultGenericMobileDriver.execute(DefaultGenericMobileDriver.java:41)
	at io.appium.java_client.AppiumDriver.execute(AppiumDriver.java:1)
	at io.appium.java_client.ios.IOSDriver.execute(IOSDriver.java:1)
	at org.openqa.selenium.remote.RemoteWebDriver.startSession(RemoteWebDriver.java:213)
	at io.appium.java_client.AppiumDriver.startSession(AppiumDriver.java:336)
	at org.openqa.selenium.remote.RemoteWebDriver.<init>(RemoteWebDriver.java:131)
	at io.appium.java_client.DefaultGenericMobileDriver.<init>(DefaultGenericMobileDriver.java:37)
	at io.appium.java_client.AppiumDriver.<init>(AppiumDriver.java:88)
	at io.appium.java_client.AppiumDriver.<init>(AppiumDriver.java:98)
	at io.appium.java_client.ios.IOSDriver.<init>(IOSDriver.java:90)
	at testBase.MobileTestBase.baseTest(MobileTestBase.java:33)
	at sun.reflect.NativeMethodAccessorImpl.invoke0(Native Method)
	at sun.reflect.NativeMethodAccessorImpl.invoke(NativeMethodAccessorImpl.java:62)
	at sun.reflect.DelegatingMethodAccessorImpl.invoke(DelegatingMethodAccessorImpl.java:43)
	at java.lang.reflect.Method.invoke(Method.java:498)
	at org.testng.internal.MethodInvocationHelper.invokeMethod(MethodInvocationHelper.java:86)
	at org.testng.internal.Invoker.invokeConfigurationMethod(Invoker.java:514)
	at org.testng.internal.Invoker.invokeConfigurations(Invoker.java:215)
	at org.testng.internal.Invoker.invokeConfigurations(Invoker.java:142)
	at org.testng.internal.TestMethodWorker.invokeBeforeClassMethods(TestMethodWorker.java:178)
	at org.testng.internal.TestMethodWorker.run(TestMethodWorker.java:108)
	at org.testng.TestRunner.privateRun(TestRunner.java:782)
	at org.testng.TestRunner.run(TestRunner.java:632)
	at org.testng.SuiteRunner.runTest(SuiteRunner.java:366)
	at org.testng.SuiteRunner.runSequentially(SuiteRunner.java:361)
	at org.testng.SuiteRunner.privateRun(SuiteRunner.java:319)
	at org.testng.SuiteRunner.run(SuiteRunner.java:268)
	at org.testng.SuiteRunnerWorker.runSuite(SuiteRunnerWorker.java:52)
	at org.testng.SuiteRunnerWorker.run(SuiteRunnerWorker.java:86)
	at org.testng.TestNG.runSuitesSequentially(TestNG.java:1244)
	at org.testng.TestNG.runSuitesLocally(TestNG.java:1169)
	at org.testng.TestNG.run(TestNG.java:1064)
	at org.testng.remote.AbstractRemoteTestNG.run(AbstractRemoteTestNG.java:115)
	at org.testng.remote.RemoteTestNG.initAndRun(RemoteTestNG.java:251)
	at org.testng.remote.RemoteTestNG.main(RemoteTestNG.java:77)
Caused by: java.lang.reflect.InvocationTargetException
	at sun.reflect.NativeMethodAccessorImpl.invoke0(Native Method)
	at sun.reflect.NativeMethodAccessorImpl.invoke(NativeMethodAccessorImpl.java:62)
	at sun.reflect.DelegatingMethodAccessorImpl.invoke(DelegatingMethodAccessorImpl.java:43)
	at java.lang.reflect.Method.invoke(Method.java:498)
	at io.appium.java_client.remote.AppiumCommandExecutor$1.createSession(AppiumCommandExecutor.java:186)
	... 38 more
Caused by: org.openqa.selenium.WebDriverException: An unknown server-side error occurred while processing the command. Original error: Unable to launch WebDriverAgent because of xcodebuild failure: xcodebuild failed with code 65
xcodebuild error message:

2020-01-05 10:50:10.315 xcodebuild[11324:1129826] Error Domain=com.apple.platform.iphoneos Code=-12 "Unable to launch com.facebook20120300.WebDriverAgentRunner.xctrunner" UserInfo={NSLocalizedDescription=Unable to launch com.facebook20120300.WebDriverAgentRunner.xctrunner, NSUnderlyingError=0x7f91b8551f60 {Error Domain=DTXMessage Code=1 "The operation couldn’t be completed. Unable to launch com.facebook20120300.WebDriverAgentRunner.xctrunner because it has an invalid code signature, inadequate entitlements or its profile has not been explicitly trusted by the user. : Failed to launch process with bundle identifier 'com.facebook20120300.WebDriverAgentRunner.xctrunner'" UserInfo={NSLocalizedDescription=The operation couldn’t be completed. Unable to launch com.facebook20120300.WebDriverAgentRunner.xctrunner because it has an invalid code signature, inadequate entitlements or its profile has not been explicitly trusted by the user. : Failed to launch process with bundle identifier 'com.facebook20120300.WebDriverAgentRunner.xctrunner'}}}
Test session results, code coverage, and logs:
	/Users/medhatali/Library/Developer/Xcode/DerivedData/WebDriverAgent-ciegwgvxzxdrqthilmrmczmqvrgu/Logs/Test/Test-WebDriverAgentRunner-2020.01.05_10-50-03-+0200.xcresult
Testing started on 'iPhone 222'
Testing failed:
	WebDriverAgentRunner:
		WebDriverAgentRunner-Runner.app encountered an error (Failed to install or launch the test runner. (Underlying error: Unable to launch com.facebook20120300.WebDriverAgentRunner.xctrunner. (Underlying error: The operation couldn’t be completed. Unable to launch com.facebook20120300.WebDriverAgentRunner.xctrunner because it has an invalid code signature, inadequate entitlements or its profile has not been explicitly trusted by the user. : Failed to launch process with bundle identifier 'com.facebook20120300.WebDriverAgentRunner.xctrunner')))
** TEST EXECUTE FAILED **. Make sure you follow the tutorial at https://github.com/appium/appium-xcuitest-driver/blob/master/docs/real-device-config.md. Try to remove the WebDriverAgentRunner application from the device if it is installed and reboot the device.
Build info: version: '3.141.59', revision: 'e82be7d358', time: '2018-11-14T08:17:03'
System info: host: 'Medhats-MacBook-Pro.local', ip: 'fe80:0:0:0:10a8:a45e:4002:1a6%en0', os.name: 'Mac OS X', os.arch: 'x86_64', os.version: '10.14.6', java.version: '1.8.0_161'
Driver info: driver.version: IOSDriver
remote stacktrace: UnknownError: An unknown server-side error occurred while processing the command. Original error: Unable to launch WebDriverAgent because of xcodebuild failure: xcodebuild failed with code 65
xcodebuild error message:

2020-01-05 10:50:10.315 xcodebuild[11324:1129826] Error Domain=com.apple.platform.iphoneos Code=-12 "Unable to launch com.facebook20120300.WebDriverAgentRunner.xctrunner" UserInfo={NSLocalizedDescription=Unable to launch com.facebook20120300.WebDriverAgentRunner.xctrunner, NSUnderlyingError=0x7f91b8551f60 {Error Domain=DTXMessage Code=1 "The operation couldn’t be completed. Unable to launch com.facebook20120300.WebDriverAgentRunner.xctrunner because it has an invalid code signature, inadequate entitlements or its profile has not been explicitly trusted by the user. : Failed to launch process with bundle identifier 'com.facebook20120300.WebDriverAgentRunner.xctrunner'" UserInfo={NSLocalizedDescription=The operation couldn’t be completed. Unable to launch com.facebook20120300.WebDriverAgentRunner.xctrunner because it has an invalid code signature, inadequate entitlements or its profile has not been explicitly trusted by the user. : Failed to launch process with bundle identifier 'com.facebook20120300.WebDriverAgentRunner.xctrunner'}}}
Test session results, code coverage, and logs:
	/Users/medhatali/Library/Developer/Xcode/DerivedData/WebDriverAgent-ciegwgvxzxdrqthilmrmczmqvrgu/Logs/Test/Test-WebDriverAgentRunner-2020.01.05_10-50-03-+0200.xcresult
Testing started on 'iPhone 222'
Testing failed:
	WebDriverAgentRunner:
		WebDriverAgentRunner-Runner.app encountered an error (Failed to install or launch the test runner. (Underlying error: Unable to launch com.facebook20120300.WebDriverAgentRunner.xctrunner. (Underlying error: The operation couldn’t be completed. Unable to launch com.facebook20120300.WebDriverAgentRunner.xctrunner because it has an invalid code signature, inadequate entitlements or its profile has not been explicitly trusted by the user. : Failed to launch process with bundle identifier 'com.facebook20120300.WebDriverAgentRunner.xctrunner')))
** TEST EXECUTE FAILED **. Make sure you follow the tutorial at https://github.com/appium/appium-xcuitest-driver/blob/master/docs/real-device-config.md. Try to remove the WebDriverAgentRunner application from the device if it is installed and reboot the device.
    at getResponseForW3CError (/usr/local/lib/node_modules/appium/node_modules/appium-base-driver/lib/protocol/errors.js:826:9)
    at asyncHandler (/usr/local/lib/node_modules/appium/node_modules/appium-base-driver/lib/protocol/protocol.js:388:37)
	at sun.reflect.NativeConstructorAccessorImpl.newInstance0(Native Method)
	at sun.reflect.NativeConstructorAccessorImpl.newInstance(NativeConstructorAccessorImpl.java:62)
	at sun.reflect.DelegatingConstructorAccessorImpl.newInstance(DelegatingConstructorAccessorImpl.java:45)
	at java.lang.reflect.Constructor.newInstance(Constructor.java:423)
	at org.openqa.selenium.remote.W3CHandshakeResponse.lambda$errorHandler$0(W3CHandshakeResponse.java:62)
	at org.openqa.selenium.remote.HandshakeResponse.lambda$getResponseFunction$0(HandshakeResponse.java:30)
	at org.openqa.selenium.remote.ProtocolHandshake.lambda$createSession$0(ProtocolHandshake.java:126)
	at java.util.stream.ReferencePipeline$3$1.accept(ReferencePipeline.java:193)
	at java.util.Spliterators$ArraySpliterator.tryAdvance(Spliterators.java:958)
	at java.util.stream.ReferencePipeline.forEachWithCancel(ReferencePipeline.java:126)
	at java.util.stream.AbstractPipeline.copyIntoWithCancel(AbstractPipeline.java:498)
	at java.util.stream.AbstractPipeline.copyInto(AbstractPipeline.java:485)
	at java.util.stream.AbstractPipeline.wrapAndCopyInto(AbstractPipeline.java:471)
	at java.util.stream.FindOps$FindOp.evaluateSequential(FindOps.java:152)
	at java.util.stream.AbstractPipeline.evaluate(AbstractPipeline.java:234)
	at java.util.stream.ReferencePipeline.findFirst(ReferencePipeline.java:464)
	at org.openqa.selenium.remote.ProtocolHandshake.createSession(ProtocolHandshake.java:128)
	... 43 more
]]>
    </error>
  </testcase> <!-- Step3_ValidateTheForumsDeeplinkAction_FrontGround -->
  <testcase name="Step7_ValidateTheForumsDeeplinkAction_AfterKillingTheApp" time="0.001" classname="pushNotificationTescasesDSL.TC006_pushNotification_Forums_DSL">
    <error type="org.openqa.selenium.SessionNotCreatedException" message="Unable to create a new remote session. Please check the server log for more details. Original error: An unknown server-side error occurred while processing the command. Original error: Unable to launch WebDriverAgent because of xcodebuild failure: xcodebuild failed with code 65
xcodebuild error message:

2020-01-05 10:50:10.315 xcodebuild[11324:1129826] Error Domain=com.apple.platform.iphoneos Code=-12 &quot;Unable to launch com.facebook20120300.WebDriverAgentRunner.xctrunner&quot; UserInfo={NSLocalizedDescription=Unable to launch com.facebook20120300.WebDriverAgentRunner.xctrunner, NSUnderlyingError=0x7f91b8551f60 {Error Domain=DTXMessage Code=1 &quot;The operation couldn’t be completed. Unable to launch com.facebook20120300.WebDriverAgentRunner.xctrunner because it has an invalid code signature, inadequate entitlements or its profile has not been explicitly trusted by the user. : Failed to launch process with bundle identifier &#039;com.facebook20120300.WebDriverAgentRunner.xctrunner&#039;&quot; UserInfo={NSLocalizedDescription=The operation couldn’t be completed. Unable to launch com.facebook20120300.WebDriverAgentRunner.xctrunner because it has an invalid code signature, inadequate entitlements or its profile has not been explicitly trusted by the user. : Failed to launch process with bundle identifier &#039;com.facebook20120300.WebDriverAgentRunner.xctrunner&#039;}}}
Test session results, code coverage, and logs:
	/Users/medhatali/Library/Developer/Xcode/DerivedData/WebDriverAgent-ciegwgvxzxdrqthilmrmczmqvrgu/Logs/Test/Test-WebDriverAgentRunner-2020.01.05_10-50-03-+0200.xcresult
Testing started on &#039;iPhone 222&#039;
Testing failed:
	WebDriverAgentRunner:
		WebDriverAgentRunner-Runner.app encountered an error (Failed to install or launch the test runner. (Underlying error: Unable to launch com.facebook20120300.WebDriverAgentRunner.xctrunner. (Underlying error: The operation couldn’t be completed. Unable to launch com.facebook20120300.WebDriverAgentRunner.xctrunner because it has an invalid code signature, inadequate entitlements or its profile has not been explicitly trusted by the user. : Failed to launch process with bundle identifier &#039;com.facebook20120300.WebDriverAgentRunner.xctrunner&#039;)))
** TEST EXECUTE FAILED **. Make sure you follow the tutorial at https://github.com/appium/appium-xcuitest-driver/blob/master/docs/real-device-config.md. Try to remove the WebDriverAgentRunner application from the device if it is installed and reboot the device.
Build info: version: &#039;3.141.59&#039;, revision: &#039;e82be7d358&#039;, time: &#039;2018-11-14T08:17:03&#039;
System info: host: &#039;Medhats-MacBook-Pro.local&#039;, ip: &#039;fe80:0:0:0:10a8:a45e:4002:1a6%en0&#039;, os.name: &#039;Mac OS X&#039;, os.arch: &#039;x86_64&#039;, os.version: &#039;10.14.6&#039;, java.version: &#039;1.8.0_161&#039;
Driver info: driver.version: IOSDriver
remote stacktrace: UnknownError: An unknown server-side error occurred while processing the command. Original error: Unable to launch WebDriverAgent because of xcodebuild failure: xcodebuild failed with code 65
xcodebuild error message:

2020-01-05 10:50:10.315 xcodebuild[11324:1129826] Error Domain=com.apple.platform.iphoneos Code=-12 &quot;Unable to launch com.facebook20120300.WebDriverAgentRunner.xctrunner&quot; UserInfo={NSLocalizedDescription=Unable to launch com.facebook20120300.WebDriverAgentRunner.xctrunner, NSUnderlyingError=0x7f91b8551f60 {Error Domain=DTXMessage Code=1 &quot;The operation couldn’t be completed. Unable to launch com.facebook20120300.WebDriverAgentRunner.xctrunner because it has an invalid code signature, inadequate entitlements or its profile has not been explicitly trusted by the user. : Failed to launch process with bundle identifier &#039;com.facebook20120300.WebDriverAgentRunner.xctrunner&#039;&quot; UserInfo={NSLocalizedDescription=The operation couldn’t be completed. Unable to launch com.facebook20120300.WebDriverAgentRunner.xctrunner because it has an invalid code signature, inadequate entitlements or its profile has not been explicitly trusted by the user. : Failed to launch process with bundle identifier &#039;com.facebook20120300.WebDriverAgentRunner.xctrunner&#039;}}}
Test session results, code coverage, and logs:
	/Users/medhatali/Library/Developer/Xcode/DerivedData/WebDriverAgent-ciegwgvxzxdrqthilmrmczmqvrgu/Logs/Test/Test-WebDriverAgentRunner-2020.01.05_10-50-03-+0200.xcresult
Testing started on &#039;iPhone 222&#039;
Testing failed:
	WebDriverAgentRunner:
		WebDriverAgentRunner-Runner.app encountered an error (Failed to install or launch the test runner. (Underlying error: Unable to launch com.facebook20120300.WebDriverAgentRunner.xctrunner. (Underlying error: The operation couldn’t be completed. Unable to launch com.facebook20120300.WebDriverAgentRunner.xctrunner because it has an invalid code signature, inadequate entitlements or its profile has not been explicitly trusted by the user. : Failed to launch process with bundle identifier &#039;com.facebook20120300.WebDriverAgentRunner.xctrunner&#039;)))
** TEST EXECUTE FAILED **. Make sure you follow the tutorial at https://github.com/appium/appium-xcuitest-driver/blob/master/docs/real-device-config.md. Try to remove the WebDriverAgentRunner application from the device if it is installed and reboot the device.
    at getResponseForW3CError (/usr/local/lib/node_modules/appium/node_modules/appium-base-driver/lib/protocol/errors.js:826:9)
    at asyncHandler (/usr/local/lib/node_modules/appium/node_modules/appium-base-driver/lib/protocol/protocol.js:388:37)
Build info: version: &#039;3.141.59&#039;, revision: &#039;e82be7d358&#039;, time: &#039;2018-11-14T08:17:03&#039;
System info: host: &#039;Medhats-MacBook-Pro.local&#039;, ip: &#039;fe80:0:0:0:10a8:a45e:4002:1a6%en0&#039;, os.name: &#039;Mac OS X&#039;, os.arch: &#039;x86_64&#039;, os.version: &#039;10.14.6&#039;, java.version: &#039;1.8.0_161&#039;
Driver info: driver.version: IOSDriver">
      <![CDATA[org.openqa.selenium.SessionNotCreatedException: Unable to create a new remote session. Please check the server log for more details. Original error: An unknown server-side error occurred while processing the command. Original error: Unable to launch WebDriverAgent because of xcodebuild failure: xcodebuild failed with code 65
xcodebuild error message:

2020-01-05 10:50:10.315 xcodebuild[11324:1129826] Error Domain=com.apple.platform.iphoneos Code=-12 "Unable to launch com.facebook20120300.WebDriverAgentRunner.xctrunner" UserInfo={NSLocalizedDescription=Unable to launch com.facebook20120300.WebDriverAgentRunner.xctrunner, NSUnderlyingError=0x7f91b8551f60 {Error Domain=DTXMessage Code=1 "The operation couldn’t be completed. Unable to launch com.facebook20120300.WebDriverAgentRunner.xctrunner because it has an invalid code signature, inadequate entitlements or its profile has not been explicitly trusted by the user. : Failed to launch process with bundle identifier 'com.facebook20120300.WebDriverAgentRunner.xctrunner'" UserInfo={NSLocalizedDescription=The operation couldn’t be completed. Unable to launch com.facebook20120300.WebDriverAgentRunner.xctrunner because it has an invalid code signature, inadequate entitlements or its profile has not been explicitly trusted by the user. : Failed to launch process with bundle identifier 'com.facebook20120300.WebDriverAgentRunner.xctrunner'}}}
Test session results, code coverage, and logs:
	/Users/medhatali/Library/Developer/Xcode/DerivedData/WebDriverAgent-ciegwgvxzxdrqthilmrmczmqvrgu/Logs/Test/Test-WebDriverAgentRunner-2020.01.05_10-50-03-+0200.xcresult
Testing started on 'iPhone 222'
Testing failed:
	WebDriverAgentRunner:
		WebDriverAgentRunner-Runner.app encountered an error (Failed to install or launch the test runner. (Underlying error: Unable to launch com.facebook20120300.WebDriverAgentRunner.xctrunner. (Underlying error: The operation couldn’t be completed. Unable to launch com.facebook20120300.WebDriverAgentRunner.xctrunner because it has an invalid code signature, inadequate entitlements or its profile has not been explicitly trusted by the user. : Failed to launch process with bundle identifier 'com.facebook20120300.WebDriverAgentRunner.xctrunner')))
** TEST EXECUTE FAILED **. Make sure you follow the tutorial at https://github.com/appium/appium-xcuitest-driver/blob/master/docs/real-device-config.md. Try to remove the WebDriverAgentRunner application from the device if it is installed and reboot the device.
Build info: version: '3.141.59', revision: 'e82be7d358', time: '2018-11-14T08:17:03'
System info: host: 'Medhats-MacBook-Pro.local', ip: 'fe80:0:0:0:10a8:a45e:4002:1a6%en0', os.name: 'Mac OS X', os.arch: 'x86_64', os.version: '10.14.6', java.version: '1.8.0_161'
Driver info: driver.version: IOSDriver
remote stacktrace: UnknownError: An unknown server-side error occurred while processing the command. Original error: Unable to launch WebDriverAgent because of xcodebuild failure: xcodebuild failed with code 65
xcodebuild error message:

2020-01-05 10:50:10.315 xcodebuild[11324:1129826] Error Domain=com.apple.platform.iphoneos Code=-12 "Unable to launch com.facebook20120300.WebDriverAgentRunner.xctrunner" UserInfo={NSLocalizedDescription=Unable to launch com.facebook20120300.WebDriverAgentRunner.xctrunner, NSUnderlyingError=0x7f91b8551f60 {Error Domain=DTXMessage Code=1 "The operation couldn’t be completed. Unable to launch com.facebook20120300.WebDriverAgentRunner.xctrunner because it has an invalid code signature, inadequate entitlements or its profile has not been explicitly trusted by the user. : Failed to launch process with bundle identifier 'com.facebook20120300.WebDriverAgentRunner.xctrunner'" UserInfo={NSLocalizedDescription=The operation couldn’t be completed. Unable to launch com.facebook20120300.WebDriverAgentRunner.xctrunner because it has an invalid code signature, inadequate entitlements or its profile has not been explicitly trusted by the user. : Failed to launch process with bundle identifier 'com.facebook20120300.WebDriverAgentRunner.xctrunner'}}}
Test session results, code coverage, and logs:
	/Users/medhatali/Library/Developer/Xcode/DerivedData/WebDriverAgent-ciegwgvxzxdrqthilmrmczmqvrgu/Logs/Test/Test-WebDriverAgentRunner-2020.01.05_10-50-03-+0200.xcresult
Testing started on 'iPhone 222'
Testing failed:
	WebDriverAgentRunner:
		WebDriverAgentRunner-Runner.app encountered an error (Failed to install or launch the test runner. (Underlying error: Unable to launch com.facebook20120300.WebDriverAgentRunner.xctrunner. (Underlying error: The operation couldn’t be completed. Unable to launch com.facebook20120300.WebDriverAgentRunner.xctrunner because it has an invalid code signature, inadequate entitlements or its profile has not been explicitly trusted by the user. : Failed to launch process with bundle identifier 'com.facebook20120300.WebDriverAgentRunner.xctrunner')))
** TEST EXECUTE FAILED **. Make sure you follow the tutorial at https://github.com/appium/appium-xcuitest-driver/blob/master/docs/real-device-config.md. Try to remove the WebDriverAgentRunner application from the device if it is installed and reboot the device.
    at getResponseForW3CError (/usr/local/lib/node_modules/appium/node_modules/appium-base-driver/lib/protocol/errors.js:826:9)
    at asyncHandler (/usr/local/lib/node_modules/appium/node_modules/appium-base-driver/lib/protocol/protocol.js:388:37)
Build info: version: '3.141.59', revision: 'e82be7d358', time: '2018-11-14T08:17:03'
System info: host: 'Medhats-MacBook-Pro.local', ip: 'fe80:0:0:0:10a8:a45e:4002:1a6%en0', os.name: 'Mac OS X', os.arch: 'x86_64', os.version: '10.14.6', java.version: '1.8.0_161'
Driver info: driver.version: IOSDriver
	at io.appium.java_client.remote.AppiumCommandExecutor$1.createSession(AppiumCommandExecutor.java:208)
	at io.appium.java_client.remote.AppiumCommandExecutor.createSession(AppiumCommandExecutor.java:217)
	at io.appium.java_client.remote.AppiumCommandExecutor.execute(AppiumCommandExecutor.java:239)
	at org.openqa.selenium.remote.RemoteWebDriver.execute(RemoteWebDriver.java:552)
	at io.appium.java_client.DefaultGenericMobileDriver.execute(DefaultGenericMobileDriver.java:41)
	at io.appium.java_client.AppiumDriver.execute(AppiumDriver.java:1)
	at io.appium.java_client.ios.IOSDriver.execute(IOSDriver.java:1)
	at org.openqa.selenium.remote.RemoteWebDriver.startSession(RemoteWebDriver.java:213)
	at io.appium.java_client.AppiumDriver.startSession(AppiumDriver.java:336)
	at org.openqa.selenium.remote.RemoteWebDriver.<init>(RemoteWebDriver.java:131)
	at io.appium.java_client.DefaultGenericMobileDriver.<init>(DefaultGenericMobileDriver.java:37)
	at io.appium.java_client.AppiumDriver.<init>(AppiumDriver.java:88)
	at io.appium.java_client.AppiumDriver.<init>(AppiumDriver.java:98)
	at io.appium.java_client.ios.IOSDriver.<init>(IOSDriver.java:90)
	at testBase.MobileTestBase.baseTest(MobileTestBase.java:33)
	at sun.reflect.NativeMethodAccessorImpl.invoke0(Native Method)
	at sun.reflect.NativeMethodAccessorImpl.invoke(NativeMethodAccessorImpl.java:62)
	at sun.reflect.DelegatingMethodAccessorImpl.invoke(DelegatingMethodAccessorImpl.java:43)
	at java.lang.reflect.Method.invoke(Method.java:498)
	at org.testng.internal.MethodInvocationHelper.invokeMethod(MethodInvocationHelper.java:86)
	at org.testng.internal.Invoker.invokeConfigurationMethod(Invoker.java:514)
	at org.testng.internal.Invoker.invokeConfigurations(Invoker.java:215)
	at org.testng.internal.Invoker.invokeConfigurations(Invoker.java:142)
	at org.testng.internal.TestMethodWorker.invokeBeforeClassMethods(TestMethodWorker.java:178)
	at org.testng.internal.TestMethodWorker.run(TestMethodWorker.java:108)
	at org.testng.TestRunner.privateRun(TestRunner.java:782)
	at org.testng.TestRunner.run(TestRunner.java:632)
	at org.testng.SuiteRunner.runTest(SuiteRunner.java:366)
	at org.testng.SuiteRunner.runSequentially(SuiteRunner.java:361)
	at org.testng.SuiteRunner.privateRun(SuiteRunner.java:319)
	at org.testng.SuiteRunner.run(SuiteRunner.java:268)
	at org.testng.SuiteRunnerWorker.runSuite(SuiteRunnerWorker.java:52)
	at org.testng.SuiteRunnerWorker.run(SuiteRunnerWorker.java:86)
	at org.testng.TestNG.runSuitesSequentially(TestNG.java:1244)
	at org.testng.TestNG.runSuitesLocally(TestNG.java:1169)
	at org.testng.TestNG.run(TestNG.java:1064)
	at org.testng.remote.AbstractRemoteTestNG.run(AbstractRemoteTestNG.java:115)
	at org.testng.remote.RemoteTestNG.initAndRun(RemoteTestNG.java:251)
	at org.testng.remote.RemoteTestNG.main(RemoteTestNG.java:77)
Caused by: java.lang.reflect.InvocationTargetException
	at sun.reflect.NativeMethodAccessorImpl.invoke0(Native Method)
	at sun.reflect.NativeMethodAccessorImpl.invoke(NativeMethodAccessorImpl.java:62)
	at sun.reflect.DelegatingMethodAccessorImpl.invoke(DelegatingMethodAccessorImpl.java:43)
	at java.lang.reflect.Method.invoke(Method.java:498)
	at io.appium.java_client.remote.AppiumCommandExecutor$1.createSession(AppiumCommandExecutor.java:186)
	... 38 more
Caused by: org.openqa.selenium.WebDriverException: An unknown server-side error occurred while processing the command. Original error: Unable to launch WebDriverAgent because of xcodebuild failure: xcodebuild failed with code 65
xcodebuild error message:

2020-01-05 10:50:10.315 xcodebuild[11324:1129826] Error Domain=com.apple.platform.iphoneos Code=-12 "Unable to launch com.facebook20120300.WebDriverAgentRunner.xctrunner" UserInfo={NSLocalizedDescription=Unable to launch com.facebook20120300.WebDriverAgentRunner.xctrunner, NSUnderlyingError=0x7f91b8551f60 {Error Domain=DTXMessage Code=1 "The operation couldn’t be completed. Unable to launch com.facebook20120300.WebDriverAgentRunner.xctrunner because it has an invalid code signature, inadequate entitlements or its profile has not been explicitly trusted by the user. : Failed to launch process with bundle identifier 'com.facebook20120300.WebDriverAgentRunner.xctrunner'" UserInfo={NSLocalizedDescription=The operation couldn’t be completed. Unable to launch com.facebook20120300.WebDriverAgentRunner.xctrunner because it has an invalid code signature, inadequate entitlements or its profile has not been explicitly trusted by the user. : Failed to launch process with bundle identifier 'com.facebook20120300.WebDriverAgentRunner.xctrunner'}}}
Test session results, code coverage, and logs:
	/Users/medhatali/Library/Developer/Xcode/DerivedData/WebDriverAgent-ciegwgvxzxdrqthilmrmczmqvrgu/Logs/Test/Test-WebDriverAgentRunner-2020.01.05_10-50-03-+0200.xcresult
Testing started on 'iPhone 222'
Testing failed:
	WebDriverAgentRunner:
		WebDriverAgentRunner-Runner.app encountered an error (Failed to install or launch the test runner. (Underlying error: Unable to launch com.facebook20120300.WebDriverAgentRunner.xctrunner. (Underlying error: The operation couldn’t be completed. Unable to launch com.facebook20120300.WebDriverAgentRunner.xctrunner because it has an invalid code signature, inadequate entitlements or its profile has not been explicitly trusted by the user. : Failed to launch process with bundle identifier 'com.facebook20120300.WebDriverAgentRunner.xctrunner')))
** TEST EXECUTE FAILED **. Make sure you follow the tutorial at https://github.com/appium/appium-xcuitest-driver/blob/master/docs/real-device-config.md. Try to remove the WebDriverAgentRunner application from the device if it is installed and reboot the device.
Build info: version: '3.141.59', revision: 'e82be7d358', time: '2018-11-14T08:17:03'
System info: host: 'Medhats-MacBook-Pro.local', ip: 'fe80:0:0:0:10a8:a45e:4002:1a6%en0', os.name: 'Mac OS X', os.arch: 'x86_64', os.version: '10.14.6', java.version: '1.8.0_161'
Driver info: driver.version: IOSDriver
remote stacktrace: UnknownError: An unknown server-side error occurred while processing the command. Original error: Unable to launch WebDriverAgent because of xcodebuild failure: xcodebuild failed with code 65
xcodebuild error message:

2020-01-05 10:50:10.315 xcodebuild[11324:1129826] Error Domain=com.apple.platform.iphoneos Code=-12 "Unable to launch com.facebook20120300.WebDriverAgentRunner.xctrunner" UserInfo={NSLocalizedDescription=Unable to launch com.facebook20120300.WebDriverAgentRunner.xctrunner, NSUnderlyingError=0x7f91b8551f60 {Error Domain=DTXMessage Code=1 "The operation couldn’t be completed. Unable to launch com.facebook20120300.WebDriverAgentRunner.xctrunner because it has an invalid code signature, inadequate entitlements or its profile has not been explicitly trusted by the user. : Failed to launch process with bundle identifier 'com.facebook20120300.WebDriverAgentRunner.xctrunner'" UserInfo={NSLocalizedDescription=The operation couldn’t be completed. Unable to launch com.facebook20120300.WebDriverAgentRunner.xctrunner because it has an invalid code signature, inadequate entitlements or its profile has not been explicitly trusted by the user. : Failed to launch process with bundle identifier 'com.facebook20120300.WebDriverAgentRunner.xctrunner'}}}
Test session results, code coverage, and logs:
	/Users/medhatali/Library/Developer/Xcode/DerivedData/WebDriverAgent-ciegwgvxzxdrqthilmrmczmqvrgu/Logs/Test/Test-WebDriverAgentRunner-2020.01.05_10-50-03-+0200.xcresult
Testing started on 'iPhone 222'
Testing failed:
	WebDriverAgentRunner:
		WebDriverAgentRunner-Runner.app encountered an error (Failed to install or launch the test runner. (Underlying error: Unable to launch com.facebook20120300.WebDriverAgentRunner.xctrunner. (Underlying error: The operation couldn’t be completed. Unable to launch com.facebook20120300.WebDriverAgentRunner.xctrunner because it has an invalid code signature, inadequate entitlements or its profile has not been explicitly trusted by the user. : Failed to launch process with bundle identifier 'com.facebook20120300.WebDriverAgentRunner.xctrunner')))
** TEST EXECUTE FAILED **. Make sure you follow the tutorial at https://github.com/appium/appium-xcuitest-driver/blob/master/docs/real-device-config.md. Try to remove the WebDriverAgentRunner application from the device if it is installed and reboot the device.
    at getResponseForW3CError (/usr/local/lib/node_modules/appium/node_modules/appium-base-driver/lib/protocol/errors.js:826:9)
    at asyncHandler (/usr/local/lib/node_modules/appium/node_modules/appium-base-driver/lib/protocol/protocol.js:388:37)
	at sun.reflect.NativeConstructorAccessorImpl.newInstance0(Native Method)
	at sun.reflect.NativeConstructorAccessorImpl.newInstance(NativeConstructorAccessorImpl.java:62)
	at sun.reflect.DelegatingConstructorAccessorImpl.newInstance(DelegatingConstructorAccessorImpl.java:45)
	at java.lang.reflect.Constructor.newInstance(Constructor.java:423)
	at org.openqa.selenium.remote.W3CHandshakeResponse.lambda$errorHandler$0(W3CHandshakeResponse.java:62)
	at org.openqa.selenium.remote.HandshakeResponse.lambda$getResponseFunction$0(HandshakeResponse.java:30)
	at org.openqa.selenium.remote.ProtocolHandshake.lambda$createSession$0(ProtocolHandshake.java:126)
	at java.util.stream.ReferencePipeline$3$1.accept(ReferencePipeline.java:193)
	at java.util.Spliterators$ArraySpliterator.tryAdvance(Spliterators.java:958)
	at java.util.stream.ReferencePipeline.forEachWithCancel(ReferencePipeline.java:126)
	at java.util.stream.AbstractPipeline.copyIntoWithCancel(AbstractPipeline.java:498)
	at java.util.stream.AbstractPipeline.copyInto(AbstractPipeline.java:485)
	at java.util.stream.AbstractPipeline.wrapAndCopyInto(AbstractPipeline.java:471)
	at java.util.stream.FindOps$FindOp.evaluateSequential(FindOps.java:152)
	at java.util.stream.AbstractPipeline.evaluate(AbstractPipeline.java:234)
	at java.util.stream.ReferencePipeline.findFirst(ReferencePipeline.java:464)
	at org.openqa.selenium.remote.ProtocolHandshake.createSession(ProtocolHandshake.java:128)
	... 43 more
]]>
    </error>
  </testcase> <!-- Step7_ValidateTheForumsDeeplinkAction_AfterKillingTheApp -->
  <testcase name="Step2_HandlePushNotificationFromFrontgound" time="0.000" classname="pushNotificationTescasesDSL.TC006_pushNotification_Forums_DSL">
    <error type="org.openqa.selenium.SessionNotCreatedException" message="Unable to create a new remote session. Please check the server log for more details. Original error: An unknown server-side error occurred while processing the command. Original error: Unable to launch WebDriverAgent because of xcodebuild failure: xcodebuild failed with code 65
xcodebuild error message:

2020-01-05 10:50:10.315 xcodebuild[11324:1129826] Error Domain=com.apple.platform.iphoneos Code=-12 &quot;Unable to launch com.facebook20120300.WebDriverAgentRunner.xctrunner&quot; UserInfo={NSLocalizedDescription=Unable to launch com.facebook20120300.WebDriverAgentRunner.xctrunner, NSUnderlyingError=0x7f91b8551f60 {Error Domain=DTXMessage Code=1 &quot;The operation couldn’t be completed. Unable to launch com.facebook20120300.WebDriverAgentRunner.xctrunner because it has an invalid code signature, inadequate entitlements or its profile has not been explicitly trusted by the user. : Failed to launch process with bundle identifier &#039;com.facebook20120300.WebDriverAgentRunner.xctrunner&#039;&quot; UserInfo={NSLocalizedDescription=The operation couldn’t be completed. Unable to launch com.facebook20120300.WebDriverAgentRunner.xctrunner because it has an invalid code signature, inadequate entitlements or its profile has not been explicitly trusted by the user. : Failed to launch process with bundle identifier &#039;com.facebook20120300.WebDriverAgentRunner.xctrunner&#039;}}}
Test session results, code coverage, and logs:
	/Users/medhatali/Library/Developer/Xcode/DerivedData/WebDriverAgent-ciegwgvxzxdrqthilmrmczmqvrgu/Logs/Test/Test-WebDriverAgentRunner-2020.01.05_10-50-03-+0200.xcresult
Testing started on &#039;iPhone 222&#039;
Testing failed:
	WebDriverAgentRunner:
		WebDriverAgentRunner-Runner.app encountered an error (Failed to install or launch the test runner. (Underlying error: Unable to launch com.facebook20120300.WebDriverAgentRunner.xctrunner. (Underlying error: The operation couldn’t be completed. Unable to launch com.facebook20120300.WebDriverAgentRunner.xctrunner because it has an invalid code signature, inadequate entitlements or its profile has not been explicitly trusted by the user. : Failed to launch process with bundle identifier &#039;com.facebook20120300.WebDriverAgentRunner.xctrunner&#039;)))
** TEST EXECUTE FAILED **. Make sure you follow the tutorial at https://github.com/appium/appium-xcuitest-driver/blob/master/docs/real-device-config.md. Try to remove the WebDriverAgentRunner application from the device if it is installed and reboot the device.
Build info: version: &#039;3.141.59&#039;, revision: &#039;e82be7d358&#039;, time: &#039;2018-11-14T08:17:03&#039;
System info: host: &#039;Medhats-MacBook-Pro.local&#039;, ip: &#039;fe80:0:0:0:10a8:a45e:4002:1a6%en0&#039;, os.name: &#039;Mac OS X&#039;, os.arch: &#039;x86_64&#039;, os.version: &#039;10.14.6&#039;, java.version: &#039;1.8.0_161&#039;
Driver info: driver.version: IOSDriver
remote stacktrace: UnknownError: An unknown server-side error occurred while processing the command. Original error: Unable to launch WebDriverAgent because of xcodebuild failure: xcodebuild failed with code 65
xcodebuild error message:

2020-01-05 10:50:10.315 xcodebuild[11324:1129826] Error Domain=com.apple.platform.iphoneos Code=-12 &quot;Unable to launch com.facebook20120300.WebDriverAgentRunner.xctrunner&quot; UserInfo={NSLocalizedDescription=Unable to launch com.facebook20120300.WebDriverAgentRunner.xctrunner, NSUnderlyingError=0x7f91b8551f60 {Error Domain=DTXMessage Code=1 &quot;The operation couldn’t be completed. Unable to launch com.facebook20120300.WebDriverAgentRunner.xctrunner because it has an invalid code signature, inadequate entitlements or its profile has not been explicitly trusted by the user. : Failed to launch process with bundle identifier &#039;com.facebook20120300.WebDriverAgentRunner.xctrunner&#039;&quot; UserInfo={NSLocalizedDescription=The operation couldn’t be completed. Unable to launch com.facebook20120300.WebDriverAgentRunner.xctrunner because it has an invalid code signature, inadequate entitlements or its profile has not been explicitly trusted by the user. : Failed to launch process with bundle identifier &#039;com.facebook20120300.WebDriverAgentRunner.xctrunner&#039;}}}
Test session results, code coverage, and logs:
	/Users/medhatali/Library/Developer/Xcode/DerivedData/WebDriverAgent-ciegwgvxzxdrqthilmrmczmqvrgu/Logs/Test/Test-WebDriverAgentRunner-2020.01.05_10-50-03-+0200.xcresult
Testing started on &#039;iPhone 222&#039;
Testing failed:
	WebDriverAgentRunner:
		WebDriverAgentRunner-Runner.app encountered an error (Failed to install or launch the test runner. (Underlying error: Unable to launch com.facebook20120300.WebDriverAgentRunner.xctrunner. (Underlying error: The operation couldn’t be completed. Unable to launch com.facebook20120300.WebDriverAgentRunner.xctrunner because it has an invalid code signature, inadequate entitlements or its profile has not been explicitly trusted by the user. : Failed to launch process with bundle identifier &#039;com.facebook20120300.WebDriverAgentRunner.xctrunner&#039;)))
** TEST EXECUTE FAILED **. Make sure you follow the tutorial at https://github.com/appium/appium-xcuitest-driver/blob/master/docs/real-device-config.md. Try to remove the WebDriverAgentRunner application from the device if it is installed and reboot the device.
    at getResponseForW3CError (/usr/local/lib/node_modules/appium/node_modules/appium-base-driver/lib/protocol/errors.js:826:9)
    at asyncHandler (/usr/local/lib/node_modules/appium/node_modules/appium-base-driver/lib/protocol/protocol.js:388:37)
Build info: version: &#039;3.141.59&#039;, revision: &#039;e82be7d358&#039;, time: &#039;2018-11-14T08:17:03&#039;
System info: host: &#039;Medhats-MacBook-Pro.local&#039;, ip: &#039;fe80:0:0:0:10a8:a45e:4002:1a6%en0&#039;, os.name: &#039;Mac OS X&#039;, os.arch: &#039;x86_64&#039;, os.version: &#039;10.14.6&#039;, java.version: &#039;1.8.0_161&#039;
Driver info: driver.version: IOSDriver">
      <![CDATA[org.openqa.selenium.SessionNotCreatedException: Unable to create a new remote session. Please check the server log for more details. Original error: An unknown server-side error occurred while processing the command. Original error: Unable to launch WebDriverAgent because of xcodebuild failure: xcodebuild failed with code 65
xcodebuild error message:

2020-01-05 10:50:10.315 xcodebuild[11324:1129826] Error Domain=com.apple.platform.iphoneos Code=-12 "Unable to launch com.facebook20120300.WebDriverAgentRunner.xctrunner" UserInfo={NSLocalizedDescription=Unable to launch com.facebook20120300.WebDriverAgentRunner.xctrunner, NSUnderlyingError=0x7f91b8551f60 {Error Domain=DTXMessage Code=1 "The operation couldn’t be completed. Unable to launch com.facebook20120300.WebDriverAgentRunner.xctrunner because it has an invalid code signature, inadequate entitlements or its profile has not been explicitly trusted by the user. : Failed to launch process with bundle identifier 'com.facebook20120300.WebDriverAgentRunner.xctrunner'" UserInfo={NSLocalizedDescription=The operation couldn’t be completed. Unable to launch com.facebook20120300.WebDriverAgentRunner.xctrunner because it has an invalid code signature, inadequate entitlements or its profile has not been explicitly trusted by the user. : Failed to launch process with bundle identifier 'com.facebook20120300.WebDriverAgentRunner.xctrunner'}}}
Test session results, code coverage, and logs:
	/Users/medhatali/Library/Developer/Xcode/DerivedData/WebDriverAgent-ciegwgvxzxdrqthilmrmczmqvrgu/Logs/Test/Test-WebDriverAgentRunner-2020.01.05_10-50-03-+0200.xcresult
Testing started on 'iPhone 222'
Testing failed:
	WebDriverAgentRunner:
		WebDriverAgentRunner-Runner.app encountered an error (Failed to install or launch the test runner. (Underlying error: Unable to launch com.facebook20120300.WebDriverAgentRunner.xctrunner. (Underlying error: The operation couldn’t be completed. Unable to launch com.facebook20120300.WebDriverAgentRunner.xctrunner because it has an invalid code signature, inadequate entitlements or its profile has not been explicitly trusted by the user. : Failed to launch process with bundle identifier 'com.facebook20120300.WebDriverAgentRunner.xctrunner')))
** TEST EXECUTE FAILED **. Make sure you follow the tutorial at https://github.com/appium/appium-xcuitest-driver/blob/master/docs/real-device-config.md. Try to remove the WebDriverAgentRunner application from the device if it is installed and reboot the device.
Build info: version: '3.141.59', revision: 'e82be7d358', time: '2018-11-14T08:17:03'
System info: host: 'Medhats-MacBook-Pro.local', ip: 'fe80:0:0:0:10a8:a45e:4002:1a6%en0', os.name: 'Mac OS X', os.arch: 'x86_64', os.version: '10.14.6', java.version: '1.8.0_161'
Driver info: driver.version: IOSDriver
remote stacktrace: UnknownError: An unknown server-side error occurred while processing the command. Original error: Unable to launch WebDriverAgent because of xcodebuild failure: xcodebuild failed with code 65
xcodebuild error message:

2020-01-05 10:50:10.315 xcodebuild[11324:1129826] Error Domain=com.apple.platform.iphoneos Code=-12 "Unable to launch com.facebook20120300.WebDriverAgentRunner.xctrunner" UserInfo={NSLocalizedDescription=Unable to launch com.facebook20120300.WebDriverAgentRunner.xctrunner, NSUnderlyingError=0x7f91b8551f60 {Error Domain=DTXMessage Code=1 "The operation couldn’t be completed. Unable to launch com.facebook20120300.WebDriverAgentRunner.xctrunner because it has an invalid code signature, inadequate entitlements or its profile has not been explicitly trusted by the user. : Failed to launch process with bundle identifier 'com.facebook20120300.WebDriverAgentRunner.xctrunner'" UserInfo={NSLocalizedDescription=The operation couldn’t be completed. Unable to launch com.facebook20120300.WebDriverAgentRunner.xctrunner because it has an invalid code signature, inadequate entitlements or its profile has not been explicitly trusted by the user. : Failed to launch process with bundle identifier 'com.facebook20120300.WebDriverAgentRunner.xctrunner'}}}
Test session results, code coverage, and logs:
	/Users/medhatali/Library/Developer/Xcode/DerivedData/WebDriverAgent-ciegwgvxzxdrqthilmrmczmqvrgu/Logs/Test/Test-WebDriverAgentRunner-2020.01.05_10-50-03-+0200.xcresult
Testing started on 'iPhone 222'
Testing failed:
	WebDriverAgentRunner:
		WebDriverAgentRunner-Runner.app encountered an error (Failed to install or launch the test runner. (Underlying error: Unable to launch com.facebook20120300.WebDriverAgentRunner.xctrunner. (Underlying error: The operation couldn’t be completed. Unable to launch com.facebook20120300.WebDriverAgentRunner.xctrunner because it has an invalid code signature, inadequate entitlements or its profile has not been explicitly trusted by the user. : Failed to launch process with bundle identifier 'com.facebook20120300.WebDriverAgentRunner.xctrunner')))
** TEST EXECUTE FAILED **. Make sure you follow the tutorial at https://github.com/appium/appium-xcuitest-driver/blob/master/docs/real-device-config.md. Try to remove the WebDriverAgentRunner application from the device if it is installed and reboot the device.
    at getResponseForW3CError (/usr/local/lib/node_modules/appium/node_modules/appium-base-driver/lib/protocol/errors.js:826:9)
    at asyncHandler (/usr/local/lib/node_modules/appium/node_modules/appium-base-driver/lib/protocol/protocol.js:388:37)
Build info: version: '3.141.59', revision: 'e82be7d358', time: '2018-11-14T08:17:03'
System info: host: 'Medhats-MacBook-Pro.local', ip: 'fe80:0:0:0:10a8:a45e:4002:1a6%en0', os.name: 'Mac OS X', os.arch: 'x86_64', os.version: '10.14.6', java.version: '1.8.0_161'
Driver info: driver.version: IOSDriver
	at io.appium.java_client.remote.AppiumCommandExecutor$1.createSession(AppiumCommandExecutor.java:208)
	at io.appium.java_client.remote.AppiumCommandExecutor.createSession(AppiumCommandExecutor.java:217)
	at io.appium.java_client.remote.AppiumCommandExecutor.execute(AppiumCommandExecutor.java:239)
	at org.openqa.selenium.remote.RemoteWebDriver.execute(RemoteWebDriver.java:552)
	at io.appium.java_client.DefaultGenericMobileDriver.execute(DefaultGenericMobileDriver.java:41)
	at io.appium.java_client.AppiumDriver.execute(AppiumDriver.java:1)
	at io.appium.java_client.ios.IOSDriver.execute(IOSDriver.java:1)
	at org.openqa.selenium.remote.RemoteWebDriver.startSession(RemoteWebDriver.java:213)
	at io.appium.java_client.AppiumDriver.startSession(AppiumDriver.java:336)
	at org.openqa.selenium.remote.RemoteWebDriver.<init>(RemoteWebDriver.java:131)
	at io.appium.java_client.DefaultGenericMobileDriver.<init>(DefaultGenericMobileDriver.java:37)
	at io.appium.java_client.AppiumDriver.<init>(AppiumDriver.java:88)
	at io.appium.java_client.AppiumDriver.<init>(AppiumDriver.java:98)
	at io.appium.java_client.ios.IOSDriver.<init>(IOSDriver.java:90)
	at testBase.MobileTestBase.baseTest(MobileTestBase.java:33)
	at sun.reflect.NativeMethodAccessorImpl.invoke0(Native Method)
	at sun.reflect.NativeMethodAccessorImpl.invoke(NativeMethodAccessorImpl.java:62)
	at sun.reflect.DelegatingMethodAccessorImpl.invoke(DelegatingMethodAccessorImpl.java:43)
	at java.lang.reflect.Method.invoke(Method.java:498)
	at org.testng.internal.MethodInvocationHelper.invokeMethod(MethodInvocationHelper.java:86)
	at org.testng.internal.Invoker.invokeConfigurationMethod(Invoker.java:514)
	at org.testng.internal.Invoker.invokeConfigurations(Invoker.java:215)
	at org.testng.internal.Invoker.invokeConfigurations(Invoker.java:142)
	at org.testng.internal.TestMethodWorker.invokeBeforeClassMethods(TestMethodWorker.java:178)
	at org.testng.internal.TestMethodWorker.run(TestMethodWorker.java:108)
	at org.testng.TestRunner.privateRun(TestRunner.java:782)
	at org.testng.TestRunner.run(TestRunner.java:632)
	at org.testng.SuiteRunner.runTest(SuiteRunner.java:366)
	at org.testng.SuiteRunner.runSequentially(SuiteRunner.java:361)
	at org.testng.SuiteRunner.privateRun(SuiteRunner.java:319)
	at org.testng.SuiteRunner.run(SuiteRunner.java:268)
	at org.testng.SuiteRunnerWorker.runSuite(SuiteRunnerWorker.java:52)
	at org.testng.SuiteRunnerWorker.run(SuiteRunnerWorker.java:86)
	at org.testng.TestNG.runSuitesSequentially(TestNG.java:1244)
	at org.testng.TestNG.runSuitesLocally(TestNG.java:1169)
	at org.testng.TestNG.run(TestNG.java:1064)
	at org.testng.remote.AbstractRemoteTestNG.run(AbstractRemoteTestNG.java:115)
	at org.testng.remote.RemoteTestNG.initAndRun(RemoteTestNG.java:251)
	at org.testng.remote.RemoteTestNG.main(RemoteTestNG.java:77)
Caused by: java.lang.reflect.InvocationTargetException
	at sun.reflect.NativeMethodAccessorImpl.invoke0(Native Method)
	at sun.reflect.NativeMethodAccessorImpl.invoke(NativeMethodAccessorImpl.java:62)
	at sun.reflect.DelegatingMethodAccessorImpl.invoke(DelegatingMethodAccessorImpl.java:43)
	at java.lang.reflect.Method.invoke(Method.java:498)
	at io.appium.java_client.remote.AppiumCommandExecutor$1.createSession(AppiumCommandExecutor.java:186)
	... 38 more
Caused by: org.openqa.selenium.WebDriverException: An unknown server-side error occurred while processing the command. Original error: Unable to launch WebDriverAgent because of xcodebuild failure: xcodebuild failed with code 65
xcodebuild error message:

2020-01-05 10:50:10.315 xcodebuild[11324:1129826] Error Domain=com.apple.platform.iphoneos Code=-12 "Unable to launch com.facebook20120300.WebDriverAgentRunner.xctrunner" UserInfo={NSLocalizedDescription=Unable to launch com.facebook20120300.WebDriverAgentRunner.xctrunner, NSUnderlyingError=0x7f91b8551f60 {Error Domain=DTXMessage Code=1 "The operation couldn’t be completed. Unable to launch com.facebook20120300.WebDriverAgentRunner.xctrunner because it has an invalid code signature, inadequate entitlements or its profile has not been explicitly trusted by the user. : Failed to launch process with bundle identifier 'com.facebook20120300.WebDriverAgentRunner.xctrunner'" UserInfo={NSLocalizedDescription=The operation couldn’t be completed. Unable to launch com.facebook20120300.WebDriverAgentRunner.xctrunner because it has an invalid code signature, inadequate entitlements or its profile has not been explicitly trusted by the user. : Failed to launch process with bundle identifier 'com.facebook20120300.WebDriverAgentRunner.xctrunner'}}}
Test session results, code coverage, and logs:
	/Users/medhatali/Library/Developer/Xcode/DerivedData/WebDriverAgent-ciegwgvxzxdrqthilmrmczmqvrgu/Logs/Test/Test-WebDriverAgentRunner-2020.01.05_10-50-03-+0200.xcresult
Testing started on 'iPhone 222'
Testing failed:
	WebDriverAgentRunner:
		WebDriverAgentRunner-Runner.app encountered an error (Failed to install or launch the test runner. (Underlying error: Unable to launch com.facebook20120300.WebDriverAgentRunner.xctrunner. (Underlying error: The operation couldn’t be completed. Unable to launch com.facebook20120300.WebDriverAgentRunner.xctrunner because it has an invalid code signature, inadequate entitlements or its profile has not been explicitly trusted by the user. : Failed to launch process with bundle identifier 'com.facebook20120300.WebDriverAgentRunner.xctrunner')))
** TEST EXECUTE FAILED **. Make sure you follow the tutorial at https://github.com/appium/appium-xcuitest-driver/blob/master/docs/real-device-config.md. Try to remove the WebDriverAgentRunner application from the device if it is installed and reboot the device.
Build info: version: '3.141.59', revision: 'e82be7d358', time: '2018-11-14T08:17:03'
System info: host: 'Medhats-MacBook-Pro.local', ip: 'fe80:0:0:0:10a8:a45e:4002:1a6%en0', os.name: 'Mac OS X', os.arch: 'x86_64', os.version: '10.14.6', java.version: '1.8.0_161'
Driver info: driver.version: IOSDriver
remote stacktrace: UnknownError: An unknown server-side error occurred while processing the command. Original error: Unable to launch WebDriverAgent because of xcodebuild failure: xcodebuild failed with code 65
xcodebuild error message:

2020-01-05 10:50:10.315 xcodebuild[11324:1129826] Error Domain=com.apple.platform.iphoneos Code=-12 "Unable to launch com.facebook20120300.WebDriverAgentRunner.xctrunner" UserInfo={NSLocalizedDescription=Unable to launch com.facebook20120300.WebDriverAgentRunner.xctrunner, NSUnderlyingError=0x7f91b8551f60 {Error Domain=DTXMessage Code=1 "The operation couldn’t be completed. Unable to launch com.facebook20120300.WebDriverAgentRunner.xctrunner because it has an invalid code signature, inadequate entitlements or its profile has not been explicitly trusted by the user. : Failed to launch process with bundle identifier 'com.facebook20120300.WebDriverAgentRunner.xctrunner'" UserInfo={NSLocalizedDescription=The operation couldn’t be completed. Unable to launch com.facebook20120300.WebDriverAgentRunner.xctrunner because it has an invalid code signature, inadequate entitlements or its profile has not been explicitly trusted by the user. : Failed to launch process with bundle identifier 'com.facebook20120300.WebDriverAgentRunner.xctrunner'}}}
Test session results, code coverage, and logs:
	/Users/medhatali/Library/Developer/Xcode/DerivedData/WebDriverAgent-ciegwgvxzxdrqthilmrmczmqvrgu/Logs/Test/Test-WebDriverAgentRunner-2020.01.05_10-50-03-+0200.xcresult
Testing started on 'iPhone 222'
Testing failed:
	WebDriverAgentRunner:
		WebDriverAgentRunner-Runner.app encountered an error (Failed to install or launch the test runner. (Underlying error: Unable to launch com.facebook20120300.WebDriverAgentRunner.xctrunner. (Underlying error: The operation couldn’t be completed. Unable to launch com.facebook20120300.WebDriverAgentRunner.xctrunner because it has an invalid code signature, inadequate entitlements or its profile has not been explicitly trusted by the user. : Failed to launch process with bundle identifier 'com.facebook20120300.WebDriverAgentRunner.xctrunner')))
** TEST EXECUTE FAILED **. Make sure you follow the tutorial at https://github.com/appium/appium-xcuitest-driver/blob/master/docs/real-device-config.md. Try to remove the WebDriverAgentRunner application from the device if it is installed and reboot the device.
    at getResponseForW3CError (/usr/local/lib/node_modules/appium/node_modules/appium-base-driver/lib/protocol/errors.js:826:9)
    at asyncHandler (/usr/local/lib/node_modules/appium/node_modules/appium-base-driver/lib/protocol/protocol.js:388:37)
	at sun.reflect.NativeConstructorAccessorImpl.newInstance0(Native Method)
	at sun.reflect.NativeConstructorAccessorImpl.newInstance(NativeConstructorAccessorImpl.java:62)
	at sun.reflect.DelegatingConstructorAccessorImpl.newInstance(DelegatingConstructorAccessorImpl.java:45)
	at java.lang.reflect.Constructor.newInstance(Constructor.java:423)
	at org.openqa.selenium.remote.W3CHandshakeResponse.lambda$errorHandler$0(W3CHandshakeResponse.java:62)
	at org.openqa.selenium.remote.HandshakeResponse.lambda$getResponseFunction$0(HandshakeResponse.java:30)
	at org.openqa.selenium.remote.ProtocolHandshake.lambda$createSession$0(ProtocolHandshake.java:126)
	at java.util.stream.ReferencePipeline$3$1.accept(ReferencePipeline.java:193)
	at java.util.Spliterators$ArraySpliterator.tryAdvance(Spliterators.java:958)
	at java.util.stream.ReferencePipeline.forEachWithCancel(ReferencePipeline.java:126)
	at java.util.stream.AbstractPipeline.copyIntoWithCancel(AbstractPipeline.java:498)
	at java.util.stream.AbstractPipeline.copyInto(AbstractPipeline.java:485)
	at java.util.stream.AbstractPipeline.wrapAndCopyInto(AbstractPipeline.java:471)
	at java.util.stream.FindOps$FindOp.evaluateSequential(FindOps.java:152)
	at java.util.stream.AbstractPipeline.evaluate(AbstractPipeline.java:234)
	at java.util.stream.ReferencePipeline.findFirst(ReferencePipeline.java:464)
	at org.openqa.selenium.remote.ProtocolHandshake.createSession(ProtocolHandshake.java:128)
	... 43 more
]]>
    </error>
  </testcase> <!-- Step2_HandlePushNotificationFromFrontgound -->
  <testcase name="Step6_HandlePushNotificationFromFrontgound_AfterKillingTheApp" time="0.001" classname="pushNotificationTescasesDSL.TC006_pushNotification_Forums_DSL">
    <error type="org.openqa.selenium.SessionNotCreatedException" message="Unable to create a new remote session. Please check the server log for more details. Original error: An unknown server-side error occurred while processing the command. Original error: Unable to launch WebDriverAgent because of xcodebuild failure: xcodebuild failed with code 65
xcodebuild error message:

2020-01-05 10:50:10.315 xcodebuild[11324:1129826] Error Domain=com.apple.platform.iphoneos Code=-12 &quot;Unable to launch com.facebook20120300.WebDriverAgentRunner.xctrunner&quot; UserInfo={NSLocalizedDescription=Unable to launch com.facebook20120300.WebDriverAgentRunner.xctrunner, NSUnderlyingError=0x7f91b8551f60 {Error Domain=DTXMessage Code=1 &quot;The operation couldn’t be completed. Unable to launch com.facebook20120300.WebDriverAgentRunner.xctrunner because it has an invalid code signature, inadequate entitlements or its profile has not been explicitly trusted by the user. : Failed to launch process with bundle identifier &#039;com.facebook20120300.WebDriverAgentRunner.xctrunner&#039;&quot; UserInfo={NSLocalizedDescription=The operation couldn’t be completed. Unable to launch com.facebook20120300.WebDriverAgentRunner.xctrunner because it has an invalid code signature, inadequate entitlements or its profile has not been explicitly trusted by the user. : Failed to launch process with bundle identifier &#039;com.facebook20120300.WebDriverAgentRunner.xctrunner&#039;}}}
Test session results, code coverage, and logs:
	/Users/medhatali/Library/Developer/Xcode/DerivedData/WebDriverAgent-ciegwgvxzxdrqthilmrmczmqvrgu/Logs/Test/Test-WebDriverAgentRunner-2020.01.05_10-50-03-+0200.xcresult
Testing started on &#039;iPhone 222&#039;
Testing failed:
	WebDriverAgentRunner:
		WebDriverAgentRunner-Runner.app encountered an error (Failed to install or launch the test runner. (Underlying error: Unable to launch com.facebook20120300.WebDriverAgentRunner.xctrunner. (Underlying error: The operation couldn’t be completed. Unable to launch com.facebook20120300.WebDriverAgentRunner.xctrunner because it has an invalid code signature, inadequate entitlements or its profile has not been explicitly trusted by the user. : Failed to launch process with bundle identifier &#039;com.facebook20120300.WebDriverAgentRunner.xctrunner&#039;)))
** TEST EXECUTE FAILED **. Make sure you follow the tutorial at https://github.com/appium/appium-xcuitest-driver/blob/master/docs/real-device-config.md. Try to remove the WebDriverAgentRunner application from the device if it is installed and reboot the device.
Build info: version: &#039;3.141.59&#039;, revision: &#039;e82be7d358&#039;, time: &#039;2018-11-14T08:17:03&#039;
System info: host: &#039;Medhats-MacBook-Pro.local&#039;, ip: &#039;fe80:0:0:0:10a8:a45e:4002:1a6%en0&#039;, os.name: &#039;Mac OS X&#039;, os.arch: &#039;x86_64&#039;, os.version: &#039;10.14.6&#039;, java.version: &#039;1.8.0_161&#039;
Driver info: driver.version: IOSDriver
remote stacktrace: UnknownError: An unknown server-side error occurred while processing the command. Original error: Unable to launch WebDriverAgent because of xcodebuild failure: xcodebuild failed with code 65
xcodebuild error message:

2020-01-05 10:50:10.315 xcodebuild[11324:1129826] Error Domain=com.apple.platform.iphoneos Code=-12 &quot;Unable to launch com.facebook20120300.WebDriverAgentRunner.xctrunner&quot; UserInfo={NSLocalizedDescription=Unable to launch com.facebook20120300.WebDriverAgentRunner.xctrunner, NSUnderlyingError=0x7f91b8551f60 {Error Domain=DTXMessage Code=1 &quot;The operation couldn’t be completed. Unable to launch com.facebook20120300.WebDriverAgentRunner.xctrunner because it has an invalid code signature, inadequate entitlements or its profile has not been explicitly trusted by the user. : Failed to launch process with bundle identifier &#039;com.facebook20120300.WebDriverAgentRunner.xctrunner&#039;&quot; UserInfo={NSLocalizedDescription=The operation couldn’t be completed. Unable to launch com.facebook20120300.WebDriverAgentRunner.xctrunner because it has an invalid code signature, inadequate entitlements or its profile has not been explicitly trusted by the user. : Failed to launch process with bundle identifier &#039;com.facebook20120300.WebDriverAgentRunner.xctrunner&#039;}}}
Test session results, code coverage, and logs:
	/Users/medhatali/Library/Developer/Xcode/DerivedData/WebDriverAgent-ciegwgvxzxdrqthilmrmczmqvrgu/Logs/Test/Test-WebDriverAgentRunner-2020.01.05_10-50-03-+0200.xcresult
Testing started on &#039;iPhone 222&#039;
Testing failed:
	WebDriverAgentRunner:
		WebDriverAgentRunner-Runner.app encountered an error (Failed to install or launch the test runner. (Underlying error: Unable to launch com.facebook20120300.WebDriverAgentRunner.xctrunner. (Underlying error: The operation couldn’t be completed. Unable to launch com.facebook20120300.WebDriverAgentRunner.xctrunner because it has an invalid code signature, inadequate entitlements or its profile has not been explicitly trusted by the user. : Failed to launch process with bundle identifier &#039;com.facebook20120300.WebDriverAgentRunner.xctrunner&#039;)))
** TEST EXECUTE FAILED **. Make sure you follow the tutorial at https://github.com/appium/appium-xcuitest-driver/blob/master/docs/real-device-config.md. Try to remove the WebDriverAgentRunner application from the device if it is installed and reboot the device.
    at getResponseForW3CError (/usr/local/lib/node_modules/appium/node_modules/appium-base-driver/lib/protocol/errors.js:826:9)
    at asyncHandler (/usr/local/lib/node_modules/appium/node_modules/appium-base-driver/lib/protocol/protocol.js:388:37)
Build info: version: &#039;3.141.59&#039;, revision: &#039;e82be7d358&#039;, time: &#039;2018-11-14T08:17:03&#039;
System info: host: &#039;Medhats-MacBook-Pro.local&#039;, ip: &#039;fe80:0:0:0:10a8:a45e:4002:1a6%en0&#039;, os.name: &#039;Mac OS X&#039;, os.arch: &#039;x86_64&#039;, os.version: &#039;10.14.6&#039;, java.version: &#039;1.8.0_161&#039;
Driver info: driver.version: IOSDriver">
      <![CDATA[org.openqa.selenium.SessionNotCreatedException: Unable to create a new remote session. Please check the server log for more details. Original error: An unknown server-side error occurred while processing the command. Original error: Unable to launch WebDriverAgent because of xcodebuild failure: xcodebuild failed with code 65
xcodebuild error message:

2020-01-05 10:50:10.315 xcodebuild[11324:1129826] Error Domain=com.apple.platform.iphoneos Code=-12 "Unable to launch com.facebook20120300.WebDriverAgentRunner.xctrunner" UserInfo={NSLocalizedDescription=Unable to launch com.facebook20120300.WebDriverAgentRunner.xctrunner, NSUnderlyingError=0x7f91b8551f60 {Error Domain=DTXMessage Code=1 "The operation couldn’t be completed. Unable to launch com.facebook20120300.WebDriverAgentRunner.xctrunner because it has an invalid code signature, inadequate entitlements or its profile has not been explicitly trusted by the user. : Failed to launch process with bundle identifier 'com.facebook20120300.WebDriverAgentRunner.xctrunner'" UserInfo={NSLocalizedDescription=The operation couldn’t be completed. Unable to launch com.facebook20120300.WebDriverAgentRunner.xctrunner because it has an invalid code signature, inadequate entitlements or its profile has not been explicitly trusted by the user. : Failed to launch process with bundle identifier 'com.facebook20120300.WebDriverAgentRunner.xctrunner'}}}
Test session results, code coverage, and logs:
	/Users/medhatali/Library/Developer/Xcode/DerivedData/WebDriverAgent-ciegwgvxzxdrqthilmrmczmqvrgu/Logs/Test/Test-WebDriverAgentRunner-2020.01.05_10-50-03-+0200.xcresult
Testing started on 'iPhone 222'
Testing failed:
	WebDriverAgentRunner:
		WebDriverAgentRunner-Runner.app encountered an error (Failed to install or launch the test runner. (Underlying error: Unable to launch com.facebook20120300.WebDriverAgentRunner.xctrunner. (Underlying error: The operation couldn’t be completed. Unable to launch com.facebook20120300.WebDriverAgentRunner.xctrunner because it has an invalid code signature, inadequate entitlements or its profile has not been explicitly trusted by the user. : Failed to launch process with bundle identifier 'com.facebook20120300.WebDriverAgentRunner.xctrunner')))
** TEST EXECUTE FAILED **. Make sure you follow the tutorial at https://github.com/appium/appium-xcuitest-driver/blob/master/docs/real-device-config.md. Try to remove the WebDriverAgentRunner application from the device if it is installed and reboot the device.
Build info: version: '3.141.59', revision: 'e82be7d358', time: '2018-11-14T08:17:03'
System info: host: 'Medhats-MacBook-Pro.local', ip: 'fe80:0:0:0:10a8:a45e:4002:1a6%en0', os.name: 'Mac OS X', os.arch: 'x86_64', os.version: '10.14.6', java.version: '1.8.0_161'
Driver info: driver.version: IOSDriver
remote stacktrace: UnknownError: An unknown server-side error occurred while processing the command. Original error: Unable to launch WebDriverAgent because of xcodebuild failure: xcodebuild failed with code 65
xcodebuild error message:

2020-01-05 10:50:10.315 xcodebuild[11324:1129826] Error Domain=com.apple.platform.iphoneos Code=-12 "Unable to launch com.facebook20120300.WebDriverAgentRunner.xctrunner" UserInfo={NSLocalizedDescription=Unable to launch com.facebook20120300.WebDriverAgentRunner.xctrunner, NSUnderlyingError=0x7f91b8551f60 {Error Domain=DTXMessage Code=1 "The operation couldn’t be completed. Unable to launch com.facebook20120300.WebDriverAgentRunner.xctrunner because it has an invalid code signature, inadequate entitlements or its profile has not been explicitly trusted by the user. : Failed to launch process with bundle identifier 'com.facebook20120300.WebDriverAgentRunner.xctrunner'" UserInfo={NSLocalizedDescription=The operation couldn’t be completed. Unable to launch com.facebook20120300.WebDriverAgentRunner.xctrunner because it has an invalid code signature, inadequate entitlements or its profile has not been explicitly trusted by the user. : Failed to launch process with bundle identifier 'com.facebook20120300.WebDriverAgentRunner.xctrunner'}}}
Test session results, code coverage, and logs:
	/Users/medhatali/Library/Developer/Xcode/DerivedData/WebDriverAgent-ciegwgvxzxdrqthilmrmczmqvrgu/Logs/Test/Test-WebDriverAgentRunner-2020.01.05_10-50-03-+0200.xcresult
Testing started on 'iPhone 222'
Testing failed:
	WebDriverAgentRunner:
		WebDriverAgentRunner-Runner.app encountered an error (Failed to install or launch the test runner. (Underlying error: Unable to launch com.facebook20120300.WebDriverAgentRunner.xctrunner. (Underlying error: The operation couldn’t be completed. Unable to launch com.facebook20120300.WebDriverAgentRunner.xctrunner because it has an invalid code signature, inadequate entitlements or its profile has not been explicitly trusted by the user. : Failed to launch process with bundle identifier 'com.facebook20120300.WebDriverAgentRunner.xctrunner')))
** TEST EXECUTE FAILED **. Make sure you follow the tutorial at https://github.com/appium/appium-xcuitest-driver/blob/master/docs/real-device-config.md. Try to remove the WebDriverAgentRunner application from the device if it is installed and reboot the device.
    at getResponseForW3CError (/usr/local/lib/node_modules/appium/node_modules/appium-base-driver/lib/protocol/errors.js:826:9)
    at asyncHandler (/usr/local/lib/node_modules/appium/node_modules/appium-base-driver/lib/protocol/protocol.js:388:37)
Build info: version: '3.141.59', revision: 'e82be7d358', time: '2018-11-14T08:17:03'
System info: host: 'Medhats-MacBook-Pro.local', ip: 'fe80:0:0:0:10a8:a45e:4002:1a6%en0', os.name: 'Mac OS X', os.arch: 'x86_64', os.version: '10.14.6', java.version: '1.8.0_161'
Driver info: driver.version: IOSDriver
	at io.appium.java_client.remote.AppiumCommandExecutor$1.createSession(AppiumCommandExecutor.java:208)
	at io.appium.java_client.remote.AppiumCommandExecutor.createSession(AppiumCommandExecutor.java:217)
	at io.appium.java_client.remote.AppiumCommandExecutor.execute(AppiumCommandExecutor.java:239)
	at org.openqa.selenium.remote.RemoteWebDriver.execute(RemoteWebDriver.java:552)
	at io.appium.java_client.DefaultGenericMobileDriver.execute(DefaultGenericMobileDriver.java:41)
	at io.appium.java_client.AppiumDriver.execute(AppiumDriver.java:1)
	at io.appium.java_client.ios.IOSDriver.execute(IOSDriver.java:1)
	at org.openqa.selenium.remote.RemoteWebDriver.startSession(RemoteWebDriver.java:213)
	at io.appium.java_client.AppiumDriver.startSession(AppiumDriver.java:336)
	at org.openqa.selenium.remote.RemoteWebDriver.<init>(RemoteWebDriver.java:131)
	at io.appium.java_client.DefaultGenericMobileDriver.<init>(DefaultGenericMobileDriver.java:37)
	at io.appium.java_client.AppiumDriver.<init>(AppiumDriver.java:88)
	at io.appium.java_client.AppiumDriver.<init>(AppiumDriver.java:98)
	at io.appium.java_client.ios.IOSDriver.<init>(IOSDriver.java:90)
	at testBase.MobileTestBase.baseTest(MobileTestBase.java:33)
	at sun.reflect.NativeMethodAccessorImpl.invoke0(Native Method)
	at sun.reflect.NativeMethodAccessorImpl.invoke(NativeMethodAccessorImpl.java:62)
	at sun.reflect.DelegatingMethodAccessorImpl.invoke(DelegatingMethodAccessorImpl.java:43)
	at java.lang.reflect.Method.invoke(Method.java:498)
	at org.testng.internal.MethodInvocationHelper.invokeMethod(MethodInvocationHelper.java:86)
	at org.testng.internal.Invoker.invokeConfigurationMethod(Invoker.java:514)
	at org.testng.internal.Invoker.invokeConfigurations(Invoker.java:215)
	at org.testng.internal.Invoker.invokeConfigurations(Invoker.java:142)
	at org.testng.internal.TestMethodWorker.invokeBeforeClassMethods(TestMethodWorker.java:178)
	at org.testng.internal.TestMethodWorker.run(TestMethodWorker.java:108)
	at org.testng.TestRunner.privateRun(TestRunner.java:782)
	at org.testng.TestRunner.run(TestRunner.java:632)
	at org.testng.SuiteRunner.runTest(SuiteRunner.java:366)
	at org.testng.SuiteRunner.runSequentially(SuiteRunner.java:361)
	at org.testng.SuiteRunner.privateRun(SuiteRunner.java:319)
	at org.testng.SuiteRunner.run(SuiteRunner.java:268)
	at org.testng.SuiteRunnerWorker.runSuite(SuiteRunnerWorker.java:52)
	at org.testng.SuiteRunnerWorker.run(SuiteRunnerWorker.java:86)
	at org.testng.TestNG.runSuitesSequentially(TestNG.java:1244)
	at org.testng.TestNG.runSuitesLocally(TestNG.java:1169)
	at org.testng.TestNG.run(TestNG.java:1064)
	at org.testng.remote.AbstractRemoteTestNG.run(AbstractRemoteTestNG.java:115)
	at org.testng.remote.RemoteTestNG.initAndRun(RemoteTestNG.java:251)
	at org.testng.remote.RemoteTestNG.main(RemoteTestNG.java:77)
Caused by: java.lang.reflect.InvocationTargetException
	at sun.reflect.NativeMethodAccessorImpl.invoke0(Native Method)
	at sun.reflect.NativeMethodAccessorImpl.invoke(NativeMethodAccessorImpl.java:62)
	at sun.reflect.DelegatingMethodAccessorImpl.invoke(DelegatingMethodAccessorImpl.java:43)
	at java.lang.reflect.Method.invoke(Method.java:498)
	at io.appium.java_client.remote.AppiumCommandExecutor$1.createSession(AppiumCommandExecutor.java:186)
	... 38 more
Caused by: org.openqa.selenium.WebDriverException: An unknown server-side error occurred while processing the command. Original error: Unable to launch WebDriverAgent because of xcodebuild failure: xcodebuild failed with code 65
xcodebuild error message:

2020-01-05 10:50:10.315 xcodebuild[11324:1129826] Error Domain=com.apple.platform.iphoneos Code=-12 "Unable to launch com.facebook20120300.WebDriverAgentRunner.xctrunner" UserInfo={NSLocalizedDescription=Unable to launch com.facebook20120300.WebDriverAgentRunner.xctrunner, NSUnderlyingError=0x7f91b8551f60 {Error Domain=DTXMessage Code=1 "The operation couldn’t be completed. Unable to launch com.facebook20120300.WebDriverAgentRunner.xctrunner because it has an invalid code signature, inadequate entitlements or its profile has not been explicitly trusted by the user. : Failed to launch process with bundle identifier 'com.facebook20120300.WebDriverAgentRunner.xctrunner'" UserInfo={NSLocalizedDescription=The operation couldn’t be completed. Unable to launch com.facebook20120300.WebDriverAgentRunner.xctrunner because it has an invalid code signature, inadequate entitlements or its profile has not been explicitly trusted by the user. : Failed to launch process with bundle identifier 'com.facebook20120300.WebDriverAgentRunner.xctrunner'}}}
Test session results, code coverage, and logs:
	/Users/medhatali/Library/Developer/Xcode/DerivedData/WebDriverAgent-ciegwgvxzxdrqthilmrmczmqvrgu/Logs/Test/Test-WebDriverAgentRunner-2020.01.05_10-50-03-+0200.xcresult
Testing started on 'iPhone 222'
Testing failed:
	WebDriverAgentRunner:
		WebDriverAgentRunner-Runner.app encountered an error (Failed to install or launch the test runner. (Underlying error: Unable to launch com.facebook20120300.WebDriverAgentRunner.xctrunner. (Underlying error: The operation couldn’t be completed. Unable to launch com.facebook20120300.WebDriverAgentRunner.xctrunner because it has an invalid code signature, inadequate entitlements or its profile has not been explicitly trusted by the user. : Failed to launch process with bundle identifier 'com.facebook20120300.WebDriverAgentRunner.xctrunner')))
** TEST EXECUTE FAILED **. Make sure you follow the tutorial at https://github.com/appium/appium-xcuitest-driver/blob/master/docs/real-device-config.md. Try to remove the WebDriverAgentRunner application from the device if it is installed and reboot the device.
Build info: version: '3.141.59', revision: 'e82be7d358', time: '2018-11-14T08:17:03'
System info: host: 'Medhats-MacBook-Pro.local', ip: 'fe80:0:0:0:10a8:a45e:4002:1a6%en0', os.name: 'Mac OS X', os.arch: 'x86_64', os.version: '10.14.6', java.version: '1.8.0_161'
Driver info: driver.version: IOSDriver
remote stacktrace: UnknownError: An unknown server-side error occurred while processing the command. Original error: Unable to launch WebDriverAgent because of xcodebuild failure: xcodebuild failed with code 65
xcodebuild error message:

2020-01-05 10:50:10.315 xcodebuild[11324:1129826] Error Domain=com.apple.platform.iphoneos Code=-12 "Unable to launch com.facebook20120300.WebDriverAgentRunner.xctrunner" UserInfo={NSLocalizedDescription=Unable to launch com.facebook20120300.WebDriverAgentRunner.xctrunner, NSUnderlyingError=0x7f91b8551f60 {Error Domain=DTXMessage Code=1 "The operation couldn’t be completed. Unable to launch com.facebook20120300.WebDriverAgentRunner.xctrunner because it has an invalid code signature, inadequate entitlements or its profile has not been explicitly trusted by the user. : Failed to launch process with bundle identifier 'com.facebook20120300.WebDriverAgentRunner.xctrunner'" UserInfo={NSLocalizedDescription=The operation couldn’t be completed. Unable to launch com.facebook20120300.WebDriverAgentRunner.xctrunner because it has an invalid code signature, inadequate entitlements or its profile has not been explicitly trusted by the user. : Failed to launch process with bundle identifier 'com.facebook20120300.WebDriverAgentRunner.xctrunner'}}}
Test session results, code coverage, and logs:
	/Users/medhatali/Library/Developer/Xcode/DerivedData/WebDriverAgent-ciegwgvxzxdrqthilmrmczmqvrgu/Logs/Test/Test-WebDriverAgentRunner-2020.01.05_10-50-03-+0200.xcresult
Testing started on 'iPhone 222'
Testing failed:
	WebDriverAgentRunner:
		WebDriverAgentRunner-Runner.app encountered an error (Failed to install or launch the test runner. (Underlying error: Unable to launch com.facebook20120300.WebDriverAgentRunner.xctrunner. (Underlying error: The operation couldn’t be completed. Unable to launch com.facebook20120300.WebDriverAgentRunner.xctrunner because it has an invalid code signature, inadequate entitlements or its profile has not been explicitly trusted by the user. : Failed to launch process with bundle identifier 'com.facebook20120300.WebDriverAgentRunner.xctrunner')))
** TEST EXECUTE FAILED **. Make sure you follow the tutorial at https://github.com/appium/appium-xcuitest-driver/blob/master/docs/real-device-config.md. Try to remove the WebDriverAgentRunner application from the device if it is installed and reboot the device.
    at getResponseForW3CError (/usr/local/lib/node_modules/appium/node_modules/appium-base-driver/lib/protocol/errors.js:826:9)
    at asyncHandler (/usr/local/lib/node_modules/appium/node_modules/appium-base-driver/lib/protocol/protocol.js:388:37)
	at sun.reflect.NativeConstructorAccessorImpl.newInstance0(Native Method)
	at sun.reflect.NativeConstructorAccessorImpl.newInstance(NativeConstructorAccessorImpl.java:62)
	at sun.reflect.DelegatingConstructorAccessorImpl.newInstance(DelegatingConstructorAccessorImpl.java:45)
	at java.lang.reflect.Constructor.newInstance(Constructor.java:423)
	at org.openqa.selenium.remote.W3CHandshakeResponse.lambda$errorHandler$0(W3CHandshakeResponse.java:62)
	at org.openqa.selenium.remote.HandshakeResponse.lambda$getResponseFunction$0(HandshakeResponse.java:30)
	at org.openqa.selenium.remote.ProtocolHandshake.lambda$createSession$0(ProtocolHandshake.java:126)
	at java.util.stream.ReferencePipeline$3$1.accept(ReferencePipeline.java:193)
	at java.util.Spliterators$ArraySpliterator.tryAdvance(Spliterators.java:958)
	at java.util.stream.ReferencePipeline.forEachWithCancel(ReferencePipeline.java:126)
	at java.util.stream.AbstractPipeline.copyIntoWithCancel(AbstractPipeline.java:498)
	at java.util.stream.AbstractPipeline.copyInto(AbstractPipeline.java:485)
	at java.util.stream.AbstractPipeline.wrapAndCopyInto(AbstractPipeline.java:471)
	at java.util.stream.FindOps$FindOp.evaluateSequential(FindOps.java:152)
	at java.util.stream.AbstractPipeline.evaluate(AbstractPipeline.java:234)
	at java.util.stream.ReferencePipeline.findFirst(ReferencePipeline.java:464)
	at org.openqa.selenium.remote.ProtocolHandshake.createSession(ProtocolHandshake.java:128)
	... 43 more
]]>
    </error>
  </testcase> <!-- Step6_HandlePushNotificationFromFrontgound_AfterKillingTheApp -->
</testsuite> <!-- pushNotificationTescasesDSL.TC006_pushNotification_Forums_DSL -->
